TN:
SF:src\configs.ts
FN:14,(anonymous_0)
FN:94,rules
FN:95,(anonymous_2)
FNF:3
FNH:3
FNDA:222,(anonymous_0)
FNDA:3108,rules
FNDA:48840,(anonymous_2)
DA:1,222
DA:3,222
DA:4,222
DA:5,222
DA:6,222
DA:7,222
DA:8,222
DA:9,222
DA:10,222
DA:11,222
DA:12,222
DA:14,222
DA:15,222
DA:62,222
DA:95,48840
LF:15
LH:15
BRF:0
BRH:0
end_of_record
TN:
SF:src\index.ts
FN:2,(anonymous_0)
FN:3,(anonymous_1)
FNF:2
FNH:2
FNDA:1,(anonymous_0)
FNDA:220,(anonymous_1)
DA:1,222
DA:2,223
DA:3,442
LF:3
LH:3
BRF:0
BRH:0
end_of_record
TN:
SF:src\rules.core.ts
FNF:0
FNH:0
DA:1,222
DA:2,222
DA:3,222
DA:4,222
DA:5,222
DA:6,222
DA:7,222
DA:8,222
DA:9,222
DA:10,222
DA:12,222
LF:11
LH:11
BRF:0
BRH:0
end_of_record
TN:
SF:src\rules.ts
FNF:0
FNH:0
DA:1,222
DA:2,222
DA:4,222
LF:3
LH:3
BRF:0
BRH:0
end_of_record
TN:
SF:src\core\class-match-filename.ts
FNF:0
FNH:0
DA:1,222
DA:2,222
DA:4,222
LF:3
LH:3
BRF:0
BRH:0
end_of_record
TN:
SF:src\core\consistent-source-extension.ts
FNF:0
FNH:0
DA:1,222
DA:2,222
DA:4,222
LF:3
LH:3
BRF:0
BRH:0
end_of_record
TN:
SF:src\core\consistent-symbol-description.ts
FNF:0
FNH:0
DA:1,222
DA:2,222
DA:4,222
LF:3
LH:3
BRF:0
BRH:0
end_of_record
TN:
SF:src\core\index.ts
FNF:0
FNH:0
DA:1,222
DA:2,222
DA:3,222
DA:4,222
DA:5,222
DA:6,222
DA:7,222
DA:8,222
DA:9,222
DA:10,222
DA:11,222
DA:12,222
DA:13,222
DA:14,222
DA:15,222
DA:16,222
DA:17,222
DA:18,222
DA:19,222
DA:20,222
DA:21,222
DA:22,222
DA:23,222
DA:24,222
DA:25,222
DA:27,222
LF:26
LH:26
BRF:0
BRH:0
end_of_record
TN:
SF:src\core\max-identifier-blocks.ts
FN:5,(anonymous_0)
FNF:1
FNH:1
FNDA:222,(anonymous_0)
DA:1,222
DA:2,222
DA:3,222
DA:5,222
DA:6,222
DA:8,222
LF:6
LH:6
BRF:0
BRH:0
end_of_record
TN:
SF:src\core\no-at-sign-import.ts
FNF:0
FNH:0
DA:1,222
DA:2,222
DA:4,222
LF:3
LH:3
BRF:0
BRH:0
end_of_record
TN:
SF:src\core\no-at-sign-internal-import.ts
FNF:0
FNH:0
DA:1,222
DA:2,222
DA:5,222
LF:3
LH:3
BRF:0
BRH:0
end_of_record
TN:
SF:src\core\no-chain-coalescence-mixture.ts
FNF:0
FNH:0
DA:1,222
DA:2,222
DA:4,222
LF:3
LH:3
BRF:0
BRH:0
end_of_record
TN:
SF:src\core\no-index-import.ts
FNF:0
FNH:0
DA:1,222
DA:2,222
DA:4,222
LF:3
LH:3
BRF:0
BRH:0
end_of_record
TN:
SF:src\core\no-internal-modules.ts
FNF:0
FNH:0
DA:1,222
DA:2,222
DA:4,222
LF:3
LH:3
BRF:0
BRH:0
end_of_record
TN:
SF:src\core\no-language-mixing.ts
FN:5,(anonymous_0)
FNF:1
FNH:1
FNDA:222,(anonymous_0)
DA:1,222
DA:2,222
DA:3,222
DA:5,222
DA:6,222
DA:8,222
DA:10,222
DA:12,222
DA:14,222
LF:9
LH:9
BRF:0
BRH:0
end_of_record
TN:
SF:src\core\no-negated-conditions.ts
FNF:0
FNH:0
DA:1,222
DA:2,222
DA:4,222
LF:3
LH:3
BRF:0
BRH:0
end_of_record
TN:
SF:src\core\no-nodejs-modules.ts
FNF:0
FNH:0
DA:1,222
DA:2,222
DA:4,222
LF:3
LH:3
BRF:0
BRH:0
end_of_record
TN:
SF:src\core\no-param-reassign.ts
FNF:0
FNH:0
DA:1,222
DA:2,222
DA:4,222
LF:3
LH:3
BRF:0
BRH:0
end_of_record
TN:
SF:src\core\no-relative-parent-import.ts
FNF:0
FNH:0
DA:1,222
DA:2,222
DA:4,222
LF:3
LH:3
BRF:0
BRH:0
end_of_record
TN:
SF:src\core\no-shadow.ts
FNF:0
FNH:0
DA:1,222
DA:2,222
DA:4,222
LF:3
LH:3
BRF:0
BRH:0
end_of_record
TN:
SF:src\core\no-underscore-export.ts
FNF:0
FNH:0
DA:1,222
DA:2,222
DA:4,222
LF:3
LH:3
BRF:0
BRH:0
end_of_record
TN:
SF:src\core\no-unnecessary-as-const.ts
FNF:0
FNH:0
DA:1,222
DA:2,222
DA:4,222
LF:3
LH:3
BRF:0
BRH:0
end_of_record
TN:
SF:src\core\no-unnecessary-break.ts
FNF:0
FNH:0
DA:1,222
DA:2,222
DA:4,222
LF:3
LH:3
BRF:0
BRH:0
end_of_record
TN:
SF:src\core\no-unnecessary-initialization.ts
FNF:0
FNH:0
DA:1,222
DA:2,222
DA:4,222
LF:3
LH:3
BRF:0
BRH:0
end_of_record
TN:
SF:src\core\prefer-arrow-function-property.ts
FNF:0
FNH:0
DA:1,222
DA:2,222
DA:4,222
LF:3
LH:3
BRF:0
BRH:0
end_of_record
TN:
SF:src\core\prefer-const-require.ts
FNF:0
FNH:0
DA:1,222
DA:2,222
DA:4,222
LF:3
LH:3
BRF:0
BRH:0
end_of_record
TN:
SF:src\core\restrict-identifier-characters.ts
FNF:0
FNH:0
DA:1,222
DA:2,222
DA:4,222
LF:3
LH:3
BRF:0
BRH:0
end_of_record
TN:
SF:src\core\sort-call-signature.ts
FNF:0
FNH:0
DA:1,222
DA:2,222
DA:4,222
LF:3
LH:3
BRF:0
BRH:0
end_of_record
TN:
SF:src\core\sort-construct-signature.ts
FNF:0
FNH:0
DA:1,222
DA:2,222
DA:4,222
LF:3
LH:3
BRF:0
BRH:0
end_of_record
TN:
SF:src\core\base\comment-spacing.ts
FN:9,(anonymous_0)
FN:52,(anonymous_1)
FN:53,(anonymous_2)
FN:72,(anonymous_3)
FN:92,isMultiline
FNF:5
FNH:5
FNDA:222,(anonymous_0)
FNDA:7,(anonymous_1)
FNDA:22,(anonymous_2)
FNDA:8,(anonymous_3)
FNDA:34,isMultiline
DA:1,222
DA:7,222
DA:9,222
DA:10,222
DA:11,222
DA:14,222
DA:52,7
DA:56,22
DA:57,17
DA:59,17
DA:61,17
DA:63,17
DA:66,17
DA:68,17
DA:71,8
DA:72,8
DA:93,34
DA:95,34
LF:18
LH:18
BRDA:9,0,0,222
BRDA:9,0,1,222
BRDA:61,1,0,17
BRDA:61,1,1,8
BRDA:66,2,0,4
BRDA:66,2,1,13
BRDA:68,3,0,9
BRDA:68,3,1,8
BRDA:77,4,0,2
BRDA:77,4,1,6
BRDA:95,5,0,34
BRDA:95,5,1,19
BRF:12
BRH:12
end_of_record
TN:
SF:src\core\base\consistent-empty-lines.ts
FN:19,(anonymous_0)
FN:26,(anonymous_1)
FN:31,(anonymous_2)
FN:106,(anonymous_3)
FN:112,(anonymous_4)
FN:123,(anonymous_5)
FN:128,(anonymous_6)
FN:135,(anonymous_7)
FN:143,(anonymous_8)
FN:164,(anonymous_9)
FN:198,(anonymous_10)
FN:219,reverseCompare
FNF:12
FNH:12
FNDA:222,(anonymous_0)
FNDA:222,(anonymous_1)
FNDA:222,(anonymous_2)
FNDA:11,(anonymous_3)
FNDA:15,(anonymous_4)
FNDA:52,(anonymous_5)
FNDA:52,(anonymous_6)
FNDA:11,(anonymous_7)
FNDA:11,(anonymous_8)
FNDA:23,(anonymous_9)
FNDA:10,(anonymous_10)
FNDA:130,reverseCompare
DA:1,222
DA:2,222
DA:7,222
DA:19,222
DA:20,222
DA:21,222
DA:22,222
DA:23,222
DA:26,222
DA:27,222
DA:28,222
DA:31,222
DA:32,222
DA:34,222
DA:43,222
DA:107,11
DA:109,11
DA:111,11
DA:113,15
DA:117,15
DA:121,15
DA:124,52
DA:129,52
DA:137,11
DA:139,11
DA:141,11
DA:144,11
DA:145,52
DA:146,290
DA:150,35
DA:156,11
DA:157,27
DA:159,27
DA:161,27
DA:164,23
DA:165,23
DA:167,8
DA:170,8
DA:176,7
DA:180,23
DA:184,23
DA:186,23
DA:188,23
DA:190,22
DA:193,22
DA:196,10
DA:198,10
DA:220,130
LF:48
LH:48
BRDA:19,0,0,222
BRDA:19,0,1,222
BRDA:26,1,0,222
BRDA:26,1,1,222
BRDA:114,2,0,9
BRDA:114,2,1,6
BRDA:118,3,0,9
BRDA:118,3,1,6
BRDA:146,4,0,35
BRDA:147,5,0,290
BRDA:147,5,1,194
BRDA:161,6,0,4
BRDA:161,6,1,23
BRDA:165,7,0,8
BRDA:165,7,1,8
BRDA:165,7,2,7
BRDA:171,8,0,8
BRDA:171,8,1,6
BRDA:180,9,0,12
BRDA:180,9,1,11
BRDA:188,10,0,22
BRDA:190,11,0,12
BRDA:190,11,1,10
BRDA:193,12,0,12
BRDA:193,12,1,10
BRF:25
BRH:25
end_of_record
TN:
SF:src\core\base\consistent-enum-members.ts
FN:5,(anonymous_0)
FN:27,(anonymous_1)
FN:28,(anonymous_2)
FNF:3
FNH:3
FNDA:222,(anonymous_0)
FNDA:1,(anonymous_1)
FNDA:3,(anonymous_2)
DA:1,222
DA:2,222
DA:5,222
DA:6,222
DA:9,222
DA:27,1
DA:29,3
DA:35,2
LF:8
LH:8
BRDA:5,0,0,222
BRDA:5,0,1,222
BRDA:29,1,0,2
BRDA:30,2,0,3
BRDA:30,2,1,3
BRDA:30,2,2,3
BRDA:30,2,3,3
BRF:7
BRH:7
end_of_record
TN:
SF:src\core\base\consistent-filename.ts
FN:19,(anonymous_0)
FN:97,(anonymous_1)
FN:101,(anonymous_2)
FN:105,(anonymous_3)
FN:111,(anonymous_4)
FN:148,getExpected
FN:156,(anonymous_6)
FNF:7
FNH:7
FNDA:222,(anonymous_0)
FNDA:12,(anonymous_1)
FNDA:8,(anonymous_2)
FNDA:8,(anonymous_3)
FNDA:12,(anonymous_4)
FNDA:12,getExpected
FNDA:28,(anonymous_6)
DA:1,222
DA:2,222
DA:6,222
DA:19,222
DA:20,222
DA:21,222
DA:24,222
DA:98,12
DA:100,12
DA:102,8
DA:104,8
DA:106,8
DA:112,12
DA:114,12
DA:115,7
DA:117,7
DA:122,7
DA:124,7
DA:127,4
DA:133,5
DA:135,5
DA:138,3
DA:154,12
DA:157,28
DA:158,12
DA:163,16
LF:26
LH:26
BRDA:19,0,0,222
BRDA:19,0,1,222
BRDA:114,1,0,7
BRDA:114,1,1,5
BRDA:124,2,0,3
BRDA:124,2,1,4
BRDA:135,3,0,2
BRDA:135,3,1,3
BRDA:151,4,0,5
BRDA:157,5,0,12
BRDA:159,6,0,3
BRDA:159,6,1,9
BRF:12
BRH:12
end_of_record
TN:
SF:src\core\base\consistent-import.ts
FN:24,(anonymous_0)
FN:129,(anonymous_1)
FN:139,(anonymous_2)
FN:142,(anonymous_3)
FN:169,(anonymous_4)
FN:186,(anonymous_5)
FN:202,(anonymous_6)
FN:205,(anonymous_7)
FN:209,(anonymous_8)
FN:214,expectedLocalName
FN:223,findSuboptions
FN:224,(anonymous_11)
FN:235,lintAutoImport
FN:237,(anonymous_13)
FN:246,(anonymous_14)
FN:267,(anonymous_15)
FN:280,lintConsistentImport
FN:290,(anonymous_17)
FN:295,(anonymous_18)
FNF:19
FNH:19
FNDA:222,(anonymous_0)
FNDA:22,(anonymous_1)
FNDA:42,(anonymous_2)
FNDA:4,(anonymous_3)
FNDA:4,(anonymous_4)
FNDA:3,(anonymous_5)
FNDA:32,(anonymous_6)
FNDA:22,(anonymous_7)
FNDA:2,(anonymous_8)
FNDA:4,expectedLocalName
FNDA:40,findSuboptions
FNDA:82,(anonymous_11)
FNDA:22,lintAutoImport
FNDA:50,(anonymous_13)
FNDA:30,(anonymous_14)
FNDA:3,(anonymous_15)
FNDA:22,lintConsistentImport
FNDA:25,(anonymous_17)
FNDA:23,(anonymous_18)
DA:1,222
DA:2,222
DA:8,222
DA:10,222
DA:11,222
DA:24,222
DA:25,222
DA:26,222
DA:27,222
DA:28,222
DA:31,222
DA:130,22
DA:133,22
DA:135,22
DA:137,22
DA:140,42
DA:143,4
DA:144,4
DA:146,4
DA:148,4
DA:149,4
DA:151,4
DA:152,3
DA:155,1
DA:161,1
DA:170,4
DA:171,4
DA:173,4
DA:175,4
DA:176,4
DA:178,4
DA:179,1
DA:185,3
DA:186,3
DA:189,3
DA:190,2
DA:193,1
DA:203,32
DA:206,22
DA:207,22
DA:210,2
DA:218,4
DA:224,40
DA:225,82
DA:230,40
DA:236,22
DA:238,50
DA:244,50
DA:247,30
DA:248,6
DA:253,6
DA:258,24
DA:265,22
DA:266,3
DA:268,3
DA:270,3
DA:281,22
DA:282,32
DA:284,32
DA:286,32
DA:287,23
DA:289,23
DA:291,25
DA:294,23
DA:296,23
DA:299,23
DA:300,16
DA:301,9
DA:303,3
DA:309,2
DA:322,7
DA:328,7
DA:329,6
DA:331,3
DA:337,2
DA:350,7
DA:351,1
LF:77
LH:77
BRDA:24,0,0,222
BRDA:24,0,1,222
BRDA:143,1,0,4
BRDA:148,2,0,4
BRDA:151,3,0,3
BRDA:151,3,1,1
BRDA:152,4,0,2
BRDA:152,4,1,1
BRDA:170,5,0,4
BRDA:175,6,0,4
BRDA:178,7,0,1
BRDA:178,7,1,3
BRDA:189,8,0,2
BRDA:190,9,0,1
BRDA:190,9,1,1
BRDA:218,10,0,2
BRDA:218,10,1,2
BRDA:218,11,0,4
BRDA:218,11,1,2
BRDA:225,12,0,1
BRDA:225,12,1,81
BRDA:225,13,0,82
BRDA:225,13,1,82
BRDA:230,14,0,31
BRDA:230,14,1,9
BRDA:244,15,0,18
BRDA:244,15,1,32
BRDA:247,16,0,6
BRDA:253,17,0,4
BRDA:253,17,1,2
BRDA:265,18,0,3
BRDA:286,19,0,23
BRDA:299,20,0,16
BRDA:299,20,1,7
BRDA:300,21,0,9
BRDA:300,21,1,7
BRDA:301,22,0,6
BRDA:301,22,1,3
BRDA:303,23,0,1
BRDA:303,23,1,2
BRDA:304,24,0,3
BRDA:304,24,1,2
BRDA:328,25,0,6
BRDA:329,26,0,3
BRDA:329,26,1,3
BRDA:331,27,0,1
BRDA:331,27,1,2
BRDA:332,28,0,3
BRDA:332,28,1,2
BRDA:350,29,0,1
BRF:50
BRH:50
end_of_record
TN:
SF:src\core\base\consistent-optional-props.ts
FN:20,(anonymous_0)
FN:29,(anonymous_1)
FN:35,(anonymous_2)
FN:113,(anonymous_3)
FN:116,(anonymous_4)
FN:132,getPropertyName
FN:138,(anonymous_6)
FN:141,lintClass
FN:154,lintInterface
FN:162,lintProperty
FN:173,(anonymous_10)
FN:193,(anonymous_11)
FN:199,(anonymous_12)
FN:206,(anonymous_13)
FN:222,(anonymous_14)
FNF:15
FNH:15
FNDA:222,(anonymous_0)
FNDA:222,(anonymous_1)
FNDA:222,(anonymous_2)
FNDA:13,(anonymous_3)
FNDA:14,(anonymous_4)
FNDA:45,getPropertyName
FNDA:1,(anonymous_6)
FNDA:14,lintClass
FNDA:14,lintInterface
FNDA:59,lintProperty
FNDA:59,(anonymous_10)
FNDA:45,(anonymous_11)
FNDA:25,(anonymous_12)
FNDA:45,(anonymous_13)
FNDA:29,(anonymous_14)
DA:1,222
DA:2,222
DA:3,222
DA:20,222
DA:21,222
DA:22,222
DA:23,222
DA:24,222
DA:25,222
DA:26,222
DA:29,222
DA:30,222
DA:31,222
DA:32,222
DA:35,222
DA:36,222
DA:37,222
DA:40,222
DA:42,222
DA:44,222
DA:114,13
DA:117,14
DA:119,14
DA:121,14
DA:123,14
DA:126,13
DA:138,45
DA:144,14
DA:146,14
DA:147,30
DA:151,29
DA:155,14
DA:157,14
DA:158,31
DA:159,30
DA:170,59
DA:171,59
DA:173,59
DA:174,59
DA:176,59
DA:181,59
DA:183,59
DA:185,53
DA:187,37
DA:189,14
DA:192,59
DA:193,45
DA:194,45
DA:196,45
DA:198,45
DA:200,25
DA:206,45
DA:207,45
DA:209,45
DA:216,45
DA:217,37
DA:220,29
DA:223,29
DA:225,9
DA:230,9
DA:235,11
DA:248,222
DA:253,222
LF:63
LH:63
BRDA:20,0,0,222
BRDA:20,0,1,222
BRDA:29,1,0,222
BRDA:29,1,1,222
BRDA:35,2,0,222
BRDA:35,2,1,222
BRDA:144,3,0,12
BRDA:144,3,1,2
BRDA:147,4,0,29
BRDA:148,5,0,30
BRDA:148,5,1,1
BRDA:158,6,0,30
BRDA:170,7,0,59
BRDA:181,8,0,29
BRDA:181,8,1,30
BRDA:181,9,0,59
BRDA:181,9,1,59
BRDA:183,10,0,6
BRDA:183,11,0,59
BRDA:183,11,1,22
BRDA:185,12,0,16
BRDA:187,13,0,23
BRDA:192,14,0,45
BRDA:200,15,0,25
BRDA:200,15,1,25
BRDA:200,15,2,19
BRDA:207,16,0,12
BRDA:207,16,1,33
BRDA:209,17,0,8
BRDA:209,17,1,37
BRDA:209,18,0,45
BRDA:209,18,1,12
BRDA:209,18,2,12
BRDA:216,19,0,37
BRDA:217,20,0,8
BRDA:217,20,1,29
BRDA:221,21,0,12
BRDA:221,21,1,17
BRDA:223,22,0,9
BRDA:223,22,1,9
BRDA:223,22,2,11
BRDA:225,23,0,5
BRDA:225,23,1,4
BRDA:230,24,0,5
BRDA:230,24,1,4
BRDA:235,25,0,2
BRDA:235,25,1,9
BRF:47
BRH:47
end_of_record
TN:
SF:src\core\base\disallow-import.ts
FN:10,(anonymous_0)
FN:55,(anonymous_1)
FN:60,(anonymous_2)
FNF:3
FNH:3
FNDA:222,(anonymous_0)
FNDA:13,(anonymous_1)
FNDA:49,(anonymous_2)
DA:1,222
DA:2,222
DA:3,222
DA:10,222
DA:11,222
DA:14,222
DA:56,13
DA:60,13
DA:61,49
DA:62,29
LF:10
LH:10
BRDA:10,0,0,222
BRDA:10,0,1,222
BRDA:61,1,0,29
BRF:3
BRH:3
end_of_record
TN:
SF:src\core\base\export-matching-filename-only.ts
FN:4,(anonymous_0)
FN:24,(anonymous_1)
FN:26,(anonymous_2)
FN:30,(anonymous_3)
FNF:4
FNH:4
FNDA:222,(anonymous_0)
FNDA:10,(anonymous_1)
FNDA:10,(anonymous_2)
FNDA:12,(anonymous_3)
DA:1,222
DA:2,222
DA:4,222
DA:5,222
DA:8,222
DA:25,10
DA:27,10
DA:29,10
DA:31,12
DA:35,10
DA:36,4
DA:37,6
LF:12
LH:12
BRDA:4,0,0,222
BRDA:4,0,1,222
BRDA:35,1,0,4
BRDA:35,2,0,10
BRDA:35,2,1,6
BRF:5
BRH:5
end_of_record
TN:
SF:src\core\base\index.ts
FNF:0
FNH:0
DA:1,222
DA:2,222
DA:3,222
DA:4,222
DA:5,222
DA:6,222
DA:7,222
DA:8,222
DA:9,222
DA:10,222
DA:11,222
DA:12,222
DA:13,222
DA:14,222
DA:15,222
DA:16,222
DA:17,222
DA:18,222
DA:19,222
DA:20,222
DA:21,222
DA:22,222
DA:23,222
DA:24,222
DA:25,222
DA:26,222
DA:27,222
DA:29,222
LF:28
LH:28
BRF:0
BRH:0
end_of_record
TN:
SF:src\core\base\match-filename.ts
FN:13,(anonymous_0)
FN:63,(anonymous_1)
FN:69,(anonymous_2)
FNF:3
FNH:3
FNDA:222,(anonymous_0)
FNDA:6,(anonymous_1)
FNDA:9,(anonymous_2)
DA:1,222
DA:4,222
DA:13,222
DA:14,222
DA:17,222
DA:64,6
DA:66,6
DA:68,6
DA:70,9
DA:73,9
DA:75,9
DA:78,4
LF:12
LH:12
BRDA:13,0,0,222
BRDA:13,0,1,222
BRDA:75,1,0,5
BRDA:75,1,1,4
BRF:4
BRH:4
end_of_record
TN:
SF:src\core\base\no-expression-empty-lines.ts
FN:8,(anonymous_0)
FN:32,(anonymous_1)
FN:33,(anonymous_2)
FN:45,(anonymous_3)
FNF:4
FNH:4
FNDA:222,(anonymous_0)
FNDA:4,(anonymous_1)
FNDA:8,(anonymous_2)
FNDA:2,(anonymous_3)
DA:1,222
DA:6,222
DA:8,222
DA:9,222
DA:12,222
DA:32,4
DA:34,8
DA:36,8
DA:38,8
DA:39,6
DA:41,6
DA:44,2
DA:45,2
LF:13
LH:13
BRDA:8,0,0,222
BRDA:8,0,1,222
BRDA:38,1,0,6
BRDA:41,2,0,4
BRDA:41,2,1,2
BRF:5
BRH:5
end_of_record
TN:
SF:src\core\base\no-restricted-syntax.ts
FN:16,(anonymous_0)
FN:72,(anonymous_1)
FN:91,(anonymous_2)
FN:96,(anonymous_3)
FN:101,(anonymous_4)
FN:107,(anonymous_5)
FNF:6
FNH:6
FNDA:222,(anonymous_0)
FNDA:130,(anonymous_1)
FNDA:172,(anonymous_2)
FNDA:21,(anonymous_3)
FNDA:130,(anonymous_4)
FNDA:167,(anonymous_5)
DA:1,222
DA:2,222
DA:6,222
DA:16,222
DA:17,222
DA:20,222
DA:79,130
DA:81,130
DA:83,130
DA:85,130
DA:87,130
DA:89,130
DA:92,172
DA:97,21
DA:102,130
DA:103,167
DA:108,167
LF:17
LH:17
BRDA:16,0,0,222
BRDA:16,0,1,222
BRDA:105,1,0,162
BRDA:105,1,1,5
BRDA:105,2,0,167
BRDA:105,2,1,167
BRDA:108,3,0,4
BRDA:108,3,1,163
BRDA:112,4,0,2
BRDA:112,4,1,2
BRF:10
BRH:10
end_of_record
TN:
SF:src\core\base\no-self-import.ts
FN:5,(anonymous_0)
FN:26,(anonymous_1)
FN:29,(anonymous_2)
FNF:3
FNH:3
FNDA:222,(anonymous_0)
FNDA:3,(anonymous_1)
FNDA:18,(anonymous_2)
DA:1,222
DA:2,222
DA:3,222
DA:5,222
DA:6,222
DA:9,222
DA:27,3
DA:29,3
DA:30,18
DA:32,18
DA:36,6
LF:11
LH:11
BRDA:5,0,0,222
BRDA:5,0,1,222
BRDA:32,1,0,6
BRDA:33,2,0,18
BRDA:33,2,1,9
BRF:5
BRH:5
end_of_record
TN:
SF:src\core\base\no-sibling-import.ts
FN:14,(anonymous_0)
FN:63,(anonymous_1)
FN:72,(anonymous_2)
FN:73,(anonymous_3)
FN:74,(anonymous_4)
FN:82,(anonymous_5)
FN:90,(anonymous_6)
FN:90,(anonymous_7)
FN:93,(anonymous_8)
FN:130,findIndex
FN:131,(anonymous_10)
FN:141,findLastIndex
FN:142,(anonymous_12)
FNF:13
FNH:13
FNDA:222,(anonymous_0)
FNDA:4,(anonymous_1)
FNDA:3,(anonymous_2)
FNDA:3,(anonymous_3)
FNDA:6,(anonymous_4)
FNDA:4,(anonymous_5)
FNDA:6,(anonymous_6)
FNDA:4,(anonymous_7)
FNDA:8,(anonymous_8)
FNDA:4,findIndex
FNDA:5,(anonymous_10)
FNDA:3,findLastIndex
FNDA:4,(anonymous_12)
DA:1,222
DA:2,222
DA:3,222
DA:4,222
DA:5,222
DA:14,222
DA:15,222
DA:18,222
DA:20,222
DA:25,222
DA:64,4
DA:66,4
DA:68,4
DA:70,4
DA:72,3
DA:73,3
DA:74,3
DA:75,6
DA:78,3
DA:80,3
DA:83,4
DA:85,4
DA:90,6
DA:93,3
DA:94,8
DA:96,8
DA:98,8
DA:99,7
DA:101,7
DA:103,7
DA:105,7
DA:106,6
DA:108,3
DA:114,2
DA:131,5
DA:142,4
LF:36
LH:36
BRDA:14,0,0,222
BRDA:14,0,1,222
BRDA:70,1,0,1
BRDA:70,2,0,4
BRDA:70,2,1,3
BRDA:85,3,0,4
BRDA:85,3,1,3
BRDA:85,3,2,2
BRDA:98,4,0,7
BRDA:105,5,0,6
BRDA:106,6,0,3
BRDA:106,6,1,3
BRDA:106,7,0,6
BRDA:106,7,1,4
BRDA:108,8,0,1
BRDA:108,8,1,2
BRDA:109,9,0,3
BRDA:109,9,1,1
BRF:18
BRH:18
end_of_record
TN:
SF:src\core\base\no-unnecessary-template-literal.ts
FN:4,(anonymous_0)
FN:34,(anonymous_1)
FN:35,(anonymous_2)
FN:38,(anonymous_3)
FNF:4
FNH:4
FNDA:222,(anonymous_0)
FNDA:1,(anonymous_1)
FNDA:3,(anonymous_2)
FNDA:2,(anonymous_3)
DA:1,222
DA:4,222
DA:5,222
DA:8,222
DA:34,1
DA:36,3
DA:38,2
DA:42,1
LF:8
LH:8
BRDA:4,0,0,222
BRDA:4,0,1,222
BRDA:36,1,0,2
BRDA:36,1,1,1
BRDA:37,2,0,3
BRDA:37,2,1,2
BRF:6
BRH:6
end_of_record
TN:
SF:src\core\base\object-format.ts
FN:13,(anonymous_0)
FN:56,(anonymous_1)
FN:66,(anonymous_2)
FN:67,(anonymous_3)
FN:87,(anonymous_4)
FN:101,(anonymous_5)
FN:110,predictedLength
FN:113,(anonymous_7)
FNF:8
FNH:8
FNDA:222,(anonymous_0)
FNDA:16,(anonymous_1)
FNDA:26,(anonymous_2)
FNDA:35,(anonymous_3)
FNDA:1,(anonymous_4)
FNDA:5,(anonymous_5)
FNDA:15,predictedLength
FNDA:18,(anonymous_7)
DA:1,222
DA:6,222
DA:13,222
DA:14,222
DA:15,222
DA:18,222
DA:57,16
DA:59,16
DA:61,16
DA:63,16
DA:65,16
DA:67,26
DA:68,35
DA:71,26
DA:72,26
DA:75,26
DA:79,26
DA:81,26
DA:83,26
DA:85,26
DA:86,1
DA:87,1
DA:95,26
DA:100,5
DA:101,5
DA:111,15
DA:113,18
DA:115,15
DA:117,15
DA:119,15
DA:124,15
LF:31
LH:31
BRDA:13,0,0,222
BRDA:13,0,1,222
BRDA:71,1,0,26
BRDA:75,2,0,26
BRDA:75,2,1,24
BRDA:75,2,2,21
BRDA:85,3,0,1
BRDA:85,4,0,26
BRDA:85,4,1,6
BRDA:95,5,0,5
BRDA:96,6,0,26
BRDA:96,6,1,20
BRDA:96,6,2,15
BRF:13
BRH:13
end_of_record
TN:
SF:src\core\base\only-export-name.ts
FN:4,(anonymous_0)
FN:25,(anonymous_1)
FN:26,(anonymous_2)
FNF:3
FNH:3
FNDA:222,(anonymous_0)
FNDA:21,(anonymous_1)
FNDA:21,(anonymous_2)
DA:1,222
DA:2,222
DA:4,222
DA:5,222
DA:8,222
DA:26,21
DA:27,21
DA:28,17
DA:29,17
DA:34,17
DA:37,9
LF:11
LH:11
BRDA:4,0,0,222
BRDA:4,0,1,222
BRDA:27,1,0,17
BRDA:34,2,0,8
BRDA:34,2,1,9
BRF:5
BRH:5
end_of_record
TN:
SF:src\core\base\prefer-only-export.ts
FN:9,(anonymous_0)
FN:47,(anonymous_1)
FN:56,(anonymous_2)
FN:60,(anonymous_3)
FNF:4
FNH:4
FNDA:222,(anonymous_0)
FNDA:3,(anonymous_1)
FNDA:3,(anonymous_2)
FNDA:3,(anonymous_3)
DA:1,222
DA:2,222
DA:3,222
DA:9,222
DA:10,222
DA:13,222
DA:48,3
DA:50,3
DA:52,3
DA:54,3
DA:57,3
DA:61,3
DA:63,3
DA:64,2
DA:65,4
LF:15
LH:15
BRDA:9,0,0,222
BRDA:9,0,1,222
BRDA:63,1,0,2
BRDA:63,2,0,3
BRDA:63,2,1,3
BRF:5
BRH:5
end_of_record
TN:
SF:src\core\base\require-jsdoc.ts
FN:16,(anonymous_0)
FN:22,(anonymous_1)
FN:83,(anonymous_2)
FN:90,(anonymous_3)
FN:112,hasOwnComment
FN:116,(anonymous_5)
FN:137,lintCallSignatures
FN:140,(anonymous_7)
FN:151,lintConstructSignatures
FN:154,(anonymous_9)
FN:165,lintInterface
FN:180,lintMethod
FN:189,lintNodeBySymbol
FN:199,lintNodeByTypeSymbol
FNF:14
FNH:14
FNDA:222,(anonymous_0)
FNDA:222,(anonymous_1)
FNDA:11,(anonymous_2)
FNDA:62,(anonymous_3)
FNDA:79,hasOwnComment
FNDA:16,(anonymous_5)
FNDA:4,lintCallSignatures
FNDA:2,(anonymous_7)
FNDA:6,lintConstructSignatures
FNDA:4,(anonymous_9)
FNDA:7,lintInterface
FNDA:13,lintMethod
FNDA:11,lintNodeBySymbol
FNDA:27,lintNodeByTypeSymbol
DA:3,222
DA:4,222
DA:7,222
DA:16,222
DA:17,222
DA:18,222
DA:19,222
DA:22,222
DA:23,222
DA:24,222
DA:25,222
DA:28,222
DA:30,222
DA:32,222
DA:84,11
DA:89,11
DA:91,62
DA:94,46
DA:96,7
DA:98,7
DA:102,13
DA:104,13
DA:107,26
DA:113,79
DA:116,16
DA:118,16
DA:120,63
DA:121,63
DA:125,10
DA:127,53
DA:131,7
DA:134,46
DA:138,4
DA:140,2
DA:142,4
DA:145,1
DA:152,6
DA:154,4
DA:156,6
DA:159,3
DA:166,7
DA:168,7
DA:170,7
DA:171,1
DA:173,7
DA:174,4
DA:176,7
DA:177,4
DA:183,13
DA:185,13
DA:186,11
DA:190,11
DA:192,11
DA:193,11
DA:195,8
DA:200,27
DA:202,27
DA:204,27
DA:205,17
DA:207,16
DA:212,222
LF:61
LH:61
BRDA:16,0,0,222
BRDA:16,0,1,222
BRDA:22,1,0,222
BRDA:22,1,1,222
BRDA:91,2,0,16
BRDA:91,2,1,46
BRDA:94,3,0,7
BRDA:94,3,1,13
BRDA:94,3,2,13
BRDA:94,3,3,26
BRDA:113,4,0,16
BRDA:120,5,0,63
BRDA:121,6,0,10
BRDA:122,7,0,63
BRDA:122,7,1,10
BRDA:127,8,0,7
BRDA:128,9,0,53
BRDA:128,9,1,10
BRDA:142,10,0,3
BRDA:142,10,1,1
BRDA:156,11,0,3
BRDA:156,11,1,3
BRDA:170,12,0,1
BRDA:173,13,0,4
BRDA:176,14,0,4
BRDA:185,15,0,2
BRDA:185,15,1,11
BRDA:192,16,0,11
BRDA:193,17,0,3
BRDA:193,17,1,8
BRDA:204,18,0,17
BRDA:205,19,0,1
BRDA:205,19,1,16
BRF:33
BRH:33
end_of_record
TN:
SF:src\core\base\require-syntax.ts
FN:14,(anonymous_0)
FN:67,(anonymous_1)
FN:85,(anonymous_2)
FN:90,(anonymous_3)
FN:95,(anonymous_4)
FNF:5
FNH:5
FNDA:222,(anonymous_0)
FNDA:9,(anonymous_1)
FNDA:5,(anonymous_2)
FNDA:8,(anonymous_3)
FNDA:9,(anonymous_4)
DA:1,222
DA:5,222
DA:14,222
DA:15,222
DA:18,222
DA:73,9
DA:75,9
DA:77,9
DA:79,9
DA:81,9
DA:83,9
DA:86,5
DA:91,8
DA:96,9
DA:97,8
DA:99,7
DA:104,7
DA:108,7
LF:18
LH:18
BRDA:14,0,0,222
BRDA:14,0,1,222
BRDA:97,1,0,7
BRDA:97,2,0,8
BRDA:97,2,1,3
BRDA:97,2,2,2
BRDA:99,3,0,5
BRDA:99,3,1,2
BRDA:104,4,0,6
BRDA:104,4,1,1
BRDA:109,5,0,4
BRDA:109,5,1,3
BRDA:109,6,0,7
BRDA:109,6,1,7
BRF:14
BRH:14
end_of_record
TN:
SF:src\core\base\sort-array.ts
FN:17,(anonymous_0)
FN:70,(anonymous_1)
FN:80,(anonymous_2)
FN:92,keyNode
FNF:4
FNH:4
FNDA:222,(anonymous_0)
FNDA:25,(anonymous_1)
FNDA:63,(anonymous_2)
FNDA:136,keyNode
DA:1,222
DA:2,222
DA:5,222
DA:17,222
DA:18,222
DA:21,222
DA:75,25
DA:77,25
DA:79,25
DA:81,63
DA:82,62
DA:86,62
DA:87,60
DA:88,1
DA:93,136
DA:95,32
DA:96,30
DA:97,58
DA:101,30
DA:103,2
DA:106,2
DA:109,102
LF:22
LH:22
BRDA:17,0,0,222
BRDA:17,0,1,222
BRDA:81,1,0,62
BRDA:81,1,1,1
BRDA:82,2,0,4
BRDA:82,2,1,58
BRDA:86,3,0,60
BRDA:93,4,0,32
BRDA:93,4,1,2
BRDA:93,4,2,102
BRDA:95,5,0,30
BRDA:97,6,0,30
BRDA:98,7,0,58
BRDA:98,7,1,44
BRF:14
BRH:14
end_of_record
TN:
SF:src\core\base\sort-class-members.ts
FN:47,(anonymous_0)
FN:49,(anonymous_1)
FN:53,(anonymous_2)
FN:55,(anonymous_3)
FN:65,(anonymous_4)
FN:99,getMemberName
FN:105,(anonymous_6)
FN:115,(anonymous_7)
FN:121,(anonymous_8)
FN:126,(anonymous_9)
FN:148,getMemberAccessibility
FN:170,getMemberAccessorType
FN:196,getMemberDynamicStatic
FN:218,getMemberTypes
FN:222,(anonymous_14)
FNF:15
FNH:15
FNDA:22,(anonymous_0)
FNDA:126,(anonymous_1)
FNDA:22,(anonymous_2)
FNDA:76,(anonymous_3)
FNDA:88,(anonymous_4)
FNDA:76,getMemberName
FNDA:2,(anonymous_6)
FNDA:222,(anonymous_7)
FNDA:222,(anonymous_8)
FNDA:222,(anonymous_9)
FNDA:76,getMemberAccessibility
FNDA:76,getMemberAccessorType
FNDA:76,getMemberDynamicStatic
FNDA:76,getMemberTypes
FNDA:58,(anonymous_14)
DA:1,222
DA:2,222
DA:3,222
DA:12,222
DA:48,22
DA:49,126
DA:52,22
DA:54,22
DA:56,76
DA:58,76
DA:60,76
DA:63,76
DA:66,88
DA:89,76
DA:91,76
DA:93,76
DA:100,76
DA:105,70
DA:109,6
DA:115,222
DA:116,222
DA:117,222
DA:118,222
DA:121,222
DA:122,222
DA:123,222
DA:126,222
DA:127,222
DA:128,222
DA:129,222
DA:130,222
DA:131,222
DA:132,222
DA:133,222
DA:134,222
DA:137,222
DA:151,76
DA:157,74
DA:160,2
DA:171,76
DA:174,58
DA:176,6
DA:179,6
DA:182,46
DA:186,18
DA:197,76
DA:203,74
DA:208,2
DA:219,76
DA:222,58
DA:223,58
DA:225,6
DA:228,6
DA:231,40
DA:234,6
DA:239,10
DA:244,2
DA:247,4
DA:250,2
LF:59
LH:59
BRDA:100,0,0,58
BRDA:100,0,1,68
BRDA:100,0,2,68
BRDA:100,0,3,70
BRDA:100,0,4,2
BRDA:100,0,5,6
BRDA:115,1,0,222
BRDA:115,1,1,222
BRDA:121,2,0,222
BRDA:121,2,1,222
BRDA:126,3,0,222
BRDA:126,3,1,222
BRDA:151,4,0,58
BRDA:151,4,1,68
BRDA:151,4,2,68
BRDA:151,4,3,70
BRDA:151,4,4,74
BRDA:151,4,5,2
BRDA:157,5,0,14
BRDA:157,5,1,60
BRDA:157,6,0,74
BRDA:157,6,1,74
BRDA:171,7,0,58
BRDA:171,7,1,58
BRDA:171,7,2,18
BRDA:174,8,0,6
BRDA:174,8,1,6
BRDA:174,8,2,46
BRDA:197,9,0,58
BRDA:197,9,1,68
BRDA:197,9,2,68
BRDA:197,9,3,70
BRDA:197,9,4,74
BRDA:197,9,5,2
BRDA:203,10,0,2
BRDA:203,10,1,72
BRDA:203,11,0,70
BRDA:203,11,1,4
BRDA:203,12,0,74
BRDA:203,12,1,74
BRDA:219,13,0,58
BRDA:219,13,1,58
BRDA:219,13,2,10
BRDA:219,13,3,2
BRDA:219,13,4,4
BRDA:219,13,5,2
BRDA:223,14,0,6
BRDA:223,14,1,6
BRDA:223,14,2,40
BRDA:223,14,3,6
BRDA:239,15,0,2
BRDA:239,15,1,8
BRDA:239,16,0,10
BRDA:239,16,1,10
BRF:54
BRH:54
end_of_record
TN:
SF:src\core\base\sort-keys.ts
FN:17,(anonymous_0)
FN:63,(anonymous_1)
FN:69,(anonymous_2)
FN:75,(anonymous_3)
FN:88,(anonymous_4)
FN:91,(anonymous_5)
FN:98,keyNode
FNF:7
FNH:7
FNDA:222,(anonymous_0)
FNDA:11,(anonymous_1)
FNDA:3,(anonymous_2)
FNDA:3,(anonymous_3)
FNDA:15,(anonymous_4)
FNDA:11,(anonymous_5)
FNDA:52,keyNode
DA:1,222
DA:2,222
DA:4,222
DA:7,222
DA:17,222
DA:18,222
DA:21,222
DA:64,11
DA:66,11
DA:68,11
DA:70,3
DA:72,3
DA:74,3
DA:76,3
DA:77,2
DA:79,1
DA:89,15
DA:92,11
DA:93,15
DA:99,52
LF:20
LH:20
BRDA:17,0,0,222
BRDA:17,0,1,222
BRDA:76,1,0,2
BRDA:76,1,1,1
BRDA:99,2,0,4
BRDA:99,2,1,48
BRF:6
BRH:6
end_of_record
TN:
SF:src\core\base\sort-statements.ts
FN:16,(anonymous_0)
FN:116,(anonymous_1)
FN:120,(anonymous_2)
FN:127,(anonymous_3)
FN:134,(anonymous_4)
FN:161,(anonymous_5)
FN:169,(anonymous_6)
FN:175,(anonymous_7)
FN:177,callback
FN:189,checkIdentifierName
FN:199,getJestTestName
FN:239,sortingOrder
FN:240,(anonymous_12)
FN:312,buildResult
FNF:14
FNH:14
FNDA:222,(anonymous_0)
FNDA:11,(anonymous_1)
FNDA:33,(anonymous_2)
FNDA:11,(anonymous_3)
FNDA:12,(anonymous_4)
FNDA:222,(anonymous_5)
FNDA:666,(anonymous_6)
FNDA:17,(anonymous_7)
FNDA:4,callback
FNDA:28,checkIdentifierName
FNDA:19,getJestTestName
FNDA:56,sortingOrder
FNDA:105,(anonymous_12)
FNDA:105,buildResult
DA:1,222
DA:2,222
DA:3,222
DA:5,222
DA:16,222
DA:17,222
DA:18,222
DA:19,222
DA:20,222
DA:21,222
DA:22,222
DA:23,222
DA:24,222
DA:25,222
DA:26,222
DA:27,222
DA:28,222
DA:29,222
DA:32,222
DA:34,222
DA:36,222
DA:117,11
DA:119,11
DA:121,33
DA:128,11
DA:135,12
DA:145,222
DA:161,222
DA:162,222
DA:164,222
DA:166,222
DA:168,222
DA:169,666
DA:173,222
DA:175,222
DA:178,4
DA:190,28
DA:200,19
DA:201,19
DA:203,19
DA:208,17
DA:210,17
DA:226,17
DA:230,2
DA:240,56
DA:241,105
DA:243,4
DA:249,2
DA:252,24
DA:253,14
DA:256,4
DA:258,4
DA:265,4
DA:271,6
DA:274,10
DA:280,19
DA:282,19
DA:289,16
DA:291,16
DA:294,10
DA:298,10
DA:301,10
DA:302,6
DA:306,4
DA:309,10
DA:313,105
DA:315,105
DA:317,105
DA:319,105
LF:69
LH:69
BRDA:16,0,0,222
BRDA:16,0,1,222
BRDA:190,1,0,28
BRDA:190,1,1,24
BRDA:200,2,0,19
BRDA:203,3,0,17
BRDA:204,4,0,19
BRDA:204,4,1,19
BRDA:204,4,2,19
BRDA:210,5,0,17
BRDA:211,6,0,17
BRDA:211,6,1,7
BRDA:211,6,2,10
BRDA:211,6,3,4
BRDA:211,6,4,4
BRDA:211,6,5,6
BRDA:211,6,6,6
BRDA:211,6,7,6
BRDA:211,6,8,2
BRDA:211,6,9,4
BRDA:211,6,10,4
BRDA:211,6,11,4
BRDA:211,6,12,4
BRDA:211,6,13,4
BRDA:211,6,14,4
BRDA:241,7,0,4
BRDA:241,7,1,2
BRDA:241,7,2,24
BRDA:241,7,3,19
BRDA:241,7,4,14
BRDA:241,7,5,16
BRDA:241,7,6,10
BRDA:241,7,7,2
BRDA:241,7,8,10
BRDA:241,7,9,10
BRDA:241,7,10,10
BRDA:252,8,0,14
BRDA:253,9,0,2
BRDA:253,9,1,4
BRDA:253,9,2,2
BRDA:253,9,3,4
BRDA:253,9,4,6
BRDA:276,10,0,8
BRDA:276,10,1,2
BRDA:282,11,0,17
BRDA:282,11,1,2
BRDA:301,12,0,6
BRDA:301,13,0,6
BRDA:301,13,1,4
BRDA:301,14,0,10
BRDA:301,14,1,10
BRDA:302,15,0,2
BRDA:302,15,1,4
BRDA:302,16,0,2
BRDA:302,16,1,4
BRDA:302,17,0,6
BRDA:302,17,1,6
BRDA:312,18,0,36
BRF:58
BRH:58
end_of_record
TN:
SF:src\core\base\sort-top-comments.ts
FN:9,(anonymous_0)
FN:36,(anonymous_1)
FN:37,(anonymous_2)
FN:52,(anonymous_3)
FNF:4
FNH:4
FNDA:222,(anonymous_0)
FNDA:2,(anonymous_1)
FNDA:2,(anonymous_2)
FNDA:1,(anonymous_3)
DA:1,222
DA:7,222
DA:9,222
DA:10,222
DA:13,222
DA:36,2
DA:38,2
DA:40,2
DA:42,2
DA:44,2
DA:47,1
DA:49,1
DA:51,1
DA:52,1
LF:14
LH:14
BRDA:9,0,0,222
BRDA:9,0,1,222
BRDA:44,1,0,1
BRDA:44,1,1,1
BRF:4
BRH:4
end_of_record
TN:
SF:src\core\base\switch-case-spacing.ts
FN:8,(anonymous_0)
FN:43,(anonymous_1)
FN:44,(anonymous_2)
FN:60,(anonymous_3)
FNF:4
FNH:4
FNDA:222,(anonymous_0)
FNDA:2,(anonymous_1)
FNDA:2,(anonymous_2)
FNDA:2,(anonymous_3)
DA:1,222
DA:6,222
DA:8,222
DA:9,222
DA:10,222
DA:13,222
DA:43,2
DA:45,2
DA:46,4
DA:48,4
DA:50,4
DA:53,4
DA:56,4
DA:59,2
DA:60,2
LF:15
LH:15
BRDA:8,0,0,222
BRDA:8,0,1,222
BRDA:53,1,0,2
BRDA:53,1,1,2
BRDA:56,2,0,2
BRDA:56,2,1,2
BRDA:61,3,0,1
BRDA:61,3,1,1
BRF:8
BRH:8
end_of_record
TN:
SF:src\core\base\template-literal-format.ts
FN:8,(anonymous_0)
FN:30,(anonymous_1)
FN:31,(anonymous_2)
FN:39,(anonymous_3)
FN:56,(anonymous_4)
FN:67,(anonymous_5)
FN:71,(anonymous_6)
FN:91,pad
FNF:8
FNH:8
FNDA:222,(anonymous_0)
FNDA:5,(anonymous_1)
FNDA:7,(anonymous_2)
FNDA:12,(anonymous_3)
FNDA:8,(anonymous_4)
FNDA:2,(anonymous_5)
FNDA:6,(anonymous_6)
FNDA:8,pad
DA:1,222
DA:6,222
DA:8,222
DA:9,222
DA:12,222
DA:30,5
DA:32,7
DA:34,7
DA:35,6
DA:37,6
DA:39,12
DA:41,6
DA:43,6
DA:48,4
DA:55,4
DA:56,8
DA:59,4
DA:61,4
DA:63,4
DA:65,4
DA:66,2
DA:67,2
DA:71,6
DA:78,2
DA:92,8
LF:25
LH:25
BRDA:8,0,0,222
BRDA:8,0,1,222
BRDA:34,1,0,6
BRDA:43,2,0,4
BRDA:43,2,1,2
BRDA:44,3,0,6
BRDA:44,3,1,5
BRDA:44,3,2,4
BRDA:65,4,0,2
BRDA:65,5,0,4
BRDA:65,5,1,2
BRDA:92,6,0,6
BRDA:92,6,1,2
BRF:13
BRH:13
end_of_record
TN:
SF:src\core\base\wrap.ts
FN:26,(anonymous_0)
FN:87,(anonymous_1)
FN:118,(anonymous_2)
FN:120,(anonymous_3)
FN:128,(anonymous_4)
FN:133,(anonymous_5)
FN:138,(anonymous_6)
FN:140,(anonymous_7)
FN:142,(anonymous_8)
FN:145,(anonymous_9)
FN:147,(anonymous_10)
FN:155,(anonymous_11)
FN:179,nodeId
FNF:13
FNH:13
FNDA:222,(anonymous_0)
FNDA:11,(anonymous_1)
FNDA:69,(anonymous_2)
FNDA:16,(anonymous_3)
FNDA:4,(anonymous_4)
FNDA:18,(anonymous_5)
FNDA:11,(anonymous_6)
FNDA:2,(anonymous_7)
FNDA:14,(anonymous_8)
FNDA:12,(anonymous_9)
FNDA:3,(anonymous_10)
FNDA:19,(anonymous_11)
FNDA:36,nodeId
DA:3,222
DA:4,222
DA:26,222
DA:27,222
DA:30,222
DA:93,11
DA:97,11
DA:103,11
DA:105,11
DA:107,11
DA:109,11
DA:111,11
DA:113,11
DA:119,69
DA:121,16
DA:129,4
DA:134,18
DA:139,11
DA:141,2
DA:142,14
DA:144,11
DA:146,12
DA:147,3
DA:149,11
DA:150,16
DA:151,9
DA:153,9
DA:156,19
DA:158,19
DA:161,9
DA:180,36
LF:31
LH:31
BRDA:26,0,0,222
BRDA:26,0,1,222
BRDA:97,1,0,7
BRDA:97,1,1,4
BRDA:119,2,0,16
BRDA:119,2,1,53
BRDA:139,3,0,1
BRDA:139,3,1,10
BRDA:141,4,0,2
BRDA:141,4,1,2
BRDA:144,5,0,9
BRDA:144,5,1,2
BRDA:146,6,0,12
BRDA:146,6,1,12
BRDA:150,7,0,9
BRDA:150,8,0,16
BRDA:150,8,1,15
BRF:17
BRH:17
end_of_record
TN:
SF:src\eslintrc\index.ts
FNF:0
FNH:0
DA:1,222
DA:2,222
DA:3,222
DA:4,222
DA:5,222
DA:7,222
LF:6
LH:6
BRF:0
BRH:0
end_of_record
TN:
SF:src\eslintrc\no-message-dot.ts
FNF:0
FNH:0
DA:1,222
DA:2,222
DA:4,222
LF:3
LH:3
BRF:0
BRH:0
end_of_record
TN:
SF:src\eslintrc\no-unnecessary-array.ts
FN:5,(anonymous_0)
FNF:1
FNH:1
FNDA:222,(anonymous_0)
DA:1,222
DA:2,222
DA:3,222
DA:5,222
DA:6,222
DA:16,222
DA:23,222
DA:25,222
LF:8
LH:8
BRF:0
BRH:0
end_of_record
TN:
SF:src\eslintrc\sort-array.ts
FN:5,(anonymous_0)
FNF:1
FNH:1
FNDA:222,(anonymous_0)
DA:1,222
DA:2,222
DA:3,222
DA:5,222
DA:6,222
DA:16,222
DA:24,222
DA:26,222
DA:28,222
LF:9
LH:9
BRF:0
BRH:0
end_of_record
TN:
SF:src\eslintrc\sort-suboptions.ts
FNF:0
FNH:0
DA:1,222
DA:2,222
DA:4,222
LF:3
LH:3
BRF:0
BRH:0
end_of_record
TN:
SF:src\jest\index.ts
FNF:0
FNH:0
DA:1,222
DA:2,222
DA:3,222
DA:4,222
DA:6,222
LF:5
LH:5
BRF:0
BRH:0
end_of_record
TN:
SF:src\jest\no-toThrow-literal.ts
FNF:0
FNH:0
DA:3,222
DA:4,222
DA:6,222
LF:3
LH:3
BRF:0
BRH:0
end_of_record
TN:
SF:src\jest\prefer-toBe.ts
FNF:0
FNH:0
DA:3,222
DA:4,222
DA:6,222
LF:3
LH:3
BRF:0
BRH:0
end_of_record
TN:
SF:src\jest\prefer-toStrictEqual.ts
FNF:0
FNH:0
DA:3,222
DA:4,222
DA:6,222
LF:3
LH:3
BRF:0
BRH:0
end_of_record
TN:
SF:src\quasar-extension\index.ts
FNF:0
FNH:0
DA:1,222
DA:2,222
DA:3,222
DA:4,222
DA:5,222
DA:7,222
LF:6
LH:6
BRF:0
BRH:0
end_of_record
TN:
SF:src\quasar-extension\core\index.ts
FNF:0
FNH:0
DA:1,222
DA:2,222
DA:3,222
DA:4,222
DA:6,222
LF:5
LH:5
BRF:0
BRH:0
end_of_record
TN:
SF:src\quasar-extension\core\no-computed-type-param.ts
FNF:0
FNH:0
DA:1,222
DA:2,222
DA:4,222
LF:3
LH:3
BRF:0
BRH:0
end_of_record
TN:
SF:src\quasar-extension\core\no-ref-type-param.ts
FNF:0
FNH:0
DA:1,222
DA:2,222
DA:4,222
LF:3
LH:3
BRF:0
BRH:0
end_of_record
TN:
SF:src\quasar-extension\core\no-ref-undefined.ts
FNF:0
FNH:0
DA:1,222
DA:2,222
DA:4,222
LF:3
LH:3
BRF:0
BRH:0
end_of_record
TN:
SF:src\quasar-extension\core\require-ref-type-param.ts
FNF:0
FNH:0
DA:1,222
DA:2,222
DA:4,222
LF:3
LH:3
BRF:0
BRH:0
end_of_record
TN:
SF:src\quasar-extension\extras\check-Props-extends.ts
FNF:0
FNH:0
DA:3,222
DA:4,222
DA:6,222
LF:3
LH:3
BRF:0
BRH:0
end_of_record
TN:
SF:src\quasar-extension\extras\check-Slots-extends.ts
FNF:0
FNH:0
DA:3,222
DA:4,222
DA:6,222
LF:3
LH:3
BRF:0
BRH:0
end_of_record
TN:
SF:src\quasar-extension\extras\consistent-optional-props.ts
FNF:0
FNH:0
DA:1,222
DA:2,222
DA:7,222
DA:9,222
LF:4
LH:4
BRF:0
BRH:0
end_of_record
TN:
SF:src\quasar-extension\extras\index.ts
FNF:0
FNH:0
DA:1,222
DA:2,222
DA:3,222
DA:4,222
DA:5,222
DA:6,222
DA:7,222
DA:8,222
DA:9,222
DA:11,222
LF:10
LH:10
BRF:0
BRH:0
end_of_record
TN:
SF:src\quasar-extension\extras\no-OwnProps-extends.ts
FNF:0
FNH:0
DA:3,222
DA:4,222
DA:6,222
LF:3
LH:3
BRF:0
BRH:0
end_of_record
TN:
SF:src\quasar-extension\extras\no-OwnSlots-extends.ts
FNF:0
FNH:0
DA:3,222
DA:4,222
DA:6,222
LF:3
LH:3
BRF:0
BRH:0
end_of_record
TN:
SF:src\quasar-extension\extras\no-empty-interfaces.ts
FNF:0
FNH:0
DA:1,222
DA:2,222
DA:4,222
LF:3
LH:3
BRF:0
BRH:0
end_of_record
TN:
SF:src\quasar-extension\extras\prefer-OwnProps.ts
FNF:0
FNH:0
DA:3,222
DA:4,222
DA:6,222
LF:3
LH:3
BRF:0
BRH:0
end_of_record
TN:
SF:src\quasar-extension\extras\prefer-OwnSlots.ts
FNF:0
FNH:0
DA:3,222
DA:4,222
DA:6,222
LF:3
LH:3
BRF:0
BRH:0
end_of_record
TN:
SF:src\quasar-extension\jest\index.ts
FNF:0
FNH:0
DA:1,222
DA:2,222
DA:3,222
DA:5,222
LF:4
LH:4
BRF:0
BRH:0
end_of_record
TN:
SF:src\quasar-extension\jest\prefer-findQuasarComponent.ts
FNF:0
FNH:0
DA:3,222
DA:4,222
DA:6,222
LF:3
LH:3
BRF:0
BRH:0
end_of_record
TN:
SF:src\quasar-extension\jest\prefer-testComponents.ts
FNF:0
FNH:0
DA:3,222
DA:4,222
DA:6,222
LF:3
LH:3
BRF:0
BRH:0
end_of_record
TN:
SF:src\quasar-extension\vue\index.ts
FNF:0
FNH:0
DA:1,222
DA:2,222
DA:3,222
DA:5,222
LF:4
LH:4
BRF:0
BRH:0
end_of_record
TN:
SF:src\quasar-extension\vue\script\consistent-expose-arg.ts
FNF:0
FNH:0
DA:1,222
DA:2,222
DA:4,222
LF:3
LH:3
BRF:0
BRH:0
end_of_record
TN:
SF:src\quasar-extension\vue\script\consistent-generic-name.ts
FNF:0
FNH:0
DA:1,222
DA:2,222
DA:4,222
LF:3
LH:3
BRF:0
BRH:0
end_of_record
TN:
SF:src\quasar-extension\vue\script\index.ts
FNF:0
FNH:0
DA:1,222
DA:2,222
DA:3,222
DA:4,222
DA:5,222
DA:6,222
DA:7,222
DA:9,222
LF:8
LH:8
BRF:0
BRH:0
end_of_record
TN:
SF:src\quasar-extension\vue\script\no-global-icons.ts
FNF:0
FNH:0
DA:1,222
DA:2,222
DA:4,222
LF:3
LH:3
BRF:0
BRH:0
end_of_record
TN:
SF:src\quasar-extension\vue\script\no-global-lang.ts
FNF:0
FNH:0
DA:1,222
DA:2,222
DA:4,222
LF:3
LH:3
BRF:0
BRH:0
end_of_record
TN:
SF:src\quasar-extension\vue\script\require-validateEmit-type-param.ts
FNF:0
FNH:0
DA:3,222
DA:4,222
DA:7,222
LF:3
LH:3
BRF:0
BRH:0
end_of_record
TN:
SF:src\quasar-extension\vue\script\require-validateProps-type-param.ts
FNF:0
FNH:0
DA:3,222
DA:4,222
DA:7,222
LF:3
LH:3
BRF:0
BRH:0
end_of_record
TN:
SF:src\quasar-extension\vue\template\index.ts
FNF:0
FNH:0
DA:1,222
DA:2,222
DA:3,222
DA:4,222
DA:5,222
DA:6,222
DA:7,222
DA:8,222
DA:9,222
DA:10,222
DA:11,222
DA:12,222
DA:13,222
DA:14,222
DA:15,222
DA:16,222
DA:17,222
DA:18,222
DA:19,222
DA:20,222
DA:22,222
LF:21
LH:21
BRF:0
BRH:0
end_of_record
TN:
SF:src\quasar-extension\vue\template\no-mixed-classes.ts
FNF:0
FNH:0
DA:1,222
DA:2,222
DA:4,222
LF:3
LH:3
BRF:0
BRH:0
end_of_record
TN:
SF:src\quasar-extension\vue\template\no-q-btn.ts
FNF:0
FNH:0
DA:1,222
DA:2,222
DA:4,222
LF:3
LH:3
BRF:0
BRH:0
end_of_record
TN:
SF:src\quasar-extension\vue\template\no-q-card-actions.ts
FNF:0
FNH:0
DA:1,222
DA:2,222
DA:4,222
LF:3
LH:3
BRF:0
BRH:0
end_of_record
TN:
SF:src\quasar-extension\vue\template\no-q-card-section.ts
FNF:0
FNH:0
DA:1,222
DA:2,222
DA:4,222
LF:3
LH:3
BRF:0
BRH:0
end_of_record
TN:
SF:src\quasar-extension\vue\template\no-q-card.ts
FNF:0
FNH:0
DA:1,222
DA:2,222
DA:4,222
LF:3
LH:3
BRF:0
BRH:0
end_of_record
TN:
SF:src\quasar-extension\vue\template\no-q-expansion-item.ts
FNF:0
FNH:0
DA:1,222
DA:2,222
DA:4,222
LF:3
LH:3
BRF:0
BRH:0
end_of_record
TN:
SF:src\quasar-extension\vue\template\no-q-field.ts
FNF:0
FNH:0
DA:1,222
DA:2,222
DA:4,222
LF:3
LH:3
BRF:0
BRH:0
end_of_record
TN:
SF:src\quasar-extension\vue\template\no-q-form.ts
FNF:0
FNH:0
DA:1,222
DA:2,222
DA:4,222
LF:3
LH:3
BRF:0
BRH:0
end_of_record
TN:
SF:src\quasar-extension\vue\template\no-q-input.ts
FNF:0
FNH:0
DA:1,222
DA:2,222
DA:4,222
LF:3
LH:3
BRF:0
BRH:0
end_of_record
TN:
SF:src\quasar-extension\vue\template\no-q-item.ts
FNF:0
FNH:0
DA:1,222
DA:2,222
DA:4,222
LF:3
LH:3
BRF:0
BRH:0
end_of_record
TN:
SF:src\quasar-extension\vue\template\no-q-knob.ts
FNF:0
FNH:0
DA:1,222
DA:2,222
DA:4,222
LF:3
LH:3
BRF:0
BRH:0
end_of_record
TN:
SF:src\quasar-extension\vue\template\no-q-menu.ts
FNF:0
FNH:0
DA:1,222
DA:2,222
DA:4,222
LF:3
LH:3
BRF:0
BRH:0
end_of_record
TN:
SF:src\quasar-extension\vue\template\no-q-option-group.ts
FNF:0
FNH:0
DA:1,222
DA:2,222
DA:4,222
LF:3
LH:3
BRF:0
BRH:0
end_of_record
TN:
SF:src\quasar-extension\vue\template\no-q-popup-proxy.ts
FNF:0
FNH:0
DA:1,222
DA:2,222
DA:4,222
LF:3
LH:3
BRF:0
BRH:0
end_of_record
TN:
SF:src\quasar-extension\vue\template\no-q-select.ts
FNF:0
FNH:0
DA:1,222
DA:2,222
DA:4,222
LF:3
LH:3
BRF:0
BRH:0
end_of_record
TN:
SF:src\quasar-extension\vue\template\no-q-toggle.ts
FNF:0
FNH:0
DA:1,222
DA:2,222
DA:4,222
LF:3
LH:3
BRF:0
BRH:0
end_of_record
TN:
SF:src\quasar-extension\vue\template\no-q-tooltip.ts
FNF:0
FNH:0
DA:1,222
DA:2,222
DA:4,222
LF:3
LH:3
BRF:0
BRH:0
end_of_record
TN:
SF:src\quasar-extension\vue\template\prefer-label-prop.ts
FNF:0
FNH:0
DA:1,222
DA:2,222
DA:4,222
LF:3
LH:3
BRF:0
BRH:0
end_of_record
TN:
SF:src\quasar-extension\vue\template\prefer-quasar-components.ts
FNF:0
FNH:0
DA:1,222
DA:2,222
DA:4,222
LF:3
LH:3
BRF:0
BRH:0
end_of_record
TN:
SF:src\real-config\index.ts
FNF:0
FNH:0
DA:1,222
DA:2,222
DA:3,222
DA:4,222
DA:6,222
LF:5
LH:5
BRF:0
BRH:0
end_of_record
TN:
SF:src\real-config\prettier.ts
FNF:0
FNH:0
DA:1,222
DA:2,222
DA:4,222
LF:3
LH:3
BRF:0
BRH:0
end_of_record
TN:
SF:src\real-config\sort-commitlint.ts
FNF:0
FNH:0
DA:1,222
DA:2,222
DA:4,222
LF:3
LH:3
BRF:0
BRH:0
end_of_record
TN:
SF:src\real-config\eslintrc\index.ts
FNF:0
FNH:0
DA:1,222
DA:2,222
DA:3,222
DA:4,222
DA:5,222
DA:7,222
LF:6
LH:6
BRF:0
BRH:0
end_of_record
TN:
SF:src\real-config\eslintrc\no-disable.ts
FNF:0
FNH:0
DA:1,222
DA:2,222
DA:4,222
LF:3
LH:3
BRF:0
BRH:0
end_of_record
TN:
SF:src\real-config\eslintrc\no-rules.ts
FNF:0
FNH:0
DA:1,222
DA:2,222
DA:4,222
LF:3
LH:3
BRF:0
BRH:0
end_of_record
TN:
SF:src\real-config\eslintrc\no-temp.ts
FNF:0
FNH:0
DA:1,222
DA:2,222
DA:4,222
LF:3
LH:3
BRF:0
BRH:0
end_of_record
TN:
SF:src\real-config\eslintrc\sort-synonyms.ts
FNF:0
FNH:0
DA:1,222
DA:2,222
DA:4,222
LF:3
LH:3
BRF:0
BRH:0
end_of_record
TN:
SF:src\real-facades\index.ts
FNF:0
FNH:0
DA:1,222
DA:2,222
DA:4,222
LF:3
LH:3
BRF:0
BRH:0
end_of_record
TN:
SF:src\real-facades\prefer-uniqueId-facade.ts
FNF:0
FNH:0
DA:3,222
DA:4,222
DA:6,222
LF:3
LH:3
BRF:0
BRH:0
end_of_record
TN:
SF:src\real-fns\index.ts
FNF:0
FNH:0
DA:1,222
DA:2,222
DA:3,222
DA:5,222
LF:4
LH:4
BRF:0
BRH:0
end_of_record
TN:
SF:src\real-fns\core\index.ts
FNF:0
FNH:0
DA:1,222
DA:2,222
DA:3,222
DA:4,222
DA:5,222
DA:6,222
DA:7,222
DA:8,222
DA:9,222
DA:10,222
DA:11,222
DA:12,222
DA:13,222
DA:14,222
DA:15,222
DA:17,222
LF:16
LH:16
BRF:0
BRH:0
end_of_record
TN:
SF:src\real-fns\core\no-evaluate-type-param.ts
FNF:0
FNH:0
DA:1,222
DA:2,222
DA:4,222
LF:3
LH:3
BRF:0
BRH:0
end_of_record
TN:
SF:src\real-fns\core\prefer-defineFn.ts
FNF:0
FNH:0
DA:3,222
DA:4,222
DA:6,222
LF:3
LH:3
BRF:0
BRH:0
end_of_record
TN:
SF:src\real-fns\core\prefer-evaluate.ts
FNF:0
FNH:0
DA:1,222
DA:2,222
DA:4,222
LF:3
LH:3
BRF:0
BRH:0
end_of_record
TN:
SF:src\real-fns\core\prefer-readonly-map.ts
FNF:0
FNH:0
DA:1,222
DA:2,222
DA:4,222
LF:3
LH:3
BRF:0
BRH:0
end_of_record
TN:
SF:src\real-fns\core\prefer-readonly-set.ts
FNF:0
FNH:0
DA:1,222
DA:2,222
DA:4,222
LF:3
LH:3
BRF:0
BRH:0
end_of_record
TN:
SF:src\real-fns\core\require-jsdoc.ts
FN:5,(anonymous_0)
FNF:1
FNH:1
FNDA:222,(anonymous_0)
DA:1,222
DA:2,222
DA:3,222
DA:5,222
DA:7,222
DA:9,222
DA:11,222
LF:7
LH:7
BRF:0
BRH:0
end_of_record
TN:
SF:src\real-fns\core\require-return-in-defineFn.ts
FN:8,(anonymous_0)
FNF:1
FNH:1
FNDA:222,(anonymous_0)
DA:3,222
DA:4,222
DA:5,222
DA:8,222
DA:10,222
DA:12,222
LF:6
LH:6
BRF:0
BRH:0
end_of_record
TN:
SF:src\real-fns\core\array\fromIterable-arg-type.ts
FNF:0
FNH:0
DA:3,222
DA:4,222
DA:6,222
LF:3
LH:3
BRF:0
BRH:0
end_of_record
TN:
SF:src\real-fns\core\array\index.ts
FNF:0
FNH:0
DA:1,222
DA:2,222
DA:3,222
DA:4,222
DA:5,222
DA:6,222
DA:7,222
DA:8,222
DA:9,222
DA:10,222
DA:11,222
DA:12,222
DA:14,222
LF:13
LH:13
BRF:0
BRH:0
end_of_record
TN:
SF:src\real-fns\core\array\mixedFrom-include-array.ts
FNF:0
FNH:0
DA:3,222
DA:4,222
DA:6,222
LF:3
LH:3
BRF:0
BRH:0
end_of_record
TN:
SF:src\real-fns\core\array\mixedFrom-include-non-array.ts
FNF:0
FNH:0
DA:3,222
DA:4,222
DA:7,222
LF:3
LH:3
BRF:0
BRH:0
end_of_record
TN:
SF:src\real-fns\core\array\prefer-clone.ts
FNF:0
FNH:0
DA:1,222
DA:2,222
DA:4,222
LF:3
LH:3
BRF:0
BRH:0
end_of_record
TN:
SF:src\real-fns\core\array\prefer-first.ts
FNF:0
FNH:0
DA:1,222
DA:2,222
DA:4,222
LF:3
LH:3
BRF:0
BRH:0
end_of_record
TN:
SF:src\real-fns\core\array\prefer-fromIterable.ts
FNF:0
FNH:0
DA:3,222
DA:4,222
DA:6,222
LF:3
LH:3
BRF:0
BRH:0
end_of_record
TN:
SF:src\real-fns\core\array\prefer-reverse.ts
FNF:0
FNH:0
DA:1,222
DA:2,222
DA:4,222
LF:3
LH:3
BRF:0
BRH:0
end_of_record
TN:
SF:src\real-fns\core\array\prefer-second.ts
FNF:0
FNH:0
DA:1,222
DA:2,222
DA:4,222
LF:3
LH:3
BRF:0
BRH:0
end_of_record
TN:
SF:src\real-fns\core\array\prefer-sort.ts
FNF:0
FNH:0
DA:1,222
DA:2,222
DA:4,222
LF:3
LH:3
BRF:0
BRH:0
end_of_record
TN:
SF:src\real-fns\core\array\prefer-third.ts
FNF:0
FNH:0
DA:1,222
DA:2,222
DA:4,222
LF:3
LH:3
BRF:0
BRH:0
end_of_record
TN:
SF:src\real-fns\core\array\prefer-truncate.ts
FNF:0
FNH:0
DA:1,222
DA:2,222
DA:4,222
LF:3
LH:3
BRF:0
BRH:0
end_of_record
TN:
SF:src\real-fns\core\converters\index.ts
FNF:0
FNH:0
DA:1,222
DA:2,222
DA:3,222
DA:5,222
LF:4
LH:4
BRF:0
BRH:0
end_of_record
TN:
SF:src\real-fns\core\converters\prefer-number.ts
FNF:0
FNH:0
DA:1,222
DA:2,222
DA:4,222
LF:3
LH:3
BRF:0
BRH:0
end_of_record
TN:
SF:src\real-fns\core\converters\prefer-string.ts
FNF:0
FNH:0
DA:1,222
DA:2,222
DA:4,222
LF:3
LH:3
BRF:0
BRH:0
end_of_record
TN:
SF:src\real-fns\core\guards\array-always-false.ts
FNF:0
FNH:0
DA:1,222
DA:2,222
DA:4,222
LF:3
LH:3
BRF:0
BRH:0
end_of_record
TN:
SF:src\real-fns\core\guards\array-always-true.ts
FNF:0
FNH:0
DA:1,222
DA:2,222
DA:4,222
LF:3
LH:3
BRF:0
BRH:0
end_of_record
TN:
SF:src\real-fns\core\guards\boolean-always-false.ts
FNF:0
FNH:0
DA:1,222
DA:2,222
DA:4,222
LF:3
LH:3
BRF:0
BRH:0
end_of_record
TN:
SF:src\real-fns\core\guards\boolean-always-true.ts
FNF:0
FNH:0
DA:1,222
DA:2,222
DA:4,222
LF:3
LH:3
BRF:0
BRH:0
end_of_record
TN:
SF:src\real-fns\core\guards\callable-always-false.ts
FNF:0
FNH:0
DA:1,222
DA:2,222
DA:4,222
LF:3
LH:3
BRF:0
BRH:0
end_of_record
TN:
SF:src\real-fns\core\guards\callable-always-true.ts
FNF:0
FNH:0
DA:1,222
DA:2,222
DA:4,222
LF:3
LH:3
BRF:0
BRH:0
end_of_record
TN:
SF:src\real-fns\core\guards\empty-always-false.ts
FNF:0
FNH:0
DA:1,222
DA:2,222
DA:4,222
LF:3
LH:3
BRF:0
BRH:0
end_of_record
TN:
SF:src\real-fns\core\guards\empty-always-true.ts
FNF:0
FNH:0
DA:1,222
DA:2,222
DA:4,222
LF:3
LH:3
BRF:0
BRH:0
end_of_record
TN:
SF:src\real-fns\core\guards\enumeration-always-false.ts
FNF:0
FNH:0
DA:1,222
DA:2,222
DA:4,222
LF:3
LH:3
BRF:0
BRH:0
end_of_record
TN:
SF:src\real-fns\core\guards\false-always-false.ts
FNF:0
FNH:0
DA:1,222
DA:2,222
DA:4,222
LF:3
LH:3
BRF:0
BRH:0
end_of_record
TN:
SF:src\real-fns\core\guards\index.ts
FNF:0
FNH:0
DA:1,222
DA:2,222
DA:3,222
DA:4,222
DA:5,222
DA:6,222
DA:7,222
DA:8,222
DA:9,222
DA:10,222
DA:11,222
DA:12,222
DA:13,222
DA:14,222
DA:15,222
DA:16,222
DA:17,222
DA:18,222
DA:19,222
DA:20,222
DA:21,222
DA:22,222
DA:23,222
DA:24,222
DA:25,222
DA:26,222
DA:27,222
DA:28,222
DA:29,222
DA:30,222
DA:31,222
DA:32,222
DA:33,222
DA:34,222
DA:35,222
DA:37,222
LF:36
LH:36
BRF:0
BRH:0
end_of_record
TN:
SF:src\real-fns\core\guards\indexedObject-always-false.ts
FNF:0
FNH:0
DA:3,222
DA:4,222
DA:6,222
LF:3
LH:3
BRF:0
BRH:0
end_of_record
TN:
SF:src\real-fns\core\guards\indexedObject-always-true.ts
FNF:0
FNH:0
DA:3,222
DA:4,222
DA:6,222
LF:3
LH:3
BRF:0
BRH:0
end_of_record
TN:
SF:src\real-fns\core\guards\instanceOf-always-false.ts
FNF:0
FNH:0
DA:3,222
DA:4,222
DA:6,222
LF:3
LH:3
BRF:0
BRH:0
end_of_record
TN:
SF:src\real-fns\core\guards\map-always-false.ts
FNF:0
FNH:0
DA:1,222
DA:2,222
DA:4,222
LF:3
LH:3
BRF:0
BRH:0
end_of_record
TN:
SF:src\real-fns\core\guards\not-empty-always-false.ts
FNF:0
FNH:0
DA:1,222
DA:2,222
DA:4,222
LF:3
LH:3
BRF:0
BRH:0
end_of_record
TN:
SF:src\real-fns\core\guards\not-empty-always-true.ts
FNF:0
FNH:0
DA:1,222
DA:2,222
DA:4,222
LF:3
LH:3
BRF:0
BRH:0
end_of_record
TN:
SF:src\real-fns\core\guards\null-always-false.ts
FNF:0
FNH:0
DA:1,222
DA:2,222
DA:4,222
LF:3
LH:3
BRF:0
BRH:0
end_of_record
TN:
SF:src\real-fns\core\guards\null-always-true.ts
FNF:0
FNH:0
DA:1,222
DA:2,222
DA:4,222
LF:3
LH:3
BRF:0
BRH:0
end_of_record
TN:
SF:src\real-fns\core\guards\numStr-always-false.ts
FNF:0
FNH:0
DA:3,222
DA:4,222
DA:6,222
LF:3
LH:3
BRF:0
BRH:0
end_of_record
TN:
SF:src\real-fns\core\guards\numStr-always-true.ts
FNF:0
FNH:0
DA:3,222
DA:4,222
DA:6,222
LF:3
LH:3
BRF:0
BRH:0
end_of_record
TN:
SF:src\real-fns\core\guards\number-always-false.ts
FNF:0
FNH:0
DA:1,222
DA:2,222
DA:4,222
LF:3
LH:3
BRF:0
BRH:0
end_of_record
TN:
SF:src\real-fns\core\guards\number-always-true.ts
FNF:0
FNH:0
DA:1,222
DA:2,222
DA:4,222
LF:3
LH:3
BRF:0
BRH:0
end_of_record
TN:
SF:src\real-fns\core\guards\object-always-false.ts
FNF:0
FNH:0
DA:1,222
DA:2,222
DA:4,222
LF:3
LH:3
BRF:0
BRH:0
end_of_record
TN:
SF:src\real-fns\core\guards\object-always-true.ts
FNF:0
FNH:0
DA:1,222
DA:2,222
DA:4,222
LF:3
LH:3
BRF:0
BRH:0
end_of_record
TN:
SF:src\real-fns\core\guards\require-object-type-param.ts
FNF:0
FNH:0
DA:1,222
DA:2,222
DA:4,222
LF:3
LH:3
BRF:0
BRH:0
end_of_record
TN:
SF:src\real-fns\core\guards\set-always-false.ts
FNF:0
FNH:0
DA:1,222
DA:2,222
DA:4,222
LF:3
LH:3
BRF:0
BRH:0
end_of_record
TN:
SF:src\real-fns\core\guards\string-always-false.ts
FNF:0
FNH:0
DA:1,222
DA:2,222
DA:4,222
LF:3
LH:3
BRF:0
BRH:0
end_of_record
TN:
SF:src\real-fns\core\guards\string-always-true.ts
FNF:0
FNH:0
DA:1,222
DA:2,222
DA:4,222
LF:3
LH:3
BRF:0
BRH:0
end_of_record
TN:
SF:src\real-fns\core\guards\symbol-always-false.ts
FNF:0
FNH:0
DA:1,222
DA:2,222
DA:4,222
LF:3
LH:3
BRF:0
BRH:0
end_of_record
TN:
SF:src\real-fns\core\guards\symbol-always-true.ts
FNF:0
FNH:0
DA:1,222
DA:2,222
DA:4,222
LF:3
LH:3
BRF:0
BRH:0
end_of_record
TN:
SF:src\real-fns\core\guards\true-always-false.ts
FNF:0
FNH:0
DA:1,222
DA:2,222
DA:4,222
LF:3
LH:3
BRF:0
BRH:0
end_of_record
TN:
SF:src\real-fns\core\guards\tuple-always-false.ts
FNF:0
FNH:0
DA:1,222
DA:2,222
DA:4,222
LF:3
LH:3
BRF:0
BRH:0
end_of_record
TN:
SF:src\real-fns\core\guards\undefined-always-false.ts
FNF:0
FNH:0
DA:1,222
DA:2,222
DA:4,222
LF:3
LH:3
BRF:0
BRH:0
end_of_record
TN:
SF:src\real-fns\core\guards\undefined-always-true.ts
FNF:0
FNH:0
DA:1,222
DA:2,222
DA:4,222
LF:3
LH:3
BRF:0
BRH:0
end_of_record
TN:
SF:src\real-fns\core\json\index.ts
FNF:0
FNH:0
DA:1,222
DA:2,222
DA:4,222
LF:3
LH:3
BRF:0
BRH:0
end_of_record
TN:
SF:src\real-fns\core\json\prefer-json.ts
FNF:0
FNH:0
DA:1,222
DA:2,222
DA:4,222
LF:3
LH:3
BRF:0
BRH:0
end_of_record
TN:
SF:src\real-fns\core\object\index.ts
FNF:0
FNH:0
DA:1,222
DA:2,222
DA:3,222
DA:4,222
DA:5,222
DA:6,222
DA:7,222
DA:8,222
DA:9,222
DA:10,222
DA:11,222
DA:12,222
DA:14,222
LF:13
LH:13
BRF:0
BRH:0
end_of_record
TN:
SF:src\real-fns\core\object\no-array-arg.ts
FNF:0
FNH:0
DA:1,222
DA:2,222
DA:4,222
LF:3
LH:3
BRF:0
BRH:0
end_of_record
TN:
SF:src\real-fns\core\object\no-get.ts
FNF:0
FNH:0
DA:1,222
DA:2,222
DA:4,222
LF:3
LH:3
BRF:0
BRH:0
end_of_record
TN:
SF:src\real-fns\core\object\no-set.ts
FNF:0
FNH:0
DA:1,222
DA:2,222
DA:4,222
LF:3
LH:3
BRF:0
BRH:0
end_of_record
TN:
SF:src\real-fns\core\object\no-unfreeze.ts
FNF:0
FNH:0
DA:1,222
DA:2,222
DA:4,222
LF:3
LH:3
BRF:0
BRH:0
end_of_record
TN:
SF:src\real-fns\core\object\prefer-assign.ts
FNF:0
FNH:0
DA:1,222
DA:2,222
DA:4,222
LF:3
LH:3
BRF:0
BRH:0
end_of_record
TN:
SF:src\real-fns\core\object\prefer-clone.ts
FNF:0
FNH:0
DA:1,222
DA:2,222
DA:4,222
LF:3
LH:3
BRF:0
BRH:0
end_of_record
TN:
SF:src\real-fns\core\object\prefer-entries.ts
FNF:0
FNH:0
DA:1,222
DA:2,222
DA:4,222
LF:3
LH:3
BRF:0
BRH:0
end_of_record
TN:
SF:src\real-fns\core\object\prefer-getPrototypeOf.ts
FNF:0
FNH:0
DA:3,222
DA:4,222
DA:6,222
LF:3
LH:3
BRF:0
BRH:0
end_of_record
TN:
SF:src\real-fns\core\object\prefer-hasOwnProp.ts
FNF:0
FNH:0
DA:3,222
DA:4,222
DA:6,222
LF:3
LH:3
BRF:0
BRH:0
end_of_record
TN:
SF:src\real-fns\core\object\prefer-keys.ts
FNF:0
FNH:0
DA:1,222
DA:2,222
DA:4,222
LF:3
LH:3
BRF:0
BRH:0
end_of_record
TN:
SF:src\real-fns\core\object\prefer-values.ts
FNF:0
FNH:0
DA:1,222
DA:2,222
DA:4,222
LF:3
LH:3
BRF:0
BRH:0
end_of_record
TN:
SF:src\real-fns\core\program-flow\index.ts
FNF:0
FNH:0
DA:1,222
DA:2,222
DA:3,222
DA:4,222
DA:5,222
DA:7,222
LF:6
LH:6
BRF:0
BRH:0
end_of_record
TN:
SF:src\real-fns\core\program-flow\prefer-clearInterval.ts
FNF:0
FNH:0
DA:3,222
DA:4,222
DA:6,222
LF:3
LH:3
BRF:0
BRH:0
end_of_record
TN:
SF:src\real-fns\core\program-flow\prefer-clearTimeout.ts
FNF:0
FNH:0
DA:3,222
DA:4,222
DA:6,222
LF:3
LH:3
BRF:0
BRH:0
end_of_record
TN:
SF:src\real-fns\core\program-flow\prefer-setInterval.ts
FNF:0
FNH:0
DA:3,222
DA:4,222
DA:6,222
LF:3
LH:3
BRF:0
BRH:0
end_of_record
TN:
SF:src\real-fns\core\program-flow\prefer-setTimeout.ts
FNF:0
FNH:0
DA:3,222
DA:4,222
DA:6,222
LF:3
LH:3
BRF:0
BRH:0
end_of_record
TN:
SF:src\real-fns\core\reflect\index.ts
FNF:0
FNH:0
DA:1,222
DA:2,222
DA:3,222
DA:4,222
DA:6,222
LF:5
LH:5
BRF:0
BRH:0
end_of_record
TN:
SF:src\real-fns\core\reflect\no-get.ts
FNF:0
FNH:0
DA:1,222
DA:2,222
DA:4,222
LF:3
LH:3
BRF:0
BRH:0
end_of_record
TN:
SF:src\real-fns\core\reflect\no-set.ts
FNF:0
FNH:0
DA:1,222
DA:2,222
DA:4,222
LF:3
LH:3
BRF:0
BRH:0
end_of_record
TN:
SF:src\real-fns\core\reflect\prefer-reflect.ts
FNF:0
FNH:0
DA:1,222
DA:2,222
DA:4,222
LF:3
LH:3
BRF:0
BRH:0
end_of_record
TN:
SF:src\real-fns\core\types\index.ts
FNF:0
FNH:0
DA:1,222
DA:2,222
DA:3,222
DA:4,222
DA:5,222
DA:6,222
DA:7,222
DA:8,222
DA:9,222
DA:10,222
DA:11,222
DA:12,222
DA:14,222
LF:13
LH:13
BRF:0
BRH:0
end_of_record
TN:
SF:src\real-fns\core\types\no-Writable.ts
FNF:0
FNH:0
DA:3,222
DA:4,222
DA:6,222
LF:3
LH:3
BRF:0
BRH:0
end_of_record
TN:
SF:src\real-fns\core\types\no-ts-toolbelt.ts
FNF:0
FNH:0
DA:1,222
DA:2,222
DA:4,222
LF:3
LH:3
BRF:0
BRH:0
end_of_record
TN:
SF:src\real-fns\core\types\prefer-IndexedObject.ts
FNF:0
FNH:0
DA:3,222
DA:4,222
DA:6,222
LF:3
LH:3
BRF:0
BRH:0
end_of_record
TN:
SF:src\real-fns\core\types\prefer-IndexedRecord.ts
FNF:0
FNH:0
DA:3,222
DA:4,222
DA:6,222
LF:3
LH:3
BRF:0
BRH:0
end_of_record
TN:
SF:src\real-fns\core\types\prefer-NumStr.ts
FNF:0
FNH:0
DA:3,222
DA:4,222
DA:6,222
LF:3
LH:3
BRF:0
BRH:0
end_of_record
TN:
SF:src\real-fns\core\types\prefer-PartialRecord.ts
FNF:0
FNH:0
DA:3,222
DA:4,222
DA:6,222
LF:3
LH:3
BRF:0
BRH:0
end_of_record
TN:
SF:src\real-fns\core\types\prefer-WritableIndexedObject.ts
FNF:0
FNH:0
DA:3,222
DA:4,222
DA:6,222
LF:3
LH:3
BRF:0
BRH:0
end_of_record
TN:
SF:src\real-fns\core\types\prefer-WritableRecord.ts
FNF:0
FNH:0
DA:3,222
DA:4,222
DA:6,222
LF:3
LH:3
BRF:0
BRH:0
end_of_record
TN:
SF:src\real-fns\core\types\prefer-undefined-shorthand-literal.ts
FNF:0
FNH:0
DA:1,222
DA:2,222
DA:4,222
LF:3
LH:3
BRF:0
BRH:0
end_of_record
TN:
SF:src\real-fns\core\types\prefer-undefined-shorthand-type.ts
FNF:0
FNH:0
DA:1,222
DA:2,222
DA:4,222
LF:3
LH:3
BRF:0
BRH:0
end_of_record
TN:
SF:src\real-fns\core\types\prefer-undefined-shorthand-typeName.ts
FNF:0
FNH:0
DA:3,222
DA:4,222
DA:7,222
LF:3
LH:3
BRF:0
BRH:0
end_of_record
TN:
SF:src\real-fns\jest\index.ts
FNF:0
FNH:0
DA:1,222
DA:2,222
DA:4,222
LF:3
LH:3
BRF:0
BRH:0
end_of_record
TN:
SF:src\real-fns\jest\prefer-mockCallsToBe.ts
FNF:0
FNH:0
DA:3,222
DA:4,222
DA:7,222
LF:3
LH:3
BRF:0
BRH:0
end_of_record
TN:
SF:src\real-framework\index.ts
FNF:0
FNH:0
DA:1,222
LF:1
LH:1
BRF:0
BRH:0
end_of_record
TN:
SF:src\rule-templates\export.ts
FN:16,create
FN:39,(anonymous_1)
FN:42,(anonymous_2)
FN:45,(anonymous_3)
FN:50,(anonymous_4)
FN:55,(anonymous_5)
FN:57,(anonymous_6)
FN:60,(anonymous_7)
FNF:8
FNH:8
FNDA:34,create
FNDA:43,(anonymous_1)
FNDA:8,(anonymous_2)
FNDA:3,(anonymous_3)
FNDA:38,(anonymous_4)
FNDA:34,(anonymous_5)
FNDA:3,(anonymous_6)
FNDA:43,(anonymous_7)
DA:1,222
DA:6,222
DA:16,222
DA:18,34
DA:21,34
DA:24,34
DA:26,34
DA:28,34
DA:40,43
DA:43,8
DA:48,3
DA:53,38
DA:57,34
DA:60,43
DA:62,34
LF:15
LH:15
BRDA:43,0,0,3
BRF:1
BRH:1
end_of_record
TN:
SF:src\rule-templates\index.ts
FN:1,(anonymous_0)
FN:2,(anonymous_1)
FNF:2
FNH:2
FNDA:34,(anonymous_0)
FNDA:19,(anonymous_1)
DA:1,256
DA:2,241
LF:2
LH:2
BRF:0
BRH:0
end_of_record
TN:
SF:src\rule-templates\source.internal.ts
FN:3,(anonymous_0)
FNF:1
FNH:1
FNDA:222,(anonymous_0)
DA:3,222
DA:4,222
DA:5,222
LF:3
LH:3
BRDA:3,0,0,222
BRDA:3,0,1,222
BRF:2
BRH:2
end_of_record
TN:
SF:src\rule-templates\source.ts
FN:15,(anonymous_0)
FN:16,(anonymous_1)
FN:31,(anonymous_2)
FN:36,(anonymous_3)
FN:42,(anonymous_4)
FN:47,(anonymous_5)
FNF:6
FNH:6
FNDA:19,(anonymous_0)
FNDA:11,(anonymous_1)
FNDA:4,(anonymous_2)
FNDA:4,(anonymous_3)
FNDA:46,(anonymous_4)
FNDA:10,(anonymous_5)
DA:1,222
DA:2,222
DA:5,222
DA:8,222
DA:15,19
DA:17,11
DA:21,11
DA:23,11
DA:28,11
DA:32,4
DA:34,4
DA:37,4
DA:39,4
DA:40,4
DA:43,46
DA:45,46
DA:48,10
DA:50,10
DA:51,10
LF:19
LH:19
BRDA:17,0,0,11
BRDA:18,1,0,11
BRDA:18,1,1,11
BRDA:23,2,0,11
BRDA:24,3,0,11
BRDA:24,3,1,11
BRDA:24,3,2,11
BRDA:39,4,0,4
BRDA:50,5,0,10
BRDA:50,6,0,10
BRDA:50,6,1,10
BRF:11
BRH:11
end_of_record
TN:
SF:src\typescript\class-methods-use-this.ts
FNF:0
FNH:0
DA:1,222
DA:2,222
DA:4,222
LF:3
LH:3
BRF:0
BRH:0
end_of_record
TN:
SF:src\typescript\consistent-array-type-name.ts
FNF:0
FNH:0
DA:1,222
DA:2,222
DA:4,222
LF:3
LH:3
BRF:0
BRH:0
end_of_record
TN:
SF:src\typescript\define-function-in-one-statement.ts
FNF:0
FNH:0
DA:1,222
DA:2,222
DA:5,222
LF:3
LH:3
BRF:0
BRH:0
end_of_record
TN:
SF:src\typescript\index.ts
FNF:0
FNH:0
DA:1,222
DA:2,222
DA:3,222
DA:4,222
DA:5,222
DA:6,222
DA:7,222
DA:8,222
DA:9,222
DA:10,222
DA:11,222
DA:12,222
DA:13,222
DA:14,222
DA:15,222
DA:16,222
DA:17,222
DA:18,222
DA:19,222
DA:21,222
LF:20
LH:20
BRF:0
BRH:0
end_of_record
TN:
SF:src\typescript\no-boolean-literal-type.ts
FN:5,(anonymous_0)
FNF:1
FNH:1
FNDA:222,(anonymous_0)
DA:1,222
DA:2,222
DA:3,222
DA:5,222
DA:7,222
DA:9,222
LF:6
LH:6
BRF:0
BRH:0
end_of_record
TN:
SF:src\typescript\no-complex-declarator-type.ts
FNF:0
FNH:0
DA:1,222
DA:2,222
DA:4,222
LF:3
LH:3
BRF:0
BRH:0
end_of_record
TN:
SF:src\typescript\no-complex-return-type.ts
FNF:0
FNH:0
DA:1,222
DA:2,222
DA:4,222
LF:3
LH:3
BRF:0
BRH:0
end_of_record
TN:
SF:src\typescript\no-empty-interfaces.ts
FNF:0
FNH:0
DA:1,222
DA:2,222
DA:4,222
LF:3
LH:3
BRF:0
BRH:0
end_of_record
TN:
SF:src\typescript\no-never.ts
FNF:0
FNH:0
DA:1,222
DA:2,222
DA:4,222
LF:3
LH:3
BRF:0
BRH:0
end_of_record
TN:
SF:src\typescript\no-unsafe-object-assign.ts
FNF:0
FNH:0
DA:1,222
DA:2,222
DA:4,222
LF:3
LH:3
BRF:0
BRH:0
end_of_record
TN:
SF:src\typescript\prefer-array-type-alias.ts
FNF:0
FNH:0
DA:1,222
DA:2,222
DA:4,222
LF:3
LH:3
BRF:0
BRH:0
end_of_record
TN:
SF:src\typescript\prefer-class-method.ts
FNF:0
FNH:0
DA:1,222
DA:2,222
DA:4,222
LF:3
LH:3
BRF:0
BRH:0
end_of_record
TN:
SF:src\typescript\prefer-readonly-array.ts
FNF:0
FNH:0
DA:1,222
DA:2,222
DA:4,222
LF:3
LH:3
BRF:0
BRH:0
end_of_record
TN:
SF:src\typescript\prefer-readonly-map.ts
FNF:0
FNH:0
DA:3,222
DA:4,222
DA:6,222
LF:3
LH:3
BRF:0
BRH:0
end_of_record
TN:
SF:src\typescript\prefer-readonly-property.ts
FNF:0
FNH:0
DA:1,222
DA:2,222
DA:4,222
LF:3
LH:3
BRF:0
BRH:0
end_of_record
TN:
SF:src\typescript\prefer-readonly-set.ts
FNF:0
FNH:0
DA:3,222
DA:4,222
DA:6,222
LF:3
LH:3
BRF:0
BRH:0
end_of_record
TN:
SF:src\typescript\require-prop-type-annotation.ts
FNF:0
FNH:0
DA:1,222
DA:2,222
DA:4,222
LF:3
LH:3
BRF:0
BRH:0
end_of_record
TN:
SF:src\typescript\require-this-void.ts
FNF:0
FNH:0
DA:1,222
DA:2,222
DA:4,222
LF:3
LH:3
BRF:0
BRH:0
end_of_record
TN:
SF:src\typescript\base\array-callback-return-type.ts
FN:6,(anonymous_0)
FN:23,(anonymous_1)
FN:24,(anonymous_2)
FNF:3
FNH:3
FNDA:222,(anonymous_0)
FNDA:2,(anonymous_1)
FNDA:9,(anonymous_2)
DA:1,222
DA:2,222
DA:3,222
DA:6,222
DA:7,222
DA:10,222
DA:23,2
DA:25,9
DA:27,9
DA:33,9
DA:35,9
DA:36,9
DA:41,9
DA:44,2
DA:54,222
LF:15
LH:15
BRDA:6,0,0,222
BRDA:6,0,1,222
BRDA:27,1,0,9
BRDA:28,2,0,9
BRDA:28,2,1,9
BRDA:28,2,2,9
BRDA:28,2,3,9
BRDA:35,3,0,9
BRDA:41,4,0,7
BRDA:41,4,1,2
BRF:10
BRH:10
end_of_record
TN:
SF:src\typescript\base\exhaustive-switch.ts
FN:6,(anonymous_0)
FN:32,(anonymous_1)
FN:33,(anonymous_2)
FN:34,(anonymous_3)
FN:38,(anonymous_4)
FN:40,(anonymous_5)
FNF:6
FNH:6
FNDA:222,(anonymous_0)
FNDA:3,(anonymous_1)
FNDA:25,(anonymous_2)
FNDA:140,(anonymous_3)
FNDA:137,(anonymous_4)
FNDA:137,(anonymous_5)
DA:1,222
DA:2,222
DA:4,222
DA:6,222
DA:7,222
DA:10,222
DA:32,3
DA:34,140
DA:37,22
DA:38,137
DA:40,137
DA:42,22
DA:44,22
DA:45,19
LF:14
LH:14
BRDA:6,0,0,222
BRDA:6,0,1,222
BRDA:34,1,0,3
BRDA:34,1,1,22
BRDA:44,2,0,19
BRF:5
BRH:5
end_of_record
TN:
SF:src\typescript\base\index.ts
FNF:0
FNH:0
DA:1,222
DA:2,222
DA:3,222
DA:4,222
DA:5,222
DA:6,222
DA:7,222
DA:9,222
LF:8
LH:8
BRF:0
BRH:0
end_of_record
TN:
SF:src\typescript\base\no-inferrable-types.ts
FN:5,(anonymous_0)
FN:30,(anonymous_1)
FN:31,(anonymous_2)
FNF:3
FNH:3
FNDA:222,(anonymous_0)
FNDA:1,(anonymous_1)
FNDA:3,(anonymous_2)
DA:1,222
DA:2,222
DA:5,222
DA:6,222
DA:9,222
DA:30,1
DA:32,3
DA:34,3
DA:39,2
DA:41,2
DA:43,2
DA:45,2
DA:47,2
DA:48,1
LF:14
LH:14
BRDA:5,0,0,222
BRDA:5,0,1,222
BRDA:34,1,0,2
BRDA:35,2,0,3
BRDA:35,2,1,2
BRDA:35,2,2,2
BRDA:47,3,0,1
BRF:7
BRH:7
end_of_record
TN:
SF:src\typescript\base\no-multi-type-tuples.ts
FN:5,(anonymous_0)
FN:18,(anonymous_1)
FN:19,(anonymous_2)
FNF:3
FNH:3
FNDA:222,(anonymous_0)
FNDA:1,(anonymous_1)
FNDA:2,(anonymous_2)
DA:1,222
DA:2,222
DA:5,222
DA:6,222
DA:9,222
DA:18,1
DA:20,2
DA:21,1
LF:8
LH:8
BRDA:5,0,0,222
BRDA:5,0,1,222
BRDA:20,1,0,1
BRF:3
BRH:3
end_of_record
TN:
SF:src\typescript\base\no-restricted-syntax.ts
FN:24,(anonymous_0)
FN:141,(anonymous_1)
FN:168,(anonymous_2)
FN:173,(anonymous_3)
FN:178,(anonymous_4)
FN:180,(anonymous_5)
FN:192,(anonymous_6)
FN:201,(anonymous_7)
FN:214,(anonymous_8)
FNF:9
FNH:9
FNDA:222,(anonymous_0)
FNDA:100,(anonymous_1)
FNDA:162,(anonymous_2)
FNDA:31,(anonymous_3)
FNDA:100,(anonymous_4)
FNDA:153,(anonymous_5)
FNDA:4,(anonymous_6)
FNDA:150,(anonymous_7)
FNDA:116,(anonymous_8)
DA:1,222
DA:2,222
DA:3,222
DA:24,222
DA:25,222
DA:28,222
DA:156,100
DA:158,100
DA:160,100
DA:162,100
DA:164,100
DA:166,100
DA:169,162
DA:174,31
DA:179,100
DA:180,153
DA:181,153
DA:183,153
DA:184,19
DA:188,134
DA:189,5
DA:192,4
DA:195,129
DA:198,153
DA:202,150
DA:210,116
DA:215,116
LF:27
LH:27
BRDA:24,0,0,222
BRDA:24,0,1,222
BRDA:183,1,0,19
BRDA:184,2,0,18
BRDA:184,2,1,1
BRDA:184,3,0,19
BRDA:184,3,1,18
BRDA:188,4,0,5
BRDA:189,5,0,4
BRDA:189,5,1,1
BRDA:198,6,0,116
BRDA:199,7,0,153
BRDA:199,7,1,151
BRDA:202,8,0,150
BRDA:202,8,1,126
BRDA:202,8,2,117
BRDA:202,8,3,116
BRDA:202,8,4,116
BRDA:202,8,5,115
BRDA:212,9,0,112
BRDA:212,9,1,4
BRDA:212,10,0,116
BRDA:212,10,1,116
BRDA:215,11,0,4
BRDA:215,11,1,112
BRDA:219,12,0,2
BRDA:219,12,1,2
BRF:27
BRH:27
end_of_record
TN:
SF:src\typescript\base\no-unsafe-object-assignment.ts
FN:8,(anonymous_0)
FN:49,(anonymous_1)
FN:51,(anonymous_2)
FN:60,(anonymous_3)
FN:63,(anonymous_4)
FN:66,(anonymous_5)
FN:69,(anonymous_6)
FN:72,(anonymous_7)
FN:77,lintDestSource
FN:89,lintNode
FN:101,lintTypes
FNF:11
FNH:11
FNDA:222,(anonymous_0)
FNDA:12,(anonymous_1)
FNDA:4,(anonymous_2)
FNDA:2,(anonymous_3)
FNDA:7,(anonymous_4)
FNDA:3,(anonymous_5)
FNDA:5,(anonymous_6)
FNDA:26,(anonymous_7)
FNDA:30,lintDestSource
FNDA:11,lintNode
FNDA:28,lintTypes
DA:2,222
DA:3,222
DA:4,222
DA:8,222
DA:9,222
DA:10,222
DA:13,222
DA:50,12
DA:52,4
DA:54,3
DA:55,2
DA:61,2
DA:64,7
DA:67,3
DA:70,5
DA:73,26
DA:78,30
DA:81,19
DA:83,19
DA:85,19
DA:90,11
DA:93,9
DA:95,9
DA:97,9
DA:106,28
DA:108,23
DA:112,22
DA:113,77
DA:116,74
DA:118,74
DA:119,73
DA:124,73
DA:129,73
DA:130,7
DA:136,7
DA:139,1
DA:145,1
DA:149,14
DA:150,27
DA:152,27
DA:154,27
DA:160,2
DA:166,2
LF:43
LH:43
BRDA:8,0,0,222
BRDA:8,0,1,222
BRDA:52,1,0,1
BRDA:52,1,1,3
BRDA:54,2,0,2
BRDA:54,2,1,1
BRDA:67,3,0,2
BRDA:70,4,0,4
BRDA:73,5,0,24
BRDA:78,6,0,11
BRDA:78,6,1,19
BRDA:90,7,0,2
BRDA:90,7,1,9
BRDA:97,8,0,9
BRDA:106,9,0,5
BRDA:106,9,1,23
BRDA:108,10,0,22
BRDA:108,10,1,1
BRDA:109,11,0,23
BRDA:109,11,1,22
BRDA:113,12,0,3
BRDA:113,12,1,74
BRDA:118,13,0,73
BRDA:118,13,1,1
BRDA:129,14,0,7
BRDA:129,15,0,73
BRDA:129,15,1,7
BRDA:154,16,0,2
BRDA:155,17,0,27
BRDA:155,17,1,8
BRDA:155,17,2,8
BRDA:155,17,3,2
BRF:32
BRH:32
end_of_record
TN:
SF:src\typescript\base\prefer-enum.ts
FN:9,(anonymous_0)
FN:34,(anonymous_1)
FN:36,(anonymous_2)
FN:47,(anonymous_3)
FN:50,(anonymous_4)
FN:56,(anonymous_5)
FN:69,lintLiteral
FNF:7
FNH:7
FNDA:222,(anonymous_0)
FNDA:3,(anonymous_1)
FNDA:12,(anonymous_2)
FNDA:22,(anonymous_3)
FNDA:4,(anonymous_4)
FNDA:8,(anonymous_5)
FNDA:30,lintLiteral
DA:3,222
DA:4,222
DA:7,222
DA:9,222
DA:11,222
DA:13,222
DA:16,222
DA:35,3
DA:37,12
DA:39,12
DA:40,12
DA:41,4
DA:43,12
DA:44,4
DA:48,22
DA:51,4
DA:53,4
DA:57,8
DA:62,1
DA:70,30
DA:71,5
LF:21
LH:21
BRDA:9,0,0,222
BRDA:9,0,1,222
BRDA:39,1,0,12
BRDA:40,2,0,4
BRDA:43,3,0,4
BRDA:53,4,0,1
BRDA:54,5,0,4
BRDA:54,5,1,4
BRDA:57,6,0,8
BRDA:57,6,1,8
BRDA:57,6,2,8
BRDA:70,7,0,5
BRDA:70,8,0,30
BRDA:70,8,1,10
BRF:14
BRH:14
end_of_record
TN:
SF:src\utils\TypeCheck.ts
FN:24,(anonymous_0)
FN:47,(anonymous_1)
FN:59,(anonymous_2)
FN:76,(anonymous_3)
FN:91,(anonymous_4)
FN:104,(anonymous_5)
FN:114,(anonymous_6)
FN:126,(anonymous_7)
FN:138,(anonymous_8)
FN:148,(anonymous_9)
FN:159,(anonymous_10)
FN:172,(anonymous_11)
FN:183,(anonymous_12)
FN:195,(anonymous_13)
FN:206,(anonymous_14)
FN:221,(anonymous_15)
FN:229,(anonymous_16)
FN:230,(anonymous_17)
FN:235,(anonymous_18)
FN:236,(anonymous_19)
FN:241,(anonymous_20)
FN:242,(anonymous_21)
FN:247,(anonymous_22)
FN:248,(anonymous_23)
FN:264,(anonymous_24)
FN:275,(anonymous_25)
FN:279,(anonymous_26)
FN:290,(anonymous_27)
FN:291,(anonymous_28)
FN:301,(anonymous_29)
FN:302,(anonymous_30)
FN:313,(anonymous_31)
FN:351,(anonymous_32)
FN:357,(anonymous_33)
FN:413,(anonymous_34)
FN:463,(anonymous_35)
FN:464,(anonymous_36)
FN:474,(anonymous_37)
FN:475,(anonymous_38)
FN:484,(anonymous_39)
FN:501,(anonymous_40)
FN:504,recurs
FN:510,(anonymous_42)
FN:522,(anonymous_43)
FN:525,recurs
FN:533,(anonymous_45)
FN:607,assertExpression
FN:621,checkTypeFlags
FN:634,(anonymous_48)
FNF:49
FNH:49
FNDA:523,(anonymous_0)
FNDA:9,(anonymous_1)
FNDA:13,(anonymous_2)
FNDA:31,(anonymous_3)
FNDA:54,(anonymous_4)
FNDA:9,(anonymous_5)
FNDA:11,(anonymous_6)
FNDA:323,(anonymous_7)
FNDA:34,(anonymous_8)
FNDA:9,(anonymous_9)
FNDA:78,(anonymous_10)
FNDA:5,(anonymous_11)
FNDA:10,(anonymous_12)
FNDA:45,(anonymous_13)
FNDA:150,(anonymous_14)
FNDA:9,(anonymous_15)
FNDA:10,(anonymous_16)
FNDA:3,(anonymous_17)
FNDA:8,(anonymous_18)
FNDA:1,(anonymous_19)
FNDA:6,(anonymous_20)
FNDA:1,(anonymous_21)
FNDA:4,(anonymous_22)
FNDA:2,(anonymous_23)
FNDA:1,(anonymous_24)
FNDA:252,(anonymous_25)
FNDA:26,(anonymous_26)
FNDA:116,(anonymous_27)
FNDA:74,(anonymous_28)
FNDA:115,(anonymous_29)
FNDA:3,(anonymous_30)
FNDA:365,(anonymous_31)
FNDA:2,(anonymous_32)
FNDA:3,(anonymous_33)
FNDA:3,(anonymous_34)
FNDA:126,(anonymous_35)
FNDA:31,(anonymous_36)
FNDA:117,(anonymous_37)
FNDA:8,(anonymous_38)
FNDA:159,(anonymous_39)
FNDA:141,(anonymous_40)
FNDA:153,recurs
FNDA:12,(anonymous_42)
FNDA:18,(anonymous_43)
FNDA:171,recurs
FNDA:153,(anonymous_45)
FNDA:31,assertExpression
FNDA:263,checkTypeFlags
FNDA:50,(anonymous_48)
DA:1,222
DA:2,222
DA:3,222
DA:5,222
DA:12,222
DA:16,222
DA:17,523
DA:25,523
DA:27,523
DA:29,523
DA:36,523
DA:37,523
DA:38,523
DA:48,9
DA:50,9
DA:60,13
DA:62,13
DA:77,31
DA:79,31
DA:81,31
DA:95,54
DA:105,9
DA:115,11
DA:117,11
DA:127,323
DA:129,323
DA:139,34
DA:149,9
DA:162,78
DA:173,5
DA:185,10
DA:196,45
DA:207,150
DA:222,9
DA:224,7
DA:225,7
DA:227,7
DA:228,5
DA:229,10
DA:230,3
DA:232,1
DA:234,4
DA:235,8
DA:236,1
DA:238,1
DA:240,3
DA:241,6
DA:242,1
DA:244,1
DA:246,2
DA:247,4
DA:248,2
DA:250,2
DA:254,2
DA:265,1
DA:276,252
DA:279,26
DA:291,116
DA:302,115
DA:314,365
DA:315,295
DA:317,40
DA:320,5
DA:329,21
DA:338,10
DA:346,34
DA:347,2
DA:349,2
DA:351,2
DA:352,2
DA:356,32
DA:357,2
DA:358,3
DA:361,30
DA:363,30
DA:374,8
DA:383,5
DA:386,7
DA:389,14
DA:397,11
DA:408,10
DA:411,3
DA:414,3
DA:422,14
DA:430,4
DA:438,1
DA:447,86
DA:450,22
DA:453,70
DA:464,126
DA:475,117
DA:485,159
DA:491,523
DA:493,523
DA:502,141
DA:505,153
DA:507,146
DA:509,11
DA:510,12
DA:512,7
DA:523,18
DA:526,171
DA:530,18
DA:532,153
DA:533,153
DA:535,135
DA:538,18
DA:541,27
DA:545,18
DA:549,18
DA:553,18
DA:557,18
DA:561,18
DA:567,222
DA:583,222
DA:594,222
DA:611,31
DA:622,263
DA:623,5
DA:625,5
DA:628,2
DA:631,260
DA:634,50
LF:123
LH:123
BRDA:62,0,0,2
BRDA:62,0,1,11
BRDA:162,1,0,78
BRDA:162,1,1,47
BRDA:222,2,0,2
BRDA:224,3,0,7
BRDA:227,4,0,5
BRDA:228,5,0,1
BRDA:229,6,0,5
BRDA:229,6,1,2
BRDA:234,7,0,1
BRDA:235,8,0,4
BRDA:235,8,1,1
BRDA:240,9,0,1
BRDA:241,10,0,3
BRDA:241,10,1,1
BRDA:246,11,0,2
BRDA:247,12,0,2
BRDA:247,12,1,2
BRDA:276,13,0,138
BRDA:276,13,1,114
BRDA:277,14,0,138
BRDA:277,14,1,134
BRDA:277,14,2,24
BRDA:291,15,0,23
BRDA:291,15,1,93
BRDA:302,16,0,2
BRDA:302,16,1,113
BRDA:314,17,0,295
BRDA:315,18,0,40
BRDA:315,18,1,5
BRDA:315,18,2,21
BRDA:315,18,3,10
BRDA:315,18,4,34
BRDA:315,18,5,8
BRDA:315,18,6,5
BRDA:315,18,7,7
BRDA:315,18,8,14
BRDA:315,18,9,11
BRDA:315,18,10,10
BRDA:315,18,11,3
BRDA:315,18,12,14
BRDA:315,18,13,4
BRDA:315,18,14,1
BRDA:315,18,15,86
BRDA:315,18,16,22
BRDA:321,19,0,5
BRDA:321,19,1,5
BRDA:330,20,0,21
BRDA:330,20,1,16
BRDA:346,21,0,2
BRDA:356,22,0,2
BRDA:363,23,0,17
BRDA:363,23,1,13
BRDA:363,24,0,30
BRDA:363,24,1,17
BRDA:364,25,0,17
BRDA:364,25,1,15
BRDA:375,26,0,8
BRDA:375,26,1,7
BRDA:398,27,0,11
BRDA:398,27,1,4
BRDA:398,27,2,3
BRDA:439,28,0,1
BRDA:439,28,1,1
BRDA:464,29,0,18
BRDA:464,29,1,108
BRDA:475,30,0,5
BRDA:475,30,1,112
BRDA:485,31,0,18
BRDA:485,31,1,141
BRDA:485,32,0,159
BRDA:485,32,1,18
BRDA:505,33,0,7
BRDA:507,34,0,135
BRDA:509,35,0,4
BRDA:526,36,0,18
BRDA:527,37,0,171
BRDA:527,37,1,162
BRDA:532,38,0,18
BRDA:535,39,0,9
BRDA:535,39,1,18
BRDA:535,39,2,27
BRDA:535,39,3,9
BRDA:535,39,4,18
BRDA:535,39,5,9
BRDA:535,39,6,18
BRDA:535,39,7,9
BRDA:535,39,8,18
BRDA:535,39,9,9
BRDA:535,39,10,18
BRDA:535,39,11,9
BRDA:535,39,12,18
BRDA:622,40,0,5
BRDA:625,41,0,3
BRDA:632,42,0,260
BRDA:632,42,1,158
BRDA:632,42,2,27
BRF:98
BRH:98
end_of_record
TN:
SF:src\utils\compare.ts
FN:10,compare
FNF:1
FNH:1
FNDA:382,compare
DA:1,222
DA:10,222
DA:11,382
LF:3
LH:3
BRF:0
BRH:0
end_of_record
TN:
SF:src\utils\configurable-selector.ts
FN:12,get
FNF:1
FNH:1
FNDA:11,get
DA:1,222
DA:2,222
DA:12,222
DA:13,11
DA:16,11
DA:18,11
DA:23,11
DA:25,11
LF:8
LH:8
BRDA:16,0,0,1
BRDA:16,0,1,10
BRF:2
BRH:2
end_of_record
TN:
SF:src\utils\create-rule.internal.ts
FN:39,createContext
FN:61,(anonymous_1)
FN:62,(anonymous_2)
FN:64,(anonymous_3)
FN:65,(anonymous_4)
FN:72,(anonymous_5)
FN:77,(anonymous_6)
FN:78,(anonymous_7)
FN:81,(anonymous_8)
FN:96,(anonymous_9)
FN:98,(anonymous_10)
FN:127,(anonymous_11)
FN:139,(anonymous_12)
FN:153,(anonymous_13)
FN:171,(anonymous_14)
FN:188,getCommentRanges
FN:189,(anonymous_16)
FN:192,getFullRange
FN:194,(anonymous_18)
FN:199,getText
FN:209,identifierFromPath
FN:217,(anonymous_21)
FN:218,(anonymous_22)
FN:230,stripExtension
FN:237,textFromPath
FN:250,(anonymous_25)
FN:251,(anonymous_26)
FN:263,getProjectConfig
FN:332,shouldBeLinted
FN:351,stripBase
FNF:30
FNH:30
FNDA:523,createContext
FNDA:85,(anonymous_1)
FNDA:26,(anonymous_2)
FNDA:186,(anonymous_3)
FNDA:27,(anonymous_4)
FNDA:88,(anonymous_5)
FNDA:14,(anonymous_6)
FNDA:25,(anonymous_7)
FNDA:194,(anonymous_8)
FNDA:40,(anonymous_9)
FNDA:40,(anonymous_10)
FNDA:523,(anonymous_11)
FNDA:73,(anonymous_12)
FNDA:95,(anonymous_13)
FNDA:95,(anonymous_14)
FNDA:664,getCommentRanges
FNDA:92,(anonymous_16)
FNDA:542,getFullRange
FNDA:41,(anonymous_18)
FNDA:191,getText
FNDA:111,identifierFromPath
FNDA:120,(anonymous_21)
FNDA:116,(anonymous_22)
FNDA:146,stripExtension
FNDA:11,textFromPath
FNDA:9,(anonymous_25)
FNDA:9,(anonymous_26)
FNDA:526,getProjectConfig
FNDA:95,shouldBeLinted
FNDA:101,stripBase
DA:17,223
DA:18,223
DA:19,223
DA:22,223
DA:23,223
DA:25,223
DA:39,223
DA:49,523
DA:51,523
DA:53,523
DA:55,523
DA:57,523
DA:62,85
DA:64,186
DA:66,27
DA:68,27
DA:70,27
DA:72,88
DA:77,14
DA:79,25
DA:82,194
DA:83,178
DA:85,178
DA:87,178
DA:90,131
DA:97,40
DA:99,40
DA:100,1
DA:102,1
DA:105,39
DA:106,4
DA:108,4
DA:111,35
DA:117,6
DA:119,6
DA:121,6
DA:124,29
DA:128,523
DA:133,523
DA:135,523
DA:138,523
DA:140,73
DA:141,73
DA:144,73
DA:146,73
DA:152,73
DA:153,95
DA:160,73
DA:162,73
DA:168,73
DA:171,95
DA:175,73
DA:179,523
DA:189,664
DA:193,542
DA:194,41
DA:202,191
DA:204,134
DA:206,54
DA:210,111
DA:212,111
DA:214,111
DA:216,110
DA:217,120
DA:219,116
DA:225,110
DA:231,146
DA:232,390
DA:234,98
DA:242,11
DA:244,11
DA:246,11
DA:248,9
DA:250,9
DA:251,9
DA:253,9
DA:263,223
DA:264,526
DA:265,525
DA:267,525
DA:270,2
DA:320,223
DA:333,95
DA:339,95
DA:341,95
DA:352,101
DA:357,101
LF:87
LH:87
BRDA:82,0,0,178
BRDA:87,1,0,63
BRDA:99,2,0,1
BRDA:105,3,0,4
BRDA:111,4,0,6
BRDA:112,5,0,35
BRDA:112,5,1,34
BRDA:112,5,2,34
BRDA:112,5,3,31
BRDA:138,6,0,73
BRDA:138,6,1,450
BRDA:138,7,0,523
BRDA:138,7,1,472
BRDA:138,7,2,450
BRDA:144,8,0,49
BRDA:144,8,1,24
BRDA:144,9,0,73
BRDA:144,9,1,73
BRDA:202,10,0,57
BRDA:204,11,0,80
BRDA:214,12,0,1
BRDA:217,13,0,120
BRDA:217,13,1,110
BRDA:221,14,0,6
BRDA:221,14,1,110
BRDA:225,15,0,14
BRDA:225,15,1,96
BRDA:225,16,0,110
BRDA:225,16,1,29
BRDA:232,17,0,48
BRDA:246,18,0,2
BRDA:250,19,0,9
BRDA:250,19,1,9
BRDA:253,20,0,5
BRDA:253,20,1,4
BRDA:263,21,0,523
BRDA:264,22,0,525
BRDA:267,23,0,524
BRDA:334,24,0,2
BRDA:334,24,1,93
BRDA:334,25,0,95
BRDA:334,25,1,95
BRDA:334,26,0,2
BRDA:334,26,1,93
BRDA:334,27,0,95
BRDA:334,27,1,95
BRDA:351,28,0,6
BRF:47
BRH:47
end_of_record
TN:
SF:src\utils\create-rule.ts
FN:24,createRule
FN:58,(anonymous_1)
FN:62,(anonymous_2)
FN:88,(anonymous_3)
FNF:4
FNH:4
FNDA:8214,createRule
FNDA:8214,(anonymous_1)
FNDA:523,(anonymous_2)
FNDA:379,(anonymous_3)
DA:12,222
DA:13,222
DA:15,222
DA:16,222
DA:24,222
DA:41,8214
DA:43,8214
DA:57,8214
DA:58,8214
DA:61,8214
DA:66,523
DA:68,523
DA:70,523
DA:72,523
DA:74,523
DA:75,379
DA:80,379
DA:81,379
DA:83,379
DA:84,379
DA:86,379
DA:89,379
DA:90,40
DA:92,379
DA:93,246
DA:99,144
LF:26
LH:26
BRDA:74,0,0,379
BRDA:74,1,0,523
BRDA:74,1,1,379
BRDA:80,2,0,379
BRDA:89,3,0,40
BRDA:92,4,0,246
BRDA:101,5,0,3108
BRDA:101,5,1,5106
BRDA:101,6,0,8214
BRDA:101,6,1,8214
BRF:10
BRH:10
end_of_record
TN:
SF:src\utils\index.ts
FN:6,(anonymous_0)
FN:7,(anonymous_1)
FN:8,(anonymous_2)
FNF:3
FNH:3
FNDA:2,(anonymous_0)
FNDA:8214,(anonymous_1)
FNDA:1263,(anonymous_2)
DA:1,222
DA:2,222
DA:3,222
DA:4,222
DA:5,222
DA:6,224
DA:7,8436
DA:8,1485
LF:8
LH:8
BRF:0
BRH:0
end_of_record
TN:
SF:src\utils\misc.ts
FN:71,createFileMatcher
FN:80,(anonymous_1)
FN:81,(anonymous_2)
FN:86,(anonymous_3)
FN:86,(anonymous_4)
FN:87,(anonymous_5)
FN:97,(anonymous_6)
FN:98,(anonymous_7)
FN:108,createRegexpMatcher
FN:115,(anonymous_9)
FN:116,(anonymous_10)
FN:122,(anonymous_11)
FN:122,(anonymous_12)
FN:123,(anonymous_13)
FN:132,mergeListeners
FN:142,(anonymous_15)
FN:144,(anonymous_16)
FN:161,nodeText
FN:183,selector
FN:196,setCasing
FN:218,wrapRule
FN:240,(anonymous_21)
FN:241,(anonymous_22)
FN:253,(anonymous_23)
FNF:24
FNH:24
FNDA:332,createFileMatcher
FNDA:43,(anonymous_1)
FNDA:109,(anonymous_2)
FNDA:67,(anonymous_3)
FNDA:109,(anonymous_4)
FNDA:30,(anonymous_5)
FNDA:52,(anonymous_6)
FNDA:92,(anonymous_7)
FNDA:42,createRegexpMatcher
FNDA:18,(anonymous_9)
FNDA:29,(anonymous_10)
FNDA:29,(anonymous_11)
FNDA:29,(anonymous_12)
FNDA:15,(anonymous_13)
FNDA:297,mergeListeners
FNDA:917,(anonymous_15)
FNDA:852,(anonymous_16)
FNDA:357,nodeText
FNDA:575,selector
FNDA:153,setCasing
FNDA:40626,wrapRule
FNDA:233,(anonymous_21)
FNDA:233,(anonymous_22)
FNDA:2848,(anonymous_23)
DA:1,223
DA:2,223
DA:23,223
DA:32,223
DA:34,223
DA:36,223
DA:38,223
DA:43,223
DA:48,223
DA:53,223
DA:55,223
DA:57,223
DA:71,223
DA:76,332
DA:78,330
DA:79,222
DA:81,43
DA:82,109
DA:85,222
DA:86,109
DA:87,30
DA:90,108
DA:92,108
DA:94,108
DA:96,108
DA:97,52
DA:98,92
DA:108,223
DA:112,42
DA:114,28
DA:116,18
DA:118,29
DA:121,28
DA:122,29
DA:123,15
DA:132,223
DA:133,297
DA:135,297
DA:136,852
DA:137,938
DA:140,297
DA:142,917
DA:145,909
DA:161,223
DA:165,357
DA:167,203
DA:170,145
DA:173,9
DA:183,223
DA:184,575
DA:186,575
DA:196,223
DA:197,153
DA:199,114
DA:202,24
DA:205,14
DA:208,1
DA:218,223
DA:221,40626
DA:223,40626
DA:238,40626
DA:241,233
DA:242,233
DA:244,233
DA:249,233
DA:254,2848
LF:66
LH:66
BRDA:76,0,0,2
BRDA:78,1,0,222
BRDA:85,2,0,25
BRDA:85,2,1,197
BRDA:96,3,0,16
BRDA:96,3,1,92
BRDA:96,4,0,108
BRDA:96,4,1,103
BRDA:97,5,0,52
BRDA:97,5,1,36
BRDA:112,6,0,14
BRDA:121,7,0,18
BRDA:121,7,1,10
BRDA:165,8,0,203
BRDA:165,8,1,145
BRDA:165,8,2,9
BRDA:186,9,0,231
BRDA:186,9,1,344
BRDA:197,10,0,114
BRDA:197,10,1,24
BRDA:197,10,2,14
BRDA:197,10,3,1
BRDA:228,11,0,11544
BRDA:228,11,1,29082
BRDA:231,12,0,11544
BRDA:231,12,1,29082
BRDA:234,13,0,11544
BRDA:234,13,1,29082
BRDA:244,14,0,1
BRDA:244,14,1,232
BRDA:244,15,0,233
BRDA:244,15,1,233
BRDA:254,16,0,271
BRDA:254,16,1,2577
BRF:34
BRH:34
end_of_record
TN:
SF:src\utils\sort.internal.ts
FN:4,(anonymous_0)
FNF:1
FNH:1
FNDA:222,(anonymous_0)
DA:4,222
DA:5,222
DA:6,222
LF:3
LH:3
BRDA:4,0,0,222
BRDA:4,0,1,222
BRF:2
BRH:2
end_of_record
TN:
SF:src\utils\sort.ts
FN:18,(anonymous_0)
FN:26,(anonymous_1)
FN:30,(anonymous_2)
FN:103,sortGroup
FN:112,(anonymous_4)
FN:113,(anonymous_5)
FN:146,(anonymous_6)
FN:151,(anonymous_7)
FNF:8
FNH:8
FNDA:153,(anonymous_0)
FNDA:188,(anonymous_1)
FNDA:6,(anonymous_2)
FNDA:159,sortGroup
FNDA:357,(anonymous_4)
FNDA:376,(anonymous_5)
FNDA:1,(anonymous_6)
FNDA:51,(anonymous_7)
DA:4,222
DA:5,222
DA:7,222
DA:8,222
DA:10,222
DA:23,153
DA:27,188
DA:29,188
DA:30,182
DA:32,182
DA:34,182
DA:36,178
DA:38,174
DA:39,4
DA:41,170
DA:44,6
DA:49,153
DA:54,153
DA:59,153
DA:61,153
DA:62,369
DA:64,369
DA:66,6
DA:67,6
DA:71,153
DA:108,159
DA:109,106
DA:111,106
DA:112,357
DA:113,376
DA:116,106
DA:122,106
DA:123,357
DA:126,151
DA:128,151
DA:129,151
DA:130,151
DA:136,106
DA:137,52
DA:142,52
DA:146,1
DA:151,51
LF:42
LH:42
BRDA:29,0,0,182
BRDA:34,1,0,4
BRDA:36,2,0,4
BRDA:36,3,0,178
BRDA:36,3,1,14
BRDA:38,4,0,4
BRDA:38,5,0,174
BRDA:38,5,1,26
BRDA:49,6,0,2
BRDA:49,6,1,151
BRDA:54,7,0,10
BRDA:54,7,1,143
BRDA:64,8,0,363
BRDA:64,8,1,6
BRDA:108,9,0,106
BRDA:123,10,0,206
BRDA:123,10,1,151
BRDA:128,11,0,99
BRDA:128,11,1,52
BRDA:129,12,0,99
BRDA:129,12,1,52
BRDA:136,13,0,52
BRDA:143,14,0,1
BRDA:143,14,1,51
BRF:24
BRH:24
end_of_record
TN:
SF:src\utils\synonyms.ts
FN:13,getSynonyms
FN:18,(anonymous_1)
FN:25,(anonymous_2)
FN:26,(anonymous_3)
FNF:4
FNH:4
FNDA:224,getSynonyms
FNDA:48841,(anonymous_1)
FNDA:5330,(anonymous_2)
FNDA:75482,(anonymous_3)
DA:2,222
DA:3,222
DA:13,222
DA:17,224
DA:18,48841
DA:20,223
DA:22,223
DA:24,223
DA:26,5330
DA:27,75482
DA:30,5330
DA:34,223
DA:37,1
LF:13
LH:13
BRDA:17,0,0,223
BRDA:30,1,0,5329
BRDA:30,1,1,1
BRF:3
BRH:3
end_of_record
TN:
SF:src\utils\test.ts
FN:22,getMessageId
FN:26,(anonymous_1)
FN:38,testRule
FN:63,(anonymous_3)
FN:67,(anonymous_4)
FN:74,(anonymous_5)
FNF:6
FNH:6
FNDA:220,getMessageId
FNDA:261,(anonymous_1)
FNDA:220,testRule
FNDA:381,(anonymous_3)
FNDA:584,(anonymous_4)
FNDA:80,(anonymous_5)
DA:12,222
DA:13,222
DA:14,222
DA:22,222
DA:25,220
DA:26,261
DA:38,222
DA:48,220
DA:61,220
DA:63,381
DA:67,584
DA:74,80
LF:12
LH:12
BRDA:46,0,0,184
BRDA:69,1,0,19
BRDA:69,1,1,362
BRDA:69,2,0,381
BRDA:69,2,1,381
BRDA:70,3,0,62
BRDA:70,3,1,319
BRDA:70,4,0,381
BRDA:70,4,1,381
BRDA:77,5,0,14
BRDA:77,5,1,66
BRDA:77,6,0,80
BRDA:77,6,1,80
BRF:13
BRH:13
end_of_record
TN:
SF:src\utils\types\index.ts
FNF:0
FNH:0
DA:1,223
DA:2,223
DA:3,223
DA:4,223
LF:4
LH:4
BRF:0
BRH:0
end_of_record
TN:
SF:src\utils\types\misc.ts
FN:8,(anonymous_0)
FN:16,(anonymous_1)
FN:21,(anonymous_2)
FNF:3
FNH:3
FNDA:223,(anonymous_0)
FNDA:223,(anonymous_1)
FNDA:223,(anonymous_2)
DA:8,223
DA:9,223
DA:11,223
DA:13,223
DA:16,223
DA:17,223
DA:18,223
DA:21,223
DA:22,223
DA:23,223
DA:24,223
DA:25,223
DA:26,223
DA:27,223
DA:28,223
DA:29,223
DA:30,223
DA:31,223
DA:32,223
DA:33,223
DA:34,223
DA:35,223
DA:36,223
DA:37,223
DA:38,223
LF:25
LH:25
BRDA:8,0,0,223
BRDA:8,0,1,223
BRDA:16,1,0,223
BRDA:16,1,1,223
BRDA:21,2,0,223
BRDA:21,2,1,223
BRF:6
BRH:6
end_of_record
TN:
SF:src\vue\component-name.ts
FNF:0
FNH:0
DA:1,222
DA:2,222
DA:4,222
LF:3
LH:3
BRF:0
BRH:0
end_of_record
TN:
SF:src\vue\index.ts
FNF:0
FNH:0
DA:1,222
DA:2,222
DA:3,222
DA:4,222
DA:5,222
DA:6,222
DA:8,222
LF:7
LH:7
BRF:0
BRH:0
end_of_record
TN:
SF:src\vue\no-complex-declarator-type.ts
FNF:0
FNH:0
DA:1,222
DA:2,222
DA:4,222
LF:3
LH:3
BRF:0
BRH:0
end_of_record
TN:
SF:src\vue\no-complex-return-type.ts
FNF:0
FNH:0
DA:1,222
DA:2,222
DA:4,222
LF:3
LH:3
BRF:0
BRH:0
end_of_record
TN:
SF:src\vue\no-empty-lines.ts
FNF:0
FNH:0
DA:1,222
DA:2,222
DA:4,222
LF:3
LH:3
BRF:0
BRH:0
end_of_record
TN:
SF:src\vue\base\element-contents-spacing.ts
FN:9,(anonymous_0)
FN:39,(anonymous_1)
FN:40,(anonymous_2)
FN:42,(anonymous_3)
FN:60,(anonymous_4)
FN:67,(anonymous_5)
FNF:6
FNH:6
FNDA:222,(anonymous_0)
FNDA:8,(anonymous_1)
FNDA:32,(anonymous_2)
FNDA:32,(anonymous_3)
FNDA:4,(anonymous_4)
FNDA:4,(anonymous_5)
DA:1,222
DA:6,222
DA:9,222
DA:10,222
DA:11,222
DA:14,222
DA:39,8
DA:41,32
DA:42,32
DA:43,32
DA:45,32
DA:47,32
DA:49,32
DA:52,32
DA:54,32
DA:56,32
DA:58,32
DA:59,4
DA:60,4
DA:65,32
DA:66,4
DA:67,4
LF:22
LH:22
BRDA:9,0,0,222
BRDA:9,0,1,222
BRDA:41,1,0,32
BRDA:58,2,0,4
BRDA:58,3,0,32
BRDA:58,3,1,20
BRDA:58,3,2,18
BRDA:65,4,0,4
BRDA:65,5,0,32
BRDA:65,5,1,12
BRDA:65,5,2,10
BRF:11
BRH:11
end_of_record
TN:
SF:src\vue\base\index.ts
FNF:0
FNH:0
DA:1,222
DA:2,222
DA:3,222
DA:5,222
LF:4
LH:4
BRF:0
BRH:0
end_of_record
TN:
SF:src\vue\base\no-readonly-v-model.ts
FN:8,(anonymous_0)
FN:61,(anonymous_1)
FN:68,(anonymous_2)
FN:95,(anonymous_3)
FN:100,(anonymous_4)
FN:104,(anonymous_5)
FNF:6
FNH:6
FNDA:222,(anonymous_0)
FNDA:4,(anonymous_1)
FNDA:4,(anonymous_2)
FNDA:2,(anonymous_3)
FNDA:2,(anonymous_4)
FNDA:4,(anonymous_5)
DA:1,222
DA:3,222
DA:8,222
DA:9,222
DA:12,222
DA:62,4
DA:65,4
DA:67,4
DA:69,4
DA:70,4
DA:77,4
DA:79,4
DA:80,4
DA:82,4
DA:86,4
DA:87,2
DA:96,2
DA:97,2
DA:101,2
DA:102,2
DA:105,4
DA:106,4
LF:22
LH:22
BRDA:8,0,0,222
BRDA:8,0,1,222
BRDA:70,1,0,4
BRDA:71,2,0,4
BRDA:71,2,1,4
BRDA:71,2,2,4
BRDA:71,2,3,4
BRDA:71,2,4,4
BRDA:79,3,0,4
BRDA:86,4,0,2
BRDA:86,5,0,4
BRDA:86,5,1,4
BRDA:96,6,0,2
BRDA:101,7,0,2
BRDA:105,8,0,4
BRDA:105,9,0,4
BRDA:105,9,1,4
BRF:17
BRH:17
end_of_record
TN:
SF:src\vue\base\sort-v-bind.ts
FN:6,(anonymous_0)
FN:27,(anonymous_1)
FN:28,(anonymous_2)
FN:31,(anonymous_3)
FN:40,(anonymous_4)
FNF:5
FNH:5
FNDA:222,(anonymous_0)
FNDA:3,(anonymous_1)
FNDA:8,(anonymous_2)
FNDA:10,(anonymous_3)
FNDA:8,(anonymous_4)
DA:1,222
DA:4,222
DA:6,222
DA:7,222
DA:10,222
DA:27,3
DA:29,8
DA:30,5
DA:32,10
DA:37,5
DA:40,8
DA:43,1
LF:12
LH:12
BRDA:6,0,0,222
BRDA:6,0,1,222
BRDA:29,1,0,5
BRDA:32,2,0,10
BRDA:32,2,1,6
BRDA:32,2,2,3
BRDA:37,3,0,1
BRDA:38,4,0,5
BRDA:38,4,1,3
BRDA:40,5,0,8
BRDA:40,5,1,2
BRF:11
BRH:11
end_of_record
