TN:
SF:src\configs.ts
FN:16,(anonymous_0)
FN:98,rules
FN:99,(anonymous_2)
FNF:3
FNH:3
FNDA:220,(anonymous_0)
FNDA:3520,rules
FNDA:47960,(anonymous_2)
DA:1,220
DA:3,220
DA:4,220
DA:5,220
DA:6,220
DA:7,220
DA:8,220
DA:9,220
DA:10,220
DA:11,220
DA:12,220
DA:13,220
DA:14,220
DA:16,220
DA:17,220
DA:66,220
DA:99,47960
LF:17
LH:17
BRF:0
BRH:0
end_of_record
TN:
SF:src\index.ts
FN:2,(anonymous_0)
FN:3,(anonymous_1)
FNF:2
FNH:2
FNDA:1,(anonymous_0)
FNDA:218,(anonymous_1)
DA:1,220
DA:2,221
DA:3,438
LF:3
LH:3
BRF:0
BRH:0
end_of_record
TN:
SF:src\rules.core.ts
FNF:0
FNH:0
DA:1,220
DA:2,220
DA:3,220
DA:4,220
DA:5,220
DA:6,220
DA:7,220
DA:8,220
DA:9,220
DA:10,220
DA:11,220
DA:12,220
DA:14,220
LF:13
LH:13
BRF:0
BRH:0
end_of_record
TN:
SF:src\rules.ts
FNF:0
FNH:0
DA:1,220
DA:2,220
DA:4,220
LF:3
LH:3
BRF:0
BRH:0
end_of_record
TN:
SF:src\core\class-match-filename.ts
FNF:0
FNH:0
DA:1,220
DA:2,220
DA:4,220
LF:3
LH:3
BRF:0
BRH:0
end_of_record
TN:
SF:src\core\consistent-source-extension.ts
FNF:0
FNH:0
DA:1,220
DA:2,220
DA:4,220
LF:3
LH:3
BRF:0
BRH:0
end_of_record
TN:
SF:src\core\consistent-symbol-description.ts
FNF:0
FNH:0
DA:1,220
DA:2,220
DA:4,220
LF:3
LH:3
BRF:0
BRH:0
end_of_record
TN:
SF:src\core\index.ts
FNF:0
FNH:0
DA:1,220
DA:2,220
DA:3,220
DA:4,220
DA:5,220
DA:6,220
DA:7,220
DA:8,220
DA:9,220
DA:10,220
DA:11,220
DA:12,220
DA:13,220
DA:14,220
DA:15,220
DA:16,220
DA:17,220
DA:18,220
DA:19,220
DA:20,220
DA:21,220
DA:22,220
DA:23,220
DA:24,220
DA:25,220
DA:27,220
LF:26
LH:26
BRF:0
BRH:0
end_of_record
TN:
SF:src\core\max-identifier-blocks.ts
FN:5,(anonymous_0)
FNF:1
FNH:1
FNDA:220,(anonymous_0)
DA:1,220
DA:2,220
DA:3,220
DA:5,220
DA:6,220
DA:8,220
LF:6
LH:6
BRF:0
BRH:0
end_of_record
TN:
SF:src\core\no-at-sign-import.ts
FNF:0
FNH:0
DA:1,220
DA:2,220
DA:4,220
LF:3
LH:3
BRF:0
BRH:0
end_of_record
TN:
SF:src\core\no-at-sign-internal-import.ts
FNF:0
FNH:0
DA:1,220
DA:2,220
DA:5,220
LF:3
LH:3
BRF:0
BRH:0
end_of_record
TN:
SF:src\core\no-chain-coalescence-mixture.ts
FNF:0
FNH:0
DA:1,220
DA:2,220
DA:4,220
LF:3
LH:3
BRF:0
BRH:0
end_of_record
TN:
SF:src\core\no-index-import.ts
FNF:0
FNH:0
DA:1,220
DA:2,220
DA:4,220
LF:3
LH:3
BRF:0
BRH:0
end_of_record
TN:
SF:src\core\no-internal-modules.ts
FNF:0
FNH:0
DA:1,220
DA:2,220
DA:4,220
LF:3
LH:3
BRF:0
BRH:0
end_of_record
TN:
SF:src\core\no-language-mixing.ts
FN:5,(anonymous_0)
FNF:1
FNH:1
FNDA:220,(anonymous_0)
DA:1,220
DA:2,220
DA:3,220
DA:5,220
DA:6,220
DA:8,220
DA:10,220
DA:12,220
DA:14,220
LF:9
LH:9
BRF:0
BRH:0
end_of_record
TN:
SF:src\core\no-negated-conditions.ts
FNF:0
FNH:0
DA:1,220
DA:2,220
DA:4,220
LF:3
LH:3
BRF:0
BRH:0
end_of_record
TN:
SF:src\core\no-nodejs-modules.ts
FNF:0
FNH:0
DA:1,220
DA:2,220
DA:4,220
LF:3
LH:3
BRF:0
BRH:0
end_of_record
TN:
SF:src\core\no-param-reassign.ts
FNF:0
FNH:0
DA:1,220
DA:2,220
DA:4,220
LF:3
LH:3
BRF:0
BRH:0
end_of_record
TN:
SF:src\core\no-relative-parent-import.ts
FNF:0
FNH:0
DA:1,220
DA:2,220
DA:4,220
LF:3
LH:3
BRF:0
BRH:0
end_of_record
TN:
SF:src\core\no-shadow.ts
FNF:0
FNH:0
DA:1,220
DA:2,220
DA:4,220
LF:3
LH:3
BRF:0
BRH:0
end_of_record
TN:
SF:src\core\no-underscore-export.ts
FNF:0
FNH:0
DA:1,220
DA:2,220
DA:4,220
LF:3
LH:3
BRF:0
BRH:0
end_of_record
TN:
SF:src\core\no-unnecessary-as-const.ts
FNF:0
FNH:0
DA:1,220
DA:2,220
DA:4,220
LF:3
LH:3
BRF:0
BRH:0
end_of_record
TN:
SF:src\core\no-unnecessary-break.ts
FNF:0
FNH:0
DA:1,220
DA:2,220
DA:4,220
LF:3
LH:3
BRF:0
BRH:0
end_of_record
TN:
SF:src\core\no-unnecessary-initialization.ts
FNF:0
FNH:0
DA:1,220
DA:2,220
DA:4,220
LF:3
LH:3
BRF:0
BRH:0
end_of_record
TN:
SF:src\core\prefer-arrow-function-property.ts
FNF:0
FNH:0
DA:1,220
DA:2,220
DA:4,220
LF:3
LH:3
BRF:0
BRH:0
end_of_record
TN:
SF:src\core\prefer-const-require.ts
FNF:0
FNH:0
DA:1,220
DA:2,220
DA:4,220
LF:3
LH:3
BRF:0
BRH:0
end_of_record
TN:
SF:src\core\restrict-identifier-characters.ts
FNF:0
FNH:0
DA:1,220
DA:2,220
DA:4,220
LF:3
LH:3
BRF:0
BRH:0
end_of_record
TN:
SF:src\core\sort-call-signature.ts
FNF:0
FNH:0
DA:1,220
DA:2,220
DA:4,220
LF:3
LH:3
BRF:0
BRH:0
end_of_record
TN:
SF:src\core\sort-construct-signature.ts
FNF:0
FNH:0
DA:1,220
DA:2,220
DA:4,220
LF:3
LH:3
BRF:0
BRH:0
end_of_record
TN:
SF:src\core\base\comment-spacing.ts
FN:9,(anonymous_0)
FN:52,(anonymous_1)
FN:53,(anonymous_2)
FN:72,(anonymous_3)
FN:92,isMultiline
FNF:5
FNH:5
FNDA:220,(anonymous_0)
FNDA:7,(anonymous_1)
FNDA:22,(anonymous_2)
FNDA:8,(anonymous_3)
FNDA:34,isMultiline
DA:1,220
DA:7,220
DA:9,220
DA:10,220
DA:11,220
DA:14,220
DA:52,7
DA:56,22
DA:57,17
DA:59,17
DA:61,17
DA:63,17
DA:66,17
DA:68,17
DA:71,8
DA:72,8
DA:93,34
DA:95,34
LF:18
LH:18
BRDA:9,0,0,220
BRDA:9,0,1,220
BRDA:61,1,0,17
BRDA:61,1,1,8
BRDA:66,2,0,4
BRDA:66,2,1,13
BRDA:68,3,0,9
BRDA:68,3,1,8
BRDA:77,4,0,2
BRDA:77,4,1,6
BRDA:95,5,0,34
BRDA:95,5,1,19
BRF:12
BRH:12
end_of_record
TN:
SF:src\core\base\consistent-empty-lines.ts
FN:19,(anonymous_0)
FN:26,(anonymous_1)
FN:31,(anonymous_2)
FN:106,(anonymous_3)
FN:112,(anonymous_4)
FN:123,(anonymous_5)
FN:128,(anonymous_6)
FN:135,(anonymous_7)
FN:144,(anonymous_8)
FN:165,(anonymous_9)
FN:199,(anonymous_10)
FN:220,reverseCompare
FNF:12
FNH:12
FNDA:220,(anonymous_0)
FNDA:220,(anonymous_1)
FNDA:220,(anonymous_2)
FNDA:11,(anonymous_3)
FNDA:15,(anonymous_4)
FNDA:52,(anonymous_5)
FNDA:52,(anonymous_6)
FNDA:11,(anonymous_7)
FNDA:11,(anonymous_8)
FNDA:23,(anonymous_9)
FNDA:10,(anonymous_10)
FNDA:130,reverseCompare
DA:1,220
DA:2,220
DA:7,220
DA:19,220
DA:20,220
DA:21,220
DA:22,220
DA:23,220
DA:26,220
DA:27,220
DA:28,220
DA:31,220
DA:32,220
DA:34,220
DA:43,220
DA:107,11
DA:109,11
DA:111,11
DA:113,15
DA:117,15
DA:121,15
DA:124,52
DA:129,52
DA:137,11
DA:140,11
DA:142,11
DA:145,11
DA:146,52
DA:147,290
DA:151,35
DA:157,11
DA:158,27
DA:160,27
DA:162,27
DA:165,23
DA:166,23
DA:168,8
DA:171,8
DA:177,7
DA:181,23
DA:185,23
DA:187,23
DA:189,23
DA:191,22
DA:194,22
DA:197,10
DA:199,10
DA:221,130
LF:48
LH:48
BRDA:19,0,0,220
BRDA:19,0,1,220
BRDA:26,1,0,220
BRDA:26,1,1,220
BRDA:114,2,0,9
BRDA:114,2,1,6
BRDA:118,3,0,9
BRDA:118,3,1,6
BRDA:147,4,0,35
BRDA:148,5,0,290
BRDA:148,5,1,194
BRDA:162,6,0,4
BRDA:162,6,1,23
BRDA:166,7,0,8
BRDA:166,7,1,8
BRDA:166,7,2,7
BRDA:172,8,0,8
BRDA:172,8,1,6
BRDA:181,9,0,12
BRDA:181,9,1,11
BRDA:189,10,0,22
BRDA:191,11,0,12
BRDA:191,11,1,10
BRDA:194,12,0,12
BRDA:194,12,1,10
BRF:25
BRH:25
end_of_record
TN:
SF:src\core\base\consistent-enum-members.ts
FN:15,(anonymous_0)
FN:53,(anonymous_1)
FN:57,(anonymous_2)
FN:61,(anonymous_3)
FN:68,(anonymous_4)
FN:71,(anonymous_5)
FN:87,(anonymous_6)
FN:102,reverseCompare
FNF:8
FNH:8
FNDA:220,(anonymous_0)
FNDA:4,(anonymous_1)
FNDA:6,(anonymous_2)
FNDA:6,(anonymous_3)
FNDA:4,(anonymous_4)
FNDA:15,(anonymous_5)
FNDA:9,(anonymous_6)
FNDA:21,reverseCompare
DA:1,220
DA:2,220
DA:3,220
DA:4,220
DA:15,220
DA:16,220
DA:19,220
DA:54,4
DA:56,4
DA:58,6
DA:60,6
DA:62,6
DA:63,6
DA:69,4
DA:71,15
DA:74,4
DA:75,9
DA:77,9
DA:84,3
DA:88,9
DA:103,21
DA:104,2
DA:106,19
DA:108,18
DA:110,6
LF:25
LH:25
BRDA:15,0,0,220
BRDA:15,0,1,220
BRDA:62,1,0,6
BRDA:77,2,0,3
BRDA:78,3,0,9
BRDA:78,3,1,9
BRDA:78,3,2,9
BRDA:78,3,3,9
BRDA:82,4,0,3
BRDA:82,4,1,6
BRDA:82,5,0,9
BRDA:82,5,1,9
BRDA:103,6,0,2
BRDA:103,7,0,21
BRDA:103,7,1,14
BRDA:106,8,0,1
BRDA:108,9,0,12
BRF:17
BRH:17
end_of_record
TN:
SF:src\core\base\consistent-filename.ts
FN:19,(anonymous_0)
FN:97,(anonymous_1)
FN:101,(anonymous_2)
FN:105,(anonymous_3)
FN:111,(anonymous_4)
FN:148,getExpected
FN:156,(anonymous_6)
FNF:7
FNH:7
FNDA:220,(anonymous_0)
FNDA:12,(anonymous_1)
FNDA:8,(anonymous_2)
FNDA:8,(anonymous_3)
FNDA:12,(anonymous_4)
FNDA:12,getExpected
FNDA:28,(anonymous_6)
DA:1,220
DA:2,220
DA:6,220
DA:19,220
DA:20,220
DA:21,220
DA:24,220
DA:98,12
DA:100,12
DA:102,8
DA:104,8
DA:106,8
DA:112,12
DA:114,12
DA:115,7
DA:117,7
DA:122,7
DA:124,7
DA:127,4
DA:133,5
DA:135,5
DA:138,3
DA:154,12
DA:157,28
DA:158,12
DA:163,16
LF:26
LH:26
BRDA:19,0,0,220
BRDA:19,0,1,220
BRDA:114,1,0,7
BRDA:114,1,1,5
BRDA:124,2,0,3
BRDA:124,2,1,4
BRDA:135,3,0,2
BRDA:135,3,1,3
BRDA:151,4,0,5
BRDA:157,5,0,12
BRDA:159,6,0,3
BRDA:159,6,1,9
BRF:12
BRH:12
end_of_record
TN:
SF:src\core\base\consistent-import.ts
FN:24,(anonymous_0)
FN:129,(anonymous_1)
FN:139,(anonymous_2)
FN:142,(anonymous_3)
FN:169,(anonymous_4)
FN:186,(anonymous_5)
FN:202,(anonymous_6)
FN:205,(anonymous_7)
FN:209,(anonymous_8)
FN:214,expectedLocalName
FN:223,findSuboptions
FN:224,(anonymous_11)
FN:235,lintAutoImport
FN:237,(anonymous_13)
FN:246,(anonymous_14)
FN:267,(anonymous_15)
FN:280,lintConsistentImport
FN:290,(anonymous_17)
FN:295,(anonymous_18)
FNF:19
FNH:19
FNDA:220,(anonymous_0)
FNDA:22,(anonymous_1)
FNDA:42,(anonymous_2)
FNDA:4,(anonymous_3)
FNDA:4,(anonymous_4)
FNDA:3,(anonymous_5)
FNDA:32,(anonymous_6)
FNDA:22,(anonymous_7)
FNDA:2,(anonymous_8)
FNDA:4,expectedLocalName
FNDA:40,findSuboptions
FNDA:82,(anonymous_11)
FNDA:22,lintAutoImport
FNDA:50,(anonymous_13)
FNDA:30,(anonymous_14)
FNDA:3,(anonymous_15)
FNDA:22,lintConsistentImport
FNDA:25,(anonymous_17)
FNDA:23,(anonymous_18)
DA:1,220
DA:2,220
DA:8,220
DA:10,220
DA:11,220
DA:24,220
DA:25,220
DA:26,220
DA:27,220
DA:28,220
DA:31,220
DA:130,22
DA:133,22
DA:135,22
DA:137,22
DA:140,42
DA:143,4
DA:144,4
DA:146,4
DA:148,4
DA:149,4
DA:151,4
DA:152,3
DA:155,1
DA:161,1
DA:170,4
DA:171,4
DA:173,4
DA:175,4
DA:176,4
DA:178,4
DA:179,1
DA:185,3
DA:186,3
DA:189,3
DA:190,2
DA:193,1
DA:203,32
DA:206,22
DA:207,22
DA:210,2
DA:218,4
DA:224,40
DA:225,82
DA:230,40
DA:236,22
DA:238,50
DA:244,50
DA:247,30
DA:248,6
DA:253,6
DA:258,24
DA:265,22
DA:266,3
DA:268,3
DA:270,3
DA:281,22
DA:282,32
DA:284,32
DA:286,32
DA:287,23
DA:289,23
DA:291,25
DA:294,23
DA:296,23
DA:299,23
DA:300,16
DA:301,9
DA:303,3
DA:309,2
DA:322,7
DA:328,7
DA:329,6
DA:331,3
DA:337,2
DA:350,7
DA:351,1
LF:77
LH:77
BRDA:24,0,0,220
BRDA:24,0,1,220
BRDA:143,1,0,4
BRDA:148,2,0,4
BRDA:151,3,0,3
BRDA:151,3,1,1
BRDA:152,4,0,2
BRDA:152,4,1,1
BRDA:170,5,0,4
BRDA:175,6,0,4
BRDA:178,7,0,1
BRDA:178,7,1,3
BRDA:189,8,0,2
BRDA:190,9,0,1
BRDA:190,9,1,1
BRDA:218,10,0,2
BRDA:218,10,1,2
BRDA:218,11,0,4
BRDA:218,11,1,2
BRDA:225,12,0,1
BRDA:225,12,1,81
BRDA:225,13,0,82
BRDA:225,13,1,82
BRDA:230,14,0,31
BRDA:230,14,1,9
BRDA:244,15,0,18
BRDA:244,15,1,32
BRDA:247,16,0,6
BRDA:253,17,0,4
BRDA:253,17,1,2
BRDA:265,18,0,3
BRDA:286,19,0,23
BRDA:299,20,0,16
BRDA:299,20,1,7
BRDA:300,21,0,9
BRDA:300,21,1,7
BRDA:301,22,0,6
BRDA:301,22,1,3
BRDA:303,23,0,1
BRDA:303,23,1,2
BRDA:304,24,0,3
BRDA:304,24,1,2
BRDA:328,25,0,6
BRDA:329,26,0,3
BRDA:329,26,1,3
BRDA:331,27,0,1
BRDA:331,27,1,2
BRDA:332,28,0,3
BRDA:332,28,1,2
BRDA:350,29,0,1
BRF:50
BRH:50
end_of_record
TN:
SF:src\core\base\consistent-optional-props.ts
FN:20,(anonymous_0)
FN:29,(anonymous_1)
FN:35,(anonymous_2)
FN:113,(anonymous_3)
FN:116,(anonymous_4)
FN:135,getPropertyName
FN:141,(anonymous_6)
FN:144,lintClass
FN:157,lintInterface
FN:165,lintProperty
FN:176,(anonymous_10)
FN:196,(anonymous_11)
FN:202,(anonymous_12)
FN:209,(anonymous_13)
FN:225,(anonymous_14)
FNF:15
FNH:15
FNDA:220,(anonymous_0)
FNDA:220,(anonymous_1)
FNDA:220,(anonymous_2)
FNDA:13,(anonymous_3)
FNDA:14,(anonymous_4)
FNDA:45,getPropertyName
FNDA:1,(anonymous_6)
FNDA:14,lintClass
FNDA:14,lintInterface
FNDA:59,lintProperty
FNDA:59,(anonymous_10)
FNDA:45,(anonymous_11)
FNDA:25,(anonymous_12)
FNDA:45,(anonymous_13)
FNDA:29,(anonymous_14)
DA:1,220
DA:2,220
DA:3,220
DA:20,220
DA:21,220
DA:22,220
DA:23,220
DA:24,220
DA:25,220
DA:26,220
DA:29,220
DA:30,220
DA:31,220
DA:32,220
DA:35,220
DA:36,220
DA:37,220
DA:40,220
DA:42,220
DA:44,220
DA:114,13
DA:117,14
DA:119,14
DA:121,14
DA:126,14
DA:129,13
DA:141,45
DA:147,14
DA:149,14
DA:150,30
DA:154,29
DA:158,14
DA:160,14
DA:161,31
DA:162,30
DA:173,59
DA:174,59
DA:176,59
DA:177,59
DA:179,59
DA:184,59
DA:186,59
DA:188,53
DA:190,37
DA:192,14
DA:195,59
DA:196,45
DA:197,45
DA:199,45
DA:201,45
DA:203,25
DA:209,45
DA:210,45
DA:212,45
DA:219,45
DA:220,37
DA:223,29
DA:226,29
DA:228,9
DA:233,9
DA:238,11
DA:251,220
DA:256,220
LF:63
LH:63
BRDA:20,0,0,220
BRDA:20,0,1,220
BRDA:29,1,0,220
BRDA:29,1,1,220
BRDA:35,2,0,220
BRDA:35,2,1,220
BRDA:147,3,0,12
BRDA:147,3,1,2
BRDA:150,4,0,29
BRDA:151,5,0,30
BRDA:151,5,1,1
BRDA:161,6,0,30
BRDA:173,7,0,59
BRDA:184,8,0,29
BRDA:184,8,1,30
BRDA:184,9,0,59
BRDA:184,9,1,59
BRDA:186,10,0,6
BRDA:186,11,0,59
BRDA:186,11,1,22
BRDA:188,12,0,16
BRDA:190,13,0,23
BRDA:195,14,0,45
BRDA:203,15,0,25
BRDA:203,15,1,25
BRDA:203,15,2,19
BRDA:210,16,0,12
BRDA:210,16,1,33
BRDA:212,17,0,8
BRDA:212,17,1,37
BRDA:212,18,0,45
BRDA:212,18,1,12
BRDA:212,18,2,12
BRDA:219,19,0,37
BRDA:220,20,0,8
BRDA:220,20,1,29
BRDA:224,21,0,12
BRDA:224,21,1,17
BRDA:226,22,0,9
BRDA:226,22,1,9
BRDA:226,22,2,11
BRDA:228,23,0,5
BRDA:228,23,1,4
BRDA:233,24,0,5
BRDA:233,24,1,4
BRDA:238,25,0,2
BRDA:238,25,1,9
BRF:47
BRH:47
end_of_record
TN:
SF:src\core\base\disallow-import.ts
FN:10,(anonymous_0)
FN:55,(anonymous_1)
FN:60,(anonymous_2)
FNF:3
FNH:3
FNDA:220,(anonymous_0)
FNDA:13,(anonymous_1)
FNDA:53,(anonymous_2)
DA:1,220
DA:2,220
DA:3,220
DA:10,220
DA:11,220
DA:14,220
DA:56,13
DA:60,13
DA:61,53
DA:62,33
LF:10
LH:10
BRDA:10,0,0,220
BRDA:10,0,1,220
BRDA:61,1,0,33
BRF:3
BRH:3
end_of_record
TN:
SF:src\core\base\export-matching-filename-only.ts
FN:4,(anonymous_0)
FN:24,(anonymous_1)
FN:26,(anonymous_2)
FN:30,(anonymous_3)
FNF:4
FNH:4
FNDA:220,(anonymous_0)
FNDA:10,(anonymous_1)
FNDA:10,(anonymous_2)
FNDA:12,(anonymous_3)
DA:1,220
DA:2,220
DA:4,220
DA:5,220
DA:8,220
DA:25,10
DA:27,10
DA:29,10
DA:31,12
DA:35,10
DA:36,4
DA:37,6
LF:12
LH:12
BRDA:4,0,0,220
BRDA:4,0,1,220
BRDA:35,1,0,4
BRDA:35,2,0,10
BRDA:35,2,1,6
BRF:5
BRH:5
end_of_record
TN:
SF:src\core\base\index.ts
FNF:0
FNH:0
DA:1,220
DA:2,220
DA:3,220
DA:4,220
DA:5,220
DA:6,220
DA:7,220
DA:8,220
DA:9,220
DA:10,220
DA:11,220
DA:12,220
DA:13,220
DA:14,220
DA:15,220
DA:16,220
DA:17,220
DA:18,220
DA:19,220
DA:20,220
DA:21,220
DA:22,220
DA:23,220
DA:24,220
DA:25,220
DA:26,220
DA:27,220
DA:28,220
DA:30,220
LF:29
LH:29
BRF:0
BRH:0
end_of_record
TN:
SF:src\core\base\match-filename.ts
FN:13,(anonymous_0)
FN:63,(anonymous_1)
FN:69,(anonymous_2)
FNF:3
FNH:3
FNDA:220,(anonymous_0)
FNDA:6,(anonymous_1)
FNDA:9,(anonymous_2)
DA:1,220
DA:4,220
DA:13,220
DA:14,220
DA:17,220
DA:64,6
DA:66,6
DA:68,6
DA:70,9
DA:73,9
DA:75,9
DA:78,4
LF:12
LH:12
BRDA:13,0,0,220
BRDA:13,0,1,220
BRDA:75,1,0,5
BRDA:75,1,1,4
BRF:4
BRH:4
end_of_record
TN:
SF:src\core\base\no-expression-empty-lines.ts
FN:8,(anonymous_0)
FN:32,(anonymous_1)
FN:33,(anonymous_2)
FN:45,(anonymous_3)
FNF:4
FNH:4
FNDA:220,(anonymous_0)
FNDA:4,(anonymous_1)
FNDA:8,(anonymous_2)
FNDA:2,(anonymous_3)
DA:1,220
DA:6,220
DA:8,220
DA:9,220
DA:12,220
DA:32,4
DA:34,8
DA:36,8
DA:38,8
DA:39,6
DA:41,6
DA:44,2
DA:45,2
LF:13
LH:13
BRDA:8,0,0,220
BRDA:8,0,1,220
BRDA:38,1,0,6
BRDA:41,2,0,4
BRDA:41,2,1,2
BRF:5
BRH:5
end_of_record
TN:
SF:src\core\base\no-restricted-syntax.ts
FN:16,(anonymous_0)
FN:72,(anonymous_1)
FN:91,(anonymous_2)
FN:96,(anonymous_3)
FN:101,(anonymous_4)
FN:107,(anonymous_5)
FNF:6
FNH:6
FNDA:220,(anonymous_0)
FNDA:127,(anonymous_1)
FNDA:173,(anonymous_2)
FNDA:21,(anonymous_3)
FNDA:127,(anonymous_4)
FNDA:168,(anonymous_5)
DA:1,220
DA:2,220
DA:6,220
DA:16,220
DA:17,220
DA:20,220
DA:79,127
DA:81,127
DA:83,127
DA:85,127
DA:87,127
DA:89,127
DA:92,173
DA:97,21
DA:102,127
DA:103,168
DA:108,168
LF:17
LH:17
BRDA:16,0,0,220
BRDA:16,0,1,220
BRDA:105,1,0,163
BRDA:105,1,1,5
BRDA:105,2,0,168
BRDA:105,2,1,168
BRDA:108,3,0,4
BRDA:108,3,1,164
BRDA:112,4,0,2
BRDA:112,4,1,2
BRF:10
BRH:10
end_of_record
TN:
SF:src\core\base\no-self-import.ts
FN:5,(anonymous_0)
FN:26,(anonymous_1)
FN:29,(anonymous_2)
FNF:3
FNH:3
FNDA:220,(anonymous_0)
FNDA:3,(anonymous_1)
FNDA:18,(anonymous_2)
DA:1,220
DA:2,220
DA:3,220
DA:5,220
DA:6,220
DA:9,220
DA:27,3
DA:29,3
DA:30,18
DA:32,18
DA:36,6
LF:11
LH:11
BRDA:5,0,0,220
BRDA:5,0,1,220
BRDA:32,1,0,6
BRDA:33,2,0,18
BRDA:33,2,1,9
BRF:5
BRH:5
end_of_record
TN:
SF:src\core\base\no-sibling-import.ts
FN:15,(anonymous_0)
FN:67,(anonymous_1)
FN:76,(anonymous_2)
FN:77,(anonymous_3)
FN:78,(anonymous_4)
FN:86,(anonymous_5)
FN:94,(anonymous_6)
FN:94,(anonymous_7)
FN:97,(anonymous_8)
FN:134,findIndex
FN:135,(anonymous_10)
FN:145,findLastIndex
FN:146,(anonymous_12)
FNF:13
FNH:13
FNDA:220,(anonymous_0)
FNDA:4,(anonymous_1)
FNDA:3,(anonymous_2)
FNDA:3,(anonymous_3)
FNDA:6,(anonymous_4)
FNDA:4,(anonymous_5)
FNDA:6,(anonymous_6)
FNDA:4,(anonymous_7)
FNDA:8,(anonymous_8)
FNDA:4,findIndex
FNDA:5,(anonymous_10)
FNDA:3,findLastIndex
FNDA:4,(anonymous_12)
DA:1,220
DA:2,220
DA:3,220
DA:4,220
DA:5,220
DA:15,220
DA:16,220
DA:19,220
DA:21,220
DA:26,220
DA:68,4
DA:70,4
DA:72,4
DA:74,4
DA:76,3
DA:77,3
DA:78,3
DA:79,6
DA:82,3
DA:84,3
DA:87,4
DA:89,4
DA:94,6
DA:97,3
DA:98,8
DA:100,8
DA:102,8
DA:103,7
DA:105,7
DA:107,7
DA:109,7
DA:110,6
DA:112,3
DA:118,2
DA:135,5
DA:146,4
LF:36
LH:36
BRDA:15,0,0,220
BRDA:15,0,1,220
BRDA:74,1,0,1
BRDA:74,2,0,4
BRDA:74,2,1,3
BRDA:89,3,0,4
BRDA:89,3,1,3
BRDA:89,3,2,2
BRDA:102,4,0,7
BRDA:109,5,0,6
BRDA:110,6,0,3
BRDA:110,6,1,3
BRDA:110,7,0,6
BRDA:110,7,1,4
BRDA:112,8,0,1
BRDA:112,8,1,2
BRDA:113,9,0,3
BRDA:113,9,1,1
BRF:18
BRH:18
end_of_record
TN:
SF:src\core\base\no-unnecessary-template-literal.ts
FN:4,(anonymous_0)
FN:34,(anonymous_1)
FN:35,(anonymous_2)
FN:38,(anonymous_3)
FNF:4
FNH:4
FNDA:220,(anonymous_0)
FNDA:1,(anonymous_1)
FNDA:3,(anonymous_2)
FNDA:2,(anonymous_3)
DA:1,220
DA:4,220
DA:5,220
DA:8,220
DA:34,1
DA:36,3
DA:38,2
DA:42,1
LF:8
LH:8
BRDA:4,0,0,220
BRDA:4,0,1,220
BRDA:36,1,0,2
BRDA:36,1,1,1
BRDA:37,2,0,3
BRDA:37,2,1,2
BRF:6
BRH:6
end_of_record
TN:
SF:src\core\base\object-format.ts
FN:13,(anonymous_0)
FN:56,(anonymous_1)
FN:66,(anonymous_2)
FN:67,(anonymous_3)
FN:87,(anonymous_4)
FN:101,(anonymous_5)
FN:110,predictedLength
FN:113,(anonymous_7)
FNF:8
FNH:8
FNDA:220,(anonymous_0)
FNDA:16,(anonymous_1)
FNDA:26,(anonymous_2)
FNDA:35,(anonymous_3)
FNDA:1,(anonymous_4)
FNDA:5,(anonymous_5)
FNDA:15,predictedLength
FNDA:18,(anonymous_7)
DA:1,220
DA:6,220
DA:13,220
DA:14,220
DA:15,220
DA:18,220
DA:57,16
DA:59,16
DA:61,16
DA:63,16
DA:65,16
DA:67,26
DA:68,35
DA:71,26
DA:72,26
DA:75,26
DA:79,26
DA:81,26
DA:83,26
DA:85,26
DA:86,1
DA:87,1
DA:95,26
DA:100,5
DA:101,5
DA:111,15
DA:113,18
DA:115,15
DA:117,15
DA:119,15
DA:124,15
LF:31
LH:31
BRDA:13,0,0,220
BRDA:13,0,1,220
BRDA:71,1,0,26
BRDA:75,2,0,26
BRDA:75,2,1,24
BRDA:75,2,2,21
BRDA:85,3,0,1
BRDA:85,4,0,26
BRDA:85,4,1,6
BRDA:95,5,0,5
BRDA:96,6,0,26
BRDA:96,6,1,20
BRDA:96,6,2,15
BRF:13
BRH:13
end_of_record
TN:
SF:src\core\base\only-export-name.ts
FN:4,(anonymous_0)
FN:25,(anonymous_1)
FN:26,(anonymous_2)
FNF:3
FNH:3
FNDA:220,(anonymous_0)
FNDA:21,(anonymous_1)
FNDA:21,(anonymous_2)
DA:1,220
DA:2,220
DA:4,220
DA:5,220
DA:8,220
DA:26,21
DA:27,21
DA:28,17
DA:29,17
DA:34,17
DA:37,9
LF:11
LH:11
BRDA:4,0,0,220
BRDA:4,0,1,220
BRDA:27,1,0,17
BRDA:34,2,0,8
BRDA:34,2,1,9
BRF:5
BRH:5
end_of_record
TN:
SF:src\core\base\prefer-only-export.ts
FN:9,(anonymous_0)
FN:47,(anonymous_1)
FN:56,(anonymous_2)
FN:60,(anonymous_3)
FNF:4
FNH:4
FNDA:220,(anonymous_0)
FNDA:3,(anonymous_1)
FNDA:3,(anonymous_2)
FNDA:3,(anonymous_3)
DA:1,220
DA:2,220
DA:3,220
DA:9,220
DA:10,220
DA:13,220
DA:48,3
DA:50,3
DA:52,3
DA:54,3
DA:57,3
DA:61,3
DA:63,3
DA:64,2
DA:65,4
LF:15
LH:15
BRDA:9,0,0,220
BRDA:9,0,1,220
BRDA:63,1,0,2
BRDA:63,2,0,3
BRDA:63,2,1,3
BRF:5
BRH:5
end_of_record
TN:
SF:src\core\base\require-jsdoc.ts
FN:16,(anonymous_0)
FN:22,(anonymous_1)
FN:83,(anonymous_2)
FN:90,(anonymous_3)
FN:112,hasOwnComment
FN:116,(anonymous_5)
FN:137,lintCallSignatures
FN:140,(anonymous_7)
FN:151,lintConstructSignatures
FN:154,(anonymous_9)
FN:165,lintInterface
FN:180,lintMethod
FN:189,lintNodeBySymbol
FN:199,lintNodeByTypeSymbol
FNF:14
FNH:14
FNDA:220,(anonymous_0)
FNDA:220,(anonymous_1)
FNDA:11,(anonymous_2)
FNDA:62,(anonymous_3)
FNDA:79,hasOwnComment
FNDA:16,(anonymous_5)
FNDA:4,lintCallSignatures
FNDA:2,(anonymous_7)
FNDA:6,lintConstructSignatures
FNDA:4,(anonymous_9)
FNDA:7,lintInterface
FNDA:13,lintMethod
FNDA:11,lintNodeBySymbol
FNDA:27,lintNodeByTypeSymbol
DA:3,220
DA:4,220
DA:7,220
DA:16,220
DA:17,220
DA:18,220
DA:19,220
DA:22,220
DA:23,220
DA:24,220
DA:25,220
DA:28,220
DA:30,220
DA:32,220
DA:84,11
DA:89,11
DA:91,62
DA:94,46
DA:96,7
DA:98,7
DA:102,13
DA:104,13
DA:107,26
DA:113,79
DA:116,16
DA:118,16
DA:120,63
DA:121,63
DA:125,10
DA:127,53
DA:131,7
DA:134,46
DA:138,4
DA:140,2
DA:142,4
DA:145,1
DA:152,6
DA:154,4
DA:156,6
DA:159,3
DA:166,7
DA:168,7
DA:170,7
DA:171,1
DA:173,7
DA:174,4
DA:176,7
DA:177,4
DA:183,13
DA:185,13
DA:186,11
DA:190,11
DA:192,11
DA:193,11
DA:195,8
DA:200,27
DA:202,27
DA:204,27
DA:205,17
DA:207,16
DA:212,220
LF:61
LH:61
BRDA:16,0,0,220
BRDA:16,0,1,220
BRDA:22,1,0,220
BRDA:22,1,1,220
BRDA:91,2,0,16
BRDA:91,2,1,46
BRDA:94,3,0,7
BRDA:94,3,1,13
BRDA:94,3,2,13
BRDA:94,3,3,26
BRDA:113,4,0,16
BRDA:120,5,0,63
BRDA:121,6,0,10
BRDA:122,7,0,63
BRDA:122,7,1,10
BRDA:127,8,0,7
BRDA:128,9,0,53
BRDA:128,9,1,10
BRDA:142,10,0,3
BRDA:142,10,1,1
BRDA:156,11,0,3
BRDA:156,11,1,3
BRDA:170,12,0,1
BRDA:173,13,0,4
BRDA:176,14,0,4
BRDA:185,15,0,2
BRDA:185,15,1,11
BRDA:192,16,0,11
BRDA:193,17,0,3
BRDA:193,17,1,8
BRDA:204,18,0,17
BRDA:205,19,0,1
BRDA:205,19,1,16
BRF:33
BRH:33
end_of_record
TN:
SF:src\core\base\require-syntax.ts
FN:14,(anonymous_0)
FN:67,(anonymous_1)
FN:85,(anonymous_2)
FN:90,(anonymous_3)
FN:95,(anonymous_4)
FNF:5
FNH:5
FNDA:220,(anonymous_0)
FNDA:9,(anonymous_1)
FNDA:5,(anonymous_2)
FNDA:8,(anonymous_3)
FNDA:9,(anonymous_4)
DA:1,220
DA:5,220
DA:14,220
DA:15,220
DA:18,220
DA:73,9
DA:75,9
DA:77,9
DA:79,9
DA:81,9
DA:83,9
DA:86,5
DA:91,8
DA:96,9
DA:97,8
DA:99,7
DA:104,7
DA:108,7
LF:18
LH:18
BRDA:14,0,0,220
BRDA:14,0,1,220
BRDA:97,1,0,7
BRDA:97,2,0,8
BRDA:97,2,1,3
BRDA:97,2,2,2
BRDA:99,3,0,5
BRDA:99,3,1,2
BRDA:104,4,0,6
BRDA:104,4,1,1
BRDA:109,5,0,4
BRDA:109,5,1,3
BRDA:109,6,0,7
BRDA:109,6,1,7
BRF:14
BRH:14
end_of_record
TN:
SF:src\core\base\sort-array.ts
FN:17,(anonymous_0)
FN:70,(anonymous_1)
FN:80,(anonymous_2)
FN:88,(anonymous_3)
FN:96,keyNode
FNF:5
FNH:5
FNDA:220,(anonymous_0)
FNDA:25,(anonymous_1)
FNDA:63,(anonymous_2)
FNDA:136,(anonymous_3)
FNDA:136,keyNode
DA:1,220
DA:2,220
DA:3,220
DA:17,220
DA:18,220
DA:21,220
DA:75,25
DA:77,25
DA:79,25
DA:81,63
DA:82,62
DA:86,62
DA:87,60
DA:88,136
DA:92,1
DA:97,136
DA:99,32
DA:100,30
DA:101,58
DA:105,30
DA:107,2
DA:110,2
DA:113,102
LF:23
LH:23
BRDA:17,0,0,220
BRDA:17,0,1,220
BRDA:81,1,0,62
BRDA:81,1,1,1
BRDA:82,2,0,4
BRDA:82,2,1,58
BRDA:86,3,0,60
BRDA:97,4,0,32
BRDA:97,4,1,2
BRDA:97,4,2,102
BRDA:99,5,0,30
BRDA:101,6,0,30
BRDA:102,7,0,58
BRDA:102,7,1,44
BRF:14
BRH:14
end_of_record
TN:
SF:src\core\base\sort-class-members.ts
FN:47,(anonymous_0)
FN:49,(anonymous_1)
FN:53,(anonymous_2)
FN:55,(anonymous_3)
FN:65,(anonymous_4)
FN:99,getMemberName
FN:107,(anonymous_6)
FN:117,(anonymous_7)
FN:123,(anonymous_8)
FN:128,(anonymous_9)
FN:150,getMemberAccessibility
FN:174,getMemberAccessorType
FN:200,getMemberDynamicStatic
FN:224,getMemberTypes
FN:232,(anonymous_14)
FNF:15
FNH:15
FNDA:23,(anonymous_0)
FNDA:126,(anonymous_1)
FNDA:23,(anonymous_2)
FNDA:78,(anonymous_3)
FNDA:90,(anonymous_4)
FNDA:78,getMemberName
FNDA:2,(anonymous_6)
FNDA:220,(anonymous_7)
FNDA:220,(anonymous_8)
FNDA:220,(anonymous_9)
FNDA:78,getMemberAccessibility
FNDA:78,getMemberAccessorType
FNDA:78,getMemberDynamicStatic
FNDA:78,getMemberTypes
FNDA:58,(anonymous_14)
DA:1,220
DA:2,220
DA:3,220
DA:12,220
DA:48,23
DA:49,126
DA:52,23
DA:54,23
DA:56,78
DA:58,78
DA:60,78
DA:63,78
DA:66,90
DA:89,78
DA:91,78
DA:93,78
DA:100,78
DA:107,72
DA:111,6
DA:117,220
DA:118,220
DA:119,220
DA:120,220
DA:123,220
DA:124,220
DA:125,220
DA:128,220
DA:129,220
DA:130,220
DA:131,220
DA:132,220
DA:133,220
DA:134,220
DA:135,220
DA:136,220
DA:139,220
DA:153,78
DA:161,76
DA:164,2
DA:175,78
DA:178,58
DA:180,6
DA:183,6
DA:186,46
DA:190,20
DA:201,78
DA:209,76
DA:214,2
DA:225,78
DA:228,2
DA:232,58
DA:233,58
DA:235,6
DA:238,6
DA:241,40
DA:244,6
DA:249,10
DA:254,2
DA:257,4
DA:260,2
LF:60
LH:60
BRDA:100,0,0,2
BRDA:100,0,1,60
BRDA:100,0,2,70
BRDA:100,0,3,70
BRDA:100,0,4,70
BRDA:100,0,5,72
BRDA:100,0,6,2
BRDA:100,0,7,6
BRDA:117,1,0,220
BRDA:117,1,1,220
BRDA:123,2,0,220
BRDA:123,2,1,220
BRDA:128,3,0,220
BRDA:128,3,1,220
BRDA:153,4,0,2
BRDA:153,4,1,60
BRDA:153,4,2,70
BRDA:153,4,3,70
BRDA:153,4,4,70
BRDA:153,4,5,72
BRDA:153,4,6,76
BRDA:153,4,7,2
BRDA:161,5,0,14
BRDA:161,5,1,62
BRDA:161,6,0,76
BRDA:161,6,1,76
BRDA:175,7,0,58
BRDA:175,7,1,58
BRDA:175,7,2,20
BRDA:178,8,0,6
BRDA:178,8,1,6
BRDA:178,8,2,46
BRDA:201,9,0,2
BRDA:201,9,1,60
BRDA:201,9,2,70
BRDA:201,9,3,70
BRDA:201,9,4,70
BRDA:201,9,5,72
BRDA:201,9,6,76
BRDA:201,9,7,2
BRDA:209,10,0,2
BRDA:209,10,1,74
BRDA:209,11,0,72
BRDA:209,11,1,4
BRDA:209,12,0,76
BRDA:209,12,1,76
BRDA:225,13,0,2
BRDA:225,13,1,2
BRDA:225,13,2,58
BRDA:225,13,3,58
BRDA:225,13,4,10
BRDA:225,13,5,2
BRDA:225,13,6,4
BRDA:225,13,7,2
BRDA:233,14,0,6
BRDA:233,14,1,6
BRDA:233,14,2,40
BRDA:233,14,3,6
BRDA:249,15,0,2
BRDA:249,15,1,8
BRDA:249,16,0,10
BRDA:249,16,1,10
BRF:62
BRH:62
end_of_record
TN:
SF:src\core\base\sort-export-specifiers.ts
FN:15,(anonymous_0)
FN:16,(anonymous_1)
FN:28,keyNode
FNF:3
FNH:3
FNDA:2,(anonymous_0)
FNDA:4,(anonymous_1)
FNDA:8,keyNode
DA:1,220
DA:5,220
DA:15,2
DA:17,4
DA:29,8
LF:5
LH:5
BRF:0
BRH:0
end_of_record
TN:
SF:src\core\base\sort-keys.ts
FN:17,(anonymous_0)
FN:63,(anonymous_1)
FN:69,(anonymous_2)
FN:75,(anonymous_3)
FN:88,(anonymous_4)
FN:91,(anonymous_5)
FN:98,keyNode
FNF:7
FNH:7
FNDA:220,(anonymous_0)
FNDA:11,(anonymous_1)
FNDA:3,(anonymous_2)
FNDA:3,(anonymous_3)
FNDA:15,(anonymous_4)
FNDA:11,(anonymous_5)
FNDA:52,keyNode
DA:1,220
DA:2,220
DA:4,220
DA:7,220
DA:17,220
DA:18,220
DA:21,220
DA:64,11
DA:66,11
DA:68,11
DA:70,3
DA:72,3
DA:74,3
DA:76,3
DA:77,2
DA:79,1
DA:89,15
DA:92,11
DA:93,15
DA:99,52
LF:20
LH:20
BRDA:17,0,0,220
BRDA:17,0,1,220
BRDA:76,1,0,2
BRDA:76,1,1,1
BRDA:99,2,0,4
BRDA:99,2,1,48
BRF:6
BRH:6
end_of_record
TN:
SF:src\core\base\sort-statements.ts
FN:16,(anonymous_0)
FN:116,(anonymous_1)
FN:120,(anonymous_2)
FN:127,(anonymous_3)
FN:134,(anonymous_4)
FN:161,(anonymous_5)
FN:169,(anonymous_6)
FN:175,(anonymous_7)
FN:177,callback
FN:189,checkIdentifierName
FN:199,getJestTestName
FN:239,sortingOrder
FN:240,(anonymous_12)
FN:312,buildResult
FNF:14
FNH:14
FNDA:220,(anonymous_0)
FNDA:11,(anonymous_1)
FNDA:33,(anonymous_2)
FNDA:11,(anonymous_3)
FNDA:12,(anonymous_4)
FNDA:220,(anonymous_5)
FNDA:660,(anonymous_6)
FNDA:17,(anonymous_7)
FNDA:4,callback
FNDA:28,checkIdentifierName
FNDA:19,getJestTestName
FNDA:56,sortingOrder
FNDA:105,(anonymous_12)
FNDA:105,buildResult
DA:1,220
DA:2,220
DA:3,220
DA:5,220
DA:16,220
DA:17,220
DA:18,220
DA:19,220
DA:20,220
DA:21,220
DA:22,220
DA:23,220
DA:24,220
DA:25,220
DA:26,220
DA:27,220
DA:28,220
DA:29,220
DA:32,220
DA:34,220
DA:36,220
DA:117,11
DA:119,11
DA:121,33
DA:128,11
DA:135,12
DA:145,220
DA:161,220
DA:162,220
DA:164,220
DA:166,220
DA:168,220
DA:169,660
DA:173,220
DA:175,220
DA:178,4
DA:190,28
DA:200,19
DA:201,19
DA:203,19
DA:208,17
DA:210,17
DA:226,17
DA:230,2
DA:240,56
DA:241,105
DA:243,4
DA:249,2
DA:252,24
DA:253,14
DA:256,4
DA:258,4
DA:265,4
DA:271,6
DA:274,10
DA:280,19
DA:282,19
DA:289,16
DA:291,16
DA:294,10
DA:298,10
DA:301,10
DA:302,6
DA:306,4
DA:309,10
DA:313,105
DA:315,105
DA:317,105
DA:319,105
LF:69
LH:69
BRDA:16,0,0,220
BRDA:16,0,1,220
BRDA:190,1,0,28
BRDA:190,1,1,24
BRDA:200,2,0,19
BRDA:203,3,0,17
BRDA:204,4,0,19
BRDA:204,4,1,19
BRDA:204,4,2,19
BRDA:210,5,0,17
BRDA:211,6,0,17
BRDA:211,6,1,7
BRDA:211,6,2,10
BRDA:211,6,3,4
BRDA:211,6,4,4
BRDA:211,6,5,6
BRDA:211,6,6,6
BRDA:211,6,7,6
BRDA:211,6,8,2
BRDA:211,6,9,4
BRDA:211,6,10,4
BRDA:211,6,11,4
BRDA:211,6,12,4
BRDA:211,6,13,4
BRDA:211,6,14,4
BRDA:241,7,0,4
BRDA:241,7,1,2
BRDA:241,7,2,24
BRDA:241,7,3,19
BRDA:241,7,4,14
BRDA:241,7,5,16
BRDA:241,7,6,10
BRDA:241,7,7,2
BRDA:241,7,8,10
BRDA:241,7,9,10
BRDA:241,7,10,10
BRDA:252,8,0,14
BRDA:253,9,0,2
BRDA:253,9,1,4
BRDA:253,9,2,2
BRDA:253,9,3,4
BRDA:253,9,4,6
BRDA:276,10,0,8
BRDA:276,10,1,2
BRDA:282,11,0,17
BRDA:282,11,1,2
BRDA:301,12,0,6
BRDA:301,13,0,6
BRDA:301,13,1,4
BRDA:301,14,0,10
BRDA:301,14,1,10
BRDA:302,15,0,2
BRDA:302,15,1,4
BRDA:302,16,0,2
BRDA:302,16,1,4
BRDA:302,17,0,6
BRDA:302,17,1,6
BRDA:312,18,0,36
BRF:58
BRH:58
end_of_record
TN:
SF:src\core\base\sort-top-comments.ts
FN:9,(anonymous_0)
FN:36,(anonymous_1)
FN:37,(anonymous_2)
FN:52,(anonymous_3)
FNF:4
FNH:4
FNDA:220,(anonymous_0)
FNDA:2,(anonymous_1)
FNDA:2,(anonymous_2)
FNDA:1,(anonymous_3)
DA:1,220
DA:7,220
DA:9,220
DA:10,220
DA:13,220
DA:36,2
DA:38,2
DA:40,2
DA:42,2
DA:44,2
DA:47,1
DA:49,1
DA:51,1
DA:52,1
LF:14
LH:14
BRDA:9,0,0,220
BRDA:9,0,1,220
BRDA:44,1,0,1
BRDA:44,1,1,1
BRF:4
BRH:4
end_of_record
TN:
SF:src\core\base\switch-case-spacing.ts
FN:8,(anonymous_0)
FN:43,(anonymous_1)
FN:44,(anonymous_2)
FN:60,(anonymous_3)
FNF:4
FNH:4
FNDA:220,(anonymous_0)
FNDA:2,(anonymous_1)
FNDA:2,(anonymous_2)
FNDA:2,(anonymous_3)
DA:1,220
DA:6,220
DA:8,220
DA:9,220
DA:10,220
DA:13,220
DA:43,2
DA:45,2
DA:46,4
DA:48,4
DA:50,4
DA:53,4
DA:56,4
DA:59,2
DA:60,2
LF:15
LH:15
BRDA:8,0,0,220
BRDA:8,0,1,220
BRDA:53,1,0,2
BRDA:53,1,1,2
BRDA:56,2,0,2
BRDA:56,2,1,2
BRDA:61,3,0,1
BRDA:61,3,1,1
BRF:8
BRH:8
end_of_record
TN:
SF:src\core\base\template-literal-format.ts
FN:8,(anonymous_0)
FN:30,(anonymous_1)
FN:31,(anonymous_2)
FN:39,(anonymous_3)
FN:56,(anonymous_4)
FN:67,(anonymous_5)
FN:71,(anonymous_6)
FN:91,pad
FNF:8
FNH:8
FNDA:220,(anonymous_0)
FNDA:5,(anonymous_1)
FNDA:7,(anonymous_2)
FNDA:12,(anonymous_3)
FNDA:8,(anonymous_4)
FNDA:2,(anonymous_5)
FNDA:6,(anonymous_6)
FNDA:8,pad
DA:1,220
DA:6,220
DA:8,220
DA:9,220
DA:12,220
DA:30,5
DA:32,7
DA:34,7
DA:35,6
DA:37,6
DA:39,12
DA:41,6
DA:43,6
DA:48,4
DA:55,4
DA:56,8
DA:59,4
DA:61,4
DA:63,4
DA:65,4
DA:66,2
DA:67,2
DA:71,6
DA:78,2
DA:92,8
LF:25
LH:25
BRDA:8,0,0,220
BRDA:8,0,1,220
BRDA:34,1,0,6
BRDA:43,2,0,4
BRDA:43,2,1,2
BRDA:44,3,0,6
BRDA:44,3,1,5
BRDA:44,3,2,4
BRDA:65,4,0,2
BRDA:65,5,0,4
BRDA:65,5,1,2
BRDA:92,6,0,6
BRDA:92,6,1,2
BRF:13
BRH:13
end_of_record
TN:
SF:src\core\base\wrap.ts
FN:25,(anonymous_0)
FN:89,(anonymous_1)
FN:121,(anonymous_2)
FN:123,(anonymous_3)
FN:131,(anonymous_4)
FN:136,(anonymous_5)
FN:141,(anonymous_6)
FN:143,(anonymous_7)
FN:145,(anonymous_8)
FN:148,(anonymous_9)
FN:150,(anonymous_10)
FN:171,(anonymous_11)
FN:195,nodeId
FNF:13
FNH:13
FNDA:220,(anonymous_0)
FNDA:13,(anonymous_1)
FNDA:82,(anonymous_2)
FNDA:19,(anonymous_3)
FNDA:4,(anonymous_4)
FNDA:19,(anonymous_5)
FNDA:13,(anonymous_6)
FNDA:2,(anonymous_7)
FNDA:17,(anonymous_8)
FNDA:13,(anonymous_9)
FNDA:5,(anonymous_10)
FNDA:20,(anonymous_11)
FNDA:38,nodeId
DA:1,220
DA:2,220
DA:25,220
DA:26,220
DA:29,220
DA:96,13
DA:99,13
DA:106,13
DA:108,13
DA:110,13
DA:112,13
DA:114,13
DA:116,13
DA:122,82
DA:124,19
DA:132,4
DA:137,19
DA:142,13
DA:144,2
DA:145,17
DA:147,13
DA:149,13
DA:150,5
DA:152,13
DA:153,19
DA:154,11
DA:162,11
DA:172,20
DA:174,20
DA:196,38
LF:30
LH:30
BRDA:25,0,0,220
BRDA:25,0,1,220
BRDA:99,1,0,8
BRDA:99,1,1,5
BRDA:122,2,0,19
BRDA:122,2,1,63
BRDA:142,3,0,1
BRDA:142,3,1,12
BRDA:144,4,0,2
BRDA:144,4,1,2
BRDA:147,5,0,9
BRDA:147,5,1,4
BRDA:149,6,0,13
BRDA:149,6,1,13
BRDA:153,7,0,11
BRDA:153,8,0,19
BRDA:153,8,1,18
BRDA:166,9,0,1
BRDA:166,9,1,10
BRDA:166,10,0,11
BRDA:166,10,1,11
BRDA:179,11,0,1
BRDA:179,11,1,10
BRF:23
BRH:23
end_of_record
TN:
SF:src\eslintrc\index.ts
FNF:0
FNH:0
DA:1,220
DA:2,220
DA:3,220
DA:4,220
DA:5,220
DA:7,220
LF:6
LH:6
BRF:0
BRH:0
end_of_record
TN:
SF:src\eslintrc\no-message-dot.ts
FNF:0
FNH:0
DA:1,220
DA:2,220
DA:4,220
LF:3
LH:3
BRF:0
BRH:0
end_of_record
TN:
SF:src\eslintrc\no-unnecessary-array.ts
FN:5,(anonymous_0)
FNF:1
FNH:1
FNDA:220,(anonymous_0)
DA:1,220
DA:2,220
DA:3,220
DA:5,220
DA:6,220
DA:16,220
DA:23,220
DA:25,220
LF:8
LH:8
BRF:0
BRH:0
end_of_record
TN:
SF:src\eslintrc\sort-array.ts
FN:5,(anonymous_0)
FNF:1
FNH:1
FNDA:220,(anonymous_0)
DA:1,220
DA:2,220
DA:3,220
DA:5,220
DA:6,220
DA:16,220
DA:24,220
DA:26,220
DA:28,220
LF:9
LH:9
BRF:0
BRH:0
end_of_record
TN:
SF:src\eslintrc\sort-suboptions.ts
FNF:0
FNH:0
DA:1,220
DA:2,220
DA:4,220
LF:3
LH:3
BRF:0
BRH:0
end_of_record
TN:
SF:src\jest\index.ts
FNF:0
FNH:0
DA:1,220
DA:2,220
DA:3,220
DA:4,220
DA:6,220
LF:5
LH:5
BRF:0
BRH:0
end_of_record
TN:
SF:src\jest\no-toThrow-literal.ts
FNF:0
FNH:0
DA:3,220
DA:4,220
DA:6,220
LF:3
LH:3
BRF:0
BRH:0
end_of_record
TN:
SF:src\jest\prefer-toBe.ts
FNF:0
FNH:0
DA:3,220
DA:4,220
DA:6,220
LF:3
LH:3
BRF:0
BRH:0
end_of_record
TN:
SF:src\jest\prefer-toStrictEqual.ts
FNF:0
FNH:0
DA:3,220
DA:4,220
DA:6,220
LF:3
LH:3
BRF:0
BRH:0
end_of_record
TN:
SF:src\quasar-extension\index.ts
FNF:0
FNH:0
DA:1,220
DA:2,220
DA:3,220
DA:4,220
DA:5,220
DA:7,220
LF:6
LH:6
BRF:0
BRH:0
end_of_record
TN:
SF:src\quasar-extension\core\index.ts
FNF:0
FNH:0
DA:1,220
DA:2,220
DA:3,220
DA:4,220
DA:6,220
LF:5
LH:5
BRF:0
BRH:0
end_of_record
TN:
SF:src\quasar-extension\core\no-computed-type-param.ts
FNF:0
FNH:0
DA:1,220
DA:2,220
DA:4,220
LF:3
LH:3
BRF:0
BRH:0
end_of_record
TN:
SF:src\quasar-extension\core\no-ref-type-param.ts
FNF:0
FNH:0
DA:1,220
DA:2,220
DA:4,220
LF:3
LH:3
BRF:0
BRH:0
end_of_record
TN:
SF:src\quasar-extension\core\no-ref-undefined.ts
FNF:0
FNH:0
DA:1,220
DA:2,220
DA:4,220
LF:3
LH:3
BRF:0
BRH:0
end_of_record
TN:
SF:src\quasar-extension\core\require-ref-type-param.ts
FNF:0
FNH:0
DA:1,220
DA:2,220
DA:4,220
LF:3
LH:3
BRF:0
BRH:0
end_of_record
TN:
SF:src\quasar-extension\extras\check-Props-extends.ts
FNF:0
FNH:0
DA:3,220
DA:4,220
DA:6,220
LF:3
LH:3
BRF:0
BRH:0
end_of_record
TN:
SF:src\quasar-extension\extras\check-Slots-extends.ts
FNF:0
FNH:0
DA:3,220
DA:4,220
DA:6,220
LF:3
LH:3
BRF:0
BRH:0
end_of_record
TN:
SF:src\quasar-extension\extras\consistent-optional-props.ts
FNF:0
FNH:0
DA:1,220
DA:2,220
DA:7,220
DA:9,220
LF:4
LH:4
BRF:0
BRH:0
end_of_record
TN:
SF:src\quasar-extension\extras\index.ts
FNF:0
FNH:0
DA:1,220
DA:2,220
DA:3,220
DA:4,220
DA:5,220
DA:6,220
DA:7,220
DA:8,220
DA:9,220
DA:11,220
LF:10
LH:10
BRF:0
BRH:0
end_of_record
TN:
SF:src\quasar-extension\extras\no-OwnProps-extends.ts
FNF:0
FNH:0
DA:3,220
DA:4,220
DA:6,220
LF:3
LH:3
BRF:0
BRH:0
end_of_record
TN:
SF:src\quasar-extension\extras\no-OwnSlots-extends.ts
FNF:0
FNH:0
DA:3,220
DA:4,220
DA:6,220
LF:3
LH:3
BRF:0
BRH:0
end_of_record
TN:
SF:src\quasar-extension\extras\no-empty-interfaces.ts
FNF:0
FNH:0
DA:1,220
DA:2,220
DA:4,220
LF:3
LH:3
BRF:0
BRH:0
end_of_record
TN:
SF:src\quasar-extension\extras\prefer-OwnProps.ts
FNF:0
FNH:0
DA:3,220
DA:4,220
DA:6,220
LF:3
LH:3
BRF:0
BRH:0
end_of_record
TN:
SF:src\quasar-extension\extras\prefer-OwnSlots.ts
FNF:0
FNH:0
DA:3,220
DA:4,220
DA:6,220
LF:3
LH:3
BRF:0
BRH:0
end_of_record
TN:
SF:src\quasar-extension\jest\index.ts
FNF:0
FNH:0
DA:1,220
DA:2,220
DA:3,220
DA:5,220
LF:4
LH:4
BRF:0
BRH:0
end_of_record
TN:
SF:src\quasar-extension\jest\prefer-findQuasarComponent.ts
FNF:0
FNH:0
DA:3,220
DA:4,220
DA:6,220
LF:3
LH:3
BRF:0
BRH:0
end_of_record
TN:
SF:src\quasar-extension\jest\prefer-testComponents.ts
FNF:0
FNH:0
DA:3,220
DA:4,220
DA:6,220
LF:3
LH:3
BRF:0
BRH:0
end_of_record
TN:
SF:src\quasar-extension\vue\index.ts
FNF:0
FNH:0
DA:1,220
DA:2,220
DA:3,220
DA:5,220
LF:4
LH:4
BRF:0
BRH:0
end_of_record
TN:
SF:src\quasar-extension\vue\script\consistent-expose-arg.ts
FNF:0
FNH:0
DA:1,220
DA:2,220
DA:4,220
LF:3
LH:3
BRF:0
BRH:0
end_of_record
TN:
SF:src\quasar-extension\vue\script\consistent-generic-name.ts
FNF:0
FNH:0
DA:1,220
DA:2,220
DA:4,220
LF:3
LH:3
BRF:0
BRH:0
end_of_record
TN:
SF:src\quasar-extension\vue\script\index.ts
FNF:0
FNH:0
DA:1,220
DA:2,220
DA:3,220
DA:4,220
DA:5,220
DA:6,220
DA:7,220
DA:9,220
LF:8
LH:8
BRF:0
BRH:0
end_of_record
TN:
SF:src\quasar-extension\vue\script\no-global-icons.ts
FNF:0
FNH:0
DA:1,220
DA:2,220
DA:4,220
LF:3
LH:3
BRF:0
BRH:0
end_of_record
TN:
SF:src\quasar-extension\vue\script\no-global-lang.ts
FNF:0
FNH:0
DA:1,220
DA:2,220
DA:4,220
LF:3
LH:3
BRF:0
BRH:0
end_of_record
TN:
SF:src\quasar-extension\vue\script\require-validateEmit-type-param.ts
FNF:0
FNH:0
DA:3,220
DA:4,220
DA:7,220
LF:3
LH:3
BRF:0
BRH:0
end_of_record
TN:
SF:src\quasar-extension\vue\script\require-validateProps-type-param.ts
FNF:0
FNH:0
DA:3,220
DA:4,220
DA:7,220
LF:3
LH:3
BRF:0
BRH:0
end_of_record
TN:
SF:src\quasar-extension\vue\template\index.ts
FNF:0
FNH:0
DA:1,220
DA:2,220
DA:3,220
DA:4,220
DA:5,220
DA:6,220
DA:7,220
DA:8,220
DA:9,220
DA:10,220
DA:11,220
DA:12,220
DA:13,220
DA:14,220
DA:15,220
DA:16,220
DA:17,220
DA:18,220
DA:19,220
DA:20,220
DA:22,220
LF:21
LH:21
BRF:0
BRH:0
end_of_record
TN:
SF:src\quasar-extension\vue\template\no-mixed-classes.ts
FNF:0
FNH:0
DA:1,220
DA:2,220
DA:4,220
LF:3
LH:3
BRF:0
BRH:0
end_of_record
TN:
SF:src\quasar-extension\vue\template\no-q-btn.ts
FNF:0
FNH:0
DA:1,220
DA:2,220
DA:4,220
LF:3
LH:3
BRF:0
BRH:0
end_of_record
TN:
SF:src\quasar-extension\vue\template\no-q-card-actions.ts
FNF:0
FNH:0
DA:1,220
DA:2,220
DA:4,220
LF:3
LH:3
BRF:0
BRH:0
end_of_record
TN:
SF:src\quasar-extension\vue\template\no-q-card-section.ts
FNF:0
FNH:0
DA:1,220
DA:2,220
DA:4,220
LF:3
LH:3
BRF:0
BRH:0
end_of_record
TN:
SF:src\quasar-extension\vue\template\no-q-card.ts
FNF:0
FNH:0
DA:1,220
DA:2,220
DA:4,220
LF:3
LH:3
BRF:0
BRH:0
end_of_record
TN:
SF:src\quasar-extension\vue\template\no-q-expansion-item.ts
FNF:0
FNH:0
DA:1,220
DA:2,220
DA:4,220
LF:3
LH:3
BRF:0
BRH:0
end_of_record
TN:
SF:src\quasar-extension\vue\template\no-q-field.ts
FNF:0
FNH:0
DA:1,220
DA:2,220
DA:4,220
LF:3
LH:3
BRF:0
BRH:0
end_of_record
TN:
SF:src\quasar-extension\vue\template\no-q-form.ts
FNF:0
FNH:0
DA:1,220
DA:2,220
DA:4,220
LF:3
LH:3
BRF:0
BRH:0
end_of_record
TN:
SF:src\quasar-extension\vue\template\no-q-input.ts
FNF:0
FNH:0
DA:1,220
DA:2,220
DA:4,220
LF:3
LH:3
BRF:0
BRH:0
end_of_record
TN:
SF:src\quasar-extension\vue\template\no-q-item.ts
FNF:0
FNH:0
DA:1,220
DA:2,220
DA:4,220
LF:3
LH:3
BRF:0
BRH:0
end_of_record
TN:
SF:src\quasar-extension\vue\template\no-q-knob.ts
FNF:0
FNH:0
DA:1,220
DA:2,220
DA:4,220
LF:3
LH:3
BRF:0
BRH:0
end_of_record
TN:
SF:src\quasar-extension\vue\template\no-q-menu.ts
FNF:0
FNH:0
DA:1,220
DA:2,220
DA:4,220
LF:3
LH:3
BRF:0
BRH:0
end_of_record
TN:
SF:src\quasar-extension\vue\template\no-q-option-group.ts
FNF:0
FNH:0
DA:1,220
DA:2,220
DA:4,220
LF:3
LH:3
BRF:0
BRH:0
end_of_record
TN:
SF:src\quasar-extension\vue\template\no-q-popup-proxy.ts
FNF:0
FNH:0
DA:1,220
DA:2,220
DA:4,220
LF:3
LH:3
BRF:0
BRH:0
end_of_record
TN:
SF:src\quasar-extension\vue\template\no-q-select.ts
FNF:0
FNH:0
DA:1,220
DA:2,220
DA:4,220
LF:3
LH:3
BRF:0
BRH:0
end_of_record
TN:
SF:src\quasar-extension\vue\template\no-q-toggle.ts
FNF:0
FNH:0
DA:1,220
DA:2,220
DA:4,220
LF:3
LH:3
BRF:0
BRH:0
end_of_record
TN:
SF:src\quasar-extension\vue\template\no-q-tooltip.ts
FNF:0
FNH:0
DA:1,220
DA:2,220
DA:4,220
LF:3
LH:3
BRF:0
BRH:0
end_of_record
TN:
SF:src\quasar-extension\vue\template\prefer-label-prop.ts
FNF:0
FNH:0
DA:1,220
DA:2,220
DA:4,220
LF:3
LH:3
BRF:0
BRH:0
end_of_record
TN:
SF:src\quasar-extension\vue\template\prefer-quasar-components.ts
FNF:0
FNH:0
DA:1,220
DA:2,220
DA:4,220
LF:3
LH:3
BRF:0
BRH:0
end_of_record
TN:
SF:src\real-classes\index.ts
FNF:0
FNH:0
DA:1,220
LF:1
LH:1
BRF:0
BRH:0
end_of_record
TN:
SF:src\real-config\index.ts
FNF:0
FNH:0
DA:1,220
DA:2,220
DA:3,220
DA:5,220
LF:4
LH:4
BRF:0
BRH:0
end_of_record
TN:
SF:src\real-config\sort-commitlint.ts
FNF:0
FNH:0
DA:1,220
DA:2,220
DA:4,220
LF:3
LH:3
BRF:0
BRH:0
end_of_record
TN:
SF:src\real-config\eslintrc\index.ts
FNF:0
FNH:0
DA:1,220
DA:2,220
DA:3,220
DA:4,220
DA:5,220
DA:7,220
LF:6
LH:6
BRF:0
BRH:0
end_of_record
TN:
SF:src\real-config\eslintrc\no-disable.ts
FNF:0
FNH:0
DA:1,220
DA:2,220
DA:4,220
LF:3
LH:3
BRF:0
BRH:0
end_of_record
TN:
SF:src\real-config\eslintrc\no-rules.ts
FNF:0
FNH:0
DA:1,220
DA:2,220
DA:4,220
LF:3
LH:3
BRF:0
BRH:0
end_of_record
TN:
SF:src\real-config\eslintrc\no-temp.ts
FNF:0
FNH:0
DA:1,220
DA:2,220
DA:4,220
LF:3
LH:3
BRF:0
BRH:0
end_of_record
TN:
SF:src\real-config\eslintrc\sort-synonyms.ts
FNF:0
FNH:0
DA:1,220
DA:2,220
DA:4,220
LF:3
LH:3
BRF:0
BRH:0
end_of_record
TN:
SF:src\real-facades\index.ts
FNF:0
FNH:0
DA:1,220
DA:2,220
DA:4,220
LF:3
LH:3
BRF:0
BRH:0
end_of_record
TN:
SF:src\real-facades\prefer-uniqueId-facade.ts
FNF:0
FNH:0
DA:3,220
DA:4,220
DA:6,220
LF:3
LH:3
BRF:0
BRH:0
end_of_record
TN:
SF:src\real-fns\index.ts
FNF:0
FNH:0
DA:1,220
DA:2,220
DA:3,220
DA:5,220
LF:4
LH:4
BRF:0
BRH:0
end_of_record
TN:
SF:src\real-fns\core\index.ts
FNF:0
FNH:0
DA:1,220
DA:2,220
DA:3,220
DA:4,220
DA:5,220
DA:6,220
DA:7,220
DA:8,220
DA:9,220
DA:10,220
DA:11,220
DA:12,220
DA:13,220
DA:14,220
DA:16,220
LF:15
LH:15
BRF:0
BRH:0
end_of_record
TN:
SF:src\real-fns\core\no-evaluate-type-param.ts
FNF:0
FNH:0
DA:1,220
DA:2,220
DA:4,220
LF:3
LH:3
BRF:0
BRH:0
end_of_record
TN:
SF:src\real-fns\core\prefer-defineFn.ts
FNF:0
FNH:0
DA:3,220
DA:4,220
DA:6,220
LF:3
LH:3
BRF:0
BRH:0
end_of_record
TN:
SF:src\real-fns\core\prefer-evaluate.ts
FNF:0
FNH:0
DA:1,220
DA:2,220
DA:4,220
LF:3
LH:3
BRF:0
BRH:0
end_of_record
TN:
SF:src\real-fns\core\prefer-readonly-map.ts
FNF:0
FNH:0
DA:1,220
DA:2,220
DA:4,220
LF:3
LH:3
BRF:0
BRH:0
end_of_record
TN:
SF:src\real-fns\core\prefer-readonly-set.ts
FNF:0
FNH:0
DA:1,220
DA:2,220
DA:4,220
LF:3
LH:3
BRF:0
BRH:0
end_of_record
TN:
SF:src\real-fns\core\require-jsdoc.ts
FN:5,(anonymous_0)
FNF:1
FNH:1
FNDA:220,(anonymous_0)
DA:1,220
DA:2,220
DA:3,220
DA:5,220
DA:7,220
DA:9,220
DA:11,220
LF:7
LH:7
BRF:0
BRH:0
end_of_record
TN:
SF:src\real-fns\core\require-return-in-defineFn.ts
FN:8,(anonymous_0)
FNF:1
FNH:1
FNDA:220,(anonymous_0)
DA:3,220
DA:4,220
DA:5,220
DA:8,220
DA:10,220
DA:12,220
LF:6
LH:6
BRF:0
BRH:0
end_of_record
TN:
SF:src\real-fns\core\array\fromIterable-arg-type.ts
FNF:0
FNH:0
DA:3,220
DA:4,220
DA:6,220
LF:3
LH:3
BRF:0
BRH:0
end_of_record
TN:
SF:src\real-fns\core\array\index.ts
FNF:0
FNH:0
DA:1,220
DA:2,220
DA:3,220
DA:4,220
DA:5,220
DA:6,220
DA:7,220
DA:8,220
DA:9,220
DA:10,220
DA:11,220
DA:12,220
DA:14,220
LF:13
LH:13
BRF:0
BRH:0
end_of_record
TN:
SF:src\real-fns\core\array\mixedFrom-include-array.ts
FNF:0
FNH:0
DA:3,220
DA:4,220
DA:6,220
LF:3
LH:3
BRF:0
BRH:0
end_of_record
TN:
SF:src\real-fns\core\array\mixedFrom-include-non-array.ts
FNF:0
FNH:0
DA:3,220
DA:4,220
DA:7,220
LF:3
LH:3
BRF:0
BRH:0
end_of_record
TN:
SF:src\real-fns\core\array\prefer-clone.ts
FNF:0
FNH:0
DA:1,220
DA:2,220
DA:4,220
LF:3
LH:3
BRF:0
BRH:0
end_of_record
TN:
SF:src\real-fns\core\array\prefer-first.ts
FNF:0
FNH:0
DA:1,220
DA:2,220
DA:4,220
LF:3
LH:3
BRF:0
BRH:0
end_of_record
TN:
SF:src\real-fns\core\array\prefer-fromIterable.ts
FNF:0
FNH:0
DA:3,220
DA:4,220
DA:6,220
LF:3
LH:3
BRF:0
BRH:0
end_of_record
TN:
SF:src\real-fns\core\array\prefer-reverse.ts
FNF:0
FNH:0
DA:1,220
DA:2,220
DA:4,220
LF:3
LH:3
BRF:0
BRH:0
end_of_record
TN:
SF:src\real-fns\core\array\prefer-second.ts
FNF:0
FNH:0
DA:1,220
DA:2,220
DA:4,220
LF:3
LH:3
BRF:0
BRH:0
end_of_record
TN:
SF:src\real-fns\core\array\prefer-sort.ts
FNF:0
FNH:0
DA:1,220
DA:2,220
DA:4,220
LF:3
LH:3
BRF:0
BRH:0
end_of_record
TN:
SF:src\real-fns\core\array\prefer-third.ts
FNF:0
FNH:0
DA:1,220
DA:2,220
DA:4,220
LF:3
LH:3
BRF:0
BRH:0
end_of_record
TN:
SF:src\real-fns\core\array\prefer-truncate.ts
FNF:0
FNH:0
DA:1,220
DA:2,220
DA:4,220
LF:3
LH:3
BRF:0
BRH:0
end_of_record
TN:
SF:src\real-fns\core\converters\index.ts
FNF:0
FNH:0
DA:1,220
DA:2,220
DA:3,220
DA:5,220
LF:4
LH:4
BRF:0
BRH:0
end_of_record
TN:
SF:src\real-fns\core\converters\prefer-number.ts
FNF:0
FNH:0
DA:1,220
DA:2,220
DA:4,220
LF:3
LH:3
BRF:0
BRH:0
end_of_record
TN:
SF:src\real-fns\core\converters\prefer-string.ts
FNF:0
FNH:0
DA:1,220
DA:2,220
DA:4,220
LF:3
LH:3
BRF:0
BRH:0
end_of_record
TN:
SF:src\real-fns\core\guards\array-always-false.ts
FNF:0
FNH:0
DA:1,220
DA:2,220
DA:4,220
LF:3
LH:3
BRF:0
BRH:0
end_of_record
TN:
SF:src\real-fns\core\guards\array-always-true.ts
FNF:0
FNH:0
DA:1,220
DA:2,220
DA:4,220
LF:3
LH:3
BRF:0
BRH:0
end_of_record
TN:
SF:src\real-fns\core\guards\boolean-always-false.ts
FNF:0
FNH:0
DA:1,220
DA:2,220
DA:4,220
LF:3
LH:3
BRF:0
BRH:0
end_of_record
TN:
SF:src\real-fns\core\guards\boolean-always-true.ts
FNF:0
FNH:0
DA:1,220
DA:2,220
DA:4,220
LF:3
LH:3
BRF:0
BRH:0
end_of_record
TN:
SF:src\real-fns\core\guards\callable-always-false.ts
FNF:0
FNH:0
DA:1,220
DA:2,220
DA:4,220
LF:3
LH:3
BRF:0
BRH:0
end_of_record
TN:
SF:src\real-fns\core\guards\callable-always-true.ts
FNF:0
FNH:0
DA:1,220
DA:2,220
DA:4,220
LF:3
LH:3
BRF:0
BRH:0
end_of_record
TN:
SF:src\real-fns\core\guards\empty-always-false.ts
FNF:0
FNH:0
DA:1,220
DA:2,220
DA:4,220
LF:3
LH:3
BRF:0
BRH:0
end_of_record
TN:
SF:src\real-fns\core\guards\empty-always-true.ts
FNF:0
FNH:0
DA:1,220
DA:2,220
DA:4,220
LF:3
LH:3
BRF:0
BRH:0
end_of_record
TN:
SF:src\real-fns\core\guards\enumeration-always-false.ts
FNF:0
FNH:0
DA:1,220
DA:2,220
DA:4,220
LF:3
LH:3
BRF:0
BRH:0
end_of_record
TN:
SF:src\real-fns\core\guards\false-always-false.ts
FNF:0
FNH:0
DA:1,220
DA:2,220
DA:4,220
LF:3
LH:3
BRF:0
BRH:0
end_of_record
TN:
SF:src\real-fns\core\guards\index.ts
FNF:0
FNH:0
DA:1,220
DA:2,220
DA:3,220
DA:4,220
DA:5,220
DA:6,220
DA:7,220
DA:8,220
DA:9,220
DA:10,220
DA:11,220
DA:12,220
DA:13,220
DA:14,220
DA:15,220
DA:16,220
DA:17,220
DA:18,220
DA:19,220
DA:20,220
DA:21,220
DA:22,220
DA:23,220
DA:24,220
DA:25,220
DA:26,220
DA:27,220
DA:28,220
DA:29,220
DA:30,220
DA:31,220
DA:32,220
DA:33,220
DA:34,220
DA:35,220
DA:37,220
LF:36
LH:36
BRF:0
BRH:0
end_of_record
TN:
SF:src\real-fns\core\guards\indexedObject-always-false.ts
FNF:0
FNH:0
DA:3,220
DA:4,220
DA:6,220
LF:3
LH:3
BRF:0
BRH:0
end_of_record
TN:
SF:src\real-fns\core\guards\indexedObject-always-true.ts
FNF:0
FNH:0
DA:3,220
DA:4,220
DA:6,220
LF:3
LH:3
BRF:0
BRH:0
end_of_record
TN:
SF:src\real-fns\core\guards\instanceOf-always-false.ts
FNF:0
FNH:0
DA:3,220
DA:4,220
DA:6,220
LF:3
LH:3
BRF:0
BRH:0
end_of_record
TN:
SF:src\real-fns\core\guards\map-always-false.ts
FNF:0
FNH:0
DA:1,220
DA:2,220
DA:4,220
LF:3
LH:3
BRF:0
BRH:0
end_of_record
TN:
SF:src\real-fns\core\guards\not-empty-always-false.ts
FNF:0
FNH:0
DA:1,220
DA:2,220
DA:4,220
LF:3
LH:3
BRF:0
BRH:0
end_of_record
TN:
SF:src\real-fns\core\guards\not-empty-always-true.ts
FNF:0
FNH:0
DA:1,220
DA:2,220
DA:4,220
LF:3
LH:3
BRF:0
BRH:0
end_of_record
TN:
SF:src\real-fns\core\guards\null-always-false.ts
FNF:0
FNH:0
DA:1,220
DA:2,220
DA:4,220
LF:3
LH:3
BRF:0
BRH:0
end_of_record
TN:
SF:src\real-fns\core\guards\null-always-true.ts
FNF:0
FNH:0
DA:1,220
DA:2,220
DA:4,220
LF:3
LH:3
BRF:0
BRH:0
end_of_record
TN:
SF:src\real-fns\core\guards\numStr-always-false.ts
FNF:0
FNH:0
DA:3,220
DA:4,220
DA:6,220
LF:3
LH:3
BRF:0
BRH:0
end_of_record
TN:
SF:src\real-fns\core\guards\numStr-always-true.ts
FNF:0
FNH:0
DA:3,220
DA:4,220
DA:6,220
LF:3
LH:3
BRF:0
BRH:0
end_of_record
TN:
SF:src\real-fns\core\guards\number-always-false.ts
FNF:0
FNH:0
DA:1,220
DA:2,220
DA:4,220
LF:3
LH:3
BRF:0
BRH:0
end_of_record
TN:
SF:src\real-fns\core\guards\number-always-true.ts
FNF:0
FNH:0
DA:1,220
DA:2,220
DA:4,220
LF:3
LH:3
BRF:0
BRH:0
end_of_record
TN:
SF:src\real-fns\core\guards\object-always-false.ts
FNF:0
FNH:0
DA:1,220
DA:2,220
DA:4,220
LF:3
LH:3
BRF:0
BRH:0
end_of_record
TN:
SF:src\real-fns\core\guards\object-always-true.ts
FNF:0
FNH:0
DA:1,220
DA:2,220
DA:4,220
LF:3
LH:3
BRF:0
BRH:0
end_of_record
TN:
SF:src\real-fns\core\guards\require-object-type-param.ts
FNF:0
FNH:0
DA:1,220
DA:2,220
DA:4,220
LF:3
LH:3
BRF:0
BRH:0
end_of_record
TN:
SF:src\real-fns\core\guards\set-always-false.ts
FNF:0
FNH:0
DA:1,220
DA:2,220
DA:4,220
LF:3
LH:3
BRF:0
BRH:0
end_of_record
TN:
SF:src\real-fns\core\guards\string-always-false.ts
FNF:0
FNH:0
DA:1,220
DA:2,220
DA:4,220
LF:3
LH:3
BRF:0
BRH:0
end_of_record
TN:
SF:src\real-fns\core\guards\string-always-true.ts
FNF:0
FNH:0
DA:1,220
DA:2,220
DA:4,220
LF:3
LH:3
BRF:0
BRH:0
end_of_record
TN:
SF:src\real-fns\core\guards\symbol-always-false.ts
FNF:0
FNH:0
DA:1,220
DA:2,220
DA:4,220
LF:3
LH:3
BRF:0
BRH:0
end_of_record
TN:
SF:src\real-fns\core\guards\symbol-always-true.ts
FNF:0
FNH:0
DA:1,220
DA:2,220
DA:4,220
LF:3
LH:3
BRF:0
BRH:0
end_of_record
TN:
SF:src\real-fns\core\guards\true-always-false.ts
FNF:0
FNH:0
DA:1,220
DA:2,220
DA:4,220
LF:3
LH:3
BRF:0
BRH:0
end_of_record
TN:
SF:src\real-fns\core\guards\tuple-always-false.ts
FNF:0
FNH:0
DA:1,220
DA:2,220
DA:4,220
LF:3
LH:3
BRF:0
BRH:0
end_of_record
TN:
SF:src\real-fns\core\guards\undefined-always-false.ts
FNF:0
FNH:0
DA:1,220
DA:2,220
DA:4,220
LF:3
LH:3
BRF:0
BRH:0
end_of_record
TN:
SF:src\real-fns\core\guards\undefined-always-true.ts
FNF:0
FNH:0
DA:1,220
DA:2,220
DA:4,220
LF:3
LH:3
BRF:0
BRH:0
end_of_record
TN:
SF:src\real-fns\core\json\index.ts
FNF:0
FNH:0
DA:1,220
DA:2,220
DA:4,220
LF:3
LH:3
BRF:0
BRH:0
end_of_record
TN:
SF:src\real-fns\core\json\prefer-json.ts
FNF:0
FNH:0
DA:1,220
DA:2,220
DA:4,220
LF:3
LH:3
BRF:0
BRH:0
end_of_record
TN:
SF:src\real-fns\core\object\index.ts
FNF:0
FNH:0
DA:1,220
DA:2,220
DA:3,220
DA:4,220
DA:5,220
DA:6,220
DA:7,220
DA:8,220
DA:9,220
DA:10,220
DA:11,220
DA:12,220
DA:13,220
DA:15,220
LF:14
LH:14
BRF:0
BRH:0
end_of_record
TN:
SF:src\real-fns\core\object\no-array-arg.ts
FNF:0
FNH:0
DA:1,220
DA:2,220
DA:4,220
LF:3
LH:3
BRF:0
BRH:0
end_of_record
TN:
SF:src\real-fns\core\object\no-get.ts
FNF:0
FNH:0
DA:1,220
DA:2,220
DA:4,220
LF:3
LH:3
BRF:0
BRH:0
end_of_record
TN:
SF:src\real-fns\core\object\no-set.ts
FNF:0
FNH:0
DA:1,220
DA:2,220
DA:4,220
LF:3
LH:3
BRF:0
BRH:0
end_of_record
TN:
SF:src\real-fns\core\object\no-unfreeze.ts
FNF:0
FNH:0
DA:1,220
DA:2,220
DA:4,220
LF:3
LH:3
BRF:0
BRH:0
end_of_record
TN:
SF:src\real-fns\core\object\prefer-assign.ts
FNF:0
FNH:0
DA:1,220
DA:2,220
DA:4,220
LF:3
LH:3
BRF:0
BRH:0
end_of_record
TN:
SF:src\real-fns\core\object\prefer-clone.ts
FNF:0
FNH:0
DA:1,220
DA:2,220
DA:4,220
LF:3
LH:3
BRF:0
BRH:0
end_of_record
TN:
SF:src\real-fns\core\object\prefer-entries.ts
FNF:0
FNH:0
DA:1,220
DA:2,220
DA:4,220
LF:3
LH:3
BRF:0
BRH:0
end_of_record
TN:
SF:src\real-fns\core\object\prefer-getPrototypeOf.ts
FNF:0
FNH:0
DA:3,220
DA:4,220
DA:6,220
LF:3
LH:3
BRF:0
BRH:0
end_of_record
TN:
SF:src\real-fns\core\object\prefer-hasOwnProp.ts
FNF:0
FNH:0
DA:3,220
DA:4,220
DA:6,220
LF:3
LH:3
BRF:0
BRH:0
end_of_record
TN:
SF:src\real-fns\core\object\prefer-keys.ts
FNF:0
FNH:0
DA:1,220
DA:2,220
DA:4,220
LF:3
LH:3
BRF:0
BRH:0
end_of_record
TN:
SF:src\real-fns\core\object\prefer-omitKeys.ts
FNF:0
FNH:0
DA:3,220
DA:4,220
DA:6,220
LF:3
LH:3
BRF:0
BRH:0
end_of_record
TN:
SF:src\real-fns\core\object\prefer-values.ts
FNF:0
FNH:0
DA:1,220
DA:2,220
DA:4,220
LF:3
LH:3
BRF:0
BRH:0
end_of_record
TN:
SF:src\real-fns\core\program-flow\index.ts
FNF:0
FNH:0
DA:1,220
DA:2,220
DA:3,220
DA:4,220
DA:5,220
DA:7,220
LF:6
LH:6
BRF:0
BRH:0
end_of_record
TN:
SF:src\real-fns\core\program-flow\prefer-clearInterval.ts
FNF:0
FNH:0
DA:3,220
DA:4,220
DA:6,220
LF:3
LH:3
BRF:0
BRH:0
end_of_record
TN:
SF:src\real-fns\core\program-flow\prefer-clearTimeout.ts
FNF:0
FNH:0
DA:3,220
DA:4,220
DA:6,220
LF:3
LH:3
BRF:0
BRH:0
end_of_record
TN:
SF:src\real-fns\core\program-flow\prefer-setInterval.ts
FNF:0
FNH:0
DA:3,220
DA:4,220
DA:6,220
LF:3
LH:3
BRF:0
BRH:0
end_of_record
TN:
SF:src\real-fns\core\program-flow\prefer-setTimeout.ts
FNF:0
FNH:0
DA:3,220
DA:4,220
DA:6,220
LF:3
LH:3
BRF:0
BRH:0
end_of_record
TN:
SF:src\real-fns\core\reflect\index.ts
FNF:0
FNH:0
DA:1,220
DA:2,220
DA:3,220
DA:4,220
DA:6,220
LF:5
LH:5
BRF:0
BRH:0
end_of_record
TN:
SF:src\real-fns\core\reflect\no-get.ts
FNF:0
FNH:0
DA:1,220
DA:2,220
DA:4,220
LF:3
LH:3
BRF:0
BRH:0
end_of_record
TN:
SF:src\real-fns\core\reflect\no-set.ts
FNF:0
FNH:0
DA:1,220
DA:2,220
DA:4,220
LF:3
LH:3
BRF:0
BRH:0
end_of_record
TN:
SF:src\real-fns\core\reflect\prefer-reflect.ts
FNF:0
FNH:0
DA:1,220
DA:2,220
DA:4,220
LF:3
LH:3
BRF:0
BRH:0
end_of_record
TN:
SF:src\real-fns\jest\index.ts
FNF:0
FNH:0
DA:1,220
DA:2,220
DA:4,220
LF:3
LH:3
BRF:0
BRH:0
end_of_record
TN:
SF:src\real-fns\jest\prefer-mockCallsToBe.ts
FNF:0
FNH:0
DA:3,220
DA:4,220
DA:7,220
LF:3
LH:3
BRF:0
BRH:0
end_of_record
TN:
SF:src\real-service-providers\index.ts
FNF:0
FNH:0
DA:1,220
LF:1
LH:1
BRF:0
BRH:0
end_of_record
TN:
SF:src\rule-templates\export.ts
FN:16,create
FN:39,(anonymous_1)
FN:42,(anonymous_2)
FN:45,(anonymous_3)
FN:50,(anonymous_4)
FN:55,(anonymous_5)
FN:57,(anonymous_6)
FN:60,(anonymous_7)
FNF:8
FNH:8
FNDA:34,create
FNDA:43,(anonymous_1)
FNDA:8,(anonymous_2)
FNDA:3,(anonymous_3)
FNDA:38,(anonymous_4)
FNDA:34,(anonymous_5)
FNDA:3,(anonymous_6)
FNDA:43,(anonymous_7)
DA:1,220
DA:7,220
DA:16,220
DA:18,34
DA:21,34
DA:24,34
DA:26,34
DA:28,34
DA:40,43
DA:43,8
DA:48,3
DA:53,38
DA:57,34
DA:60,43
DA:62,34
LF:15
LH:15
BRDA:43,0,0,3
BRF:1
BRH:1
end_of_record
TN:
SF:src\rule-templates\index.ts
FN:1,(anonymous_0)
FN:2,(anonymous_1)
FNF:2
FNH:2
FNDA:34,(anonymous_0)
FNDA:19,(anonymous_1)
DA:1,254
DA:2,239
LF:2
LH:2
BRF:0
BRH:0
end_of_record
TN:
SF:src\rule-templates\source.internal.ts
FN:3,(anonymous_0)
FNF:1
FNH:1
FNDA:220,(anonymous_0)
DA:3,220
DA:4,220
DA:5,220
LF:3
LH:3
BRDA:3,0,0,220
BRDA:3,0,1,220
BRF:2
BRH:2
end_of_record
TN:
SF:src\rule-templates\source.ts
FN:15,(anonymous_0)
FN:16,(anonymous_1)
FN:31,(anonymous_2)
FN:36,(anonymous_3)
FN:42,(anonymous_4)
FN:47,(anonymous_5)
FNF:6
FNH:6
FNDA:19,(anonymous_0)
FNDA:11,(anonymous_1)
FNDA:4,(anonymous_2)
FNDA:4,(anonymous_3)
FNDA:50,(anonymous_4)
FNDA:10,(anonymous_5)
DA:1,220
DA:2,220
DA:5,220
DA:8,220
DA:15,19
DA:17,11
DA:21,11
DA:23,11
DA:28,11
DA:32,4
DA:34,4
DA:37,4
DA:39,4
DA:40,4
DA:43,50
DA:45,50
DA:48,10
DA:50,10
DA:51,10
LF:19
LH:19
BRDA:17,0,0,11
BRDA:18,1,0,11
BRDA:18,1,1,11
BRDA:23,2,0,11
BRDA:24,3,0,11
BRDA:24,3,1,11
BRDA:24,3,2,11
BRDA:39,4,0,4
BRDA:50,5,0,10
BRDA:50,6,0,10
BRDA:50,6,1,10
BRF:11
BRH:11
end_of_record
TN:
SF:src\type-essentials\index.ts
FNF:0
FNH:0
DA:1,220
DA:2,220
DA:3,220
DA:4,220
DA:5,220
DA:6,220
DA:7,220
DA:8,220
DA:9,220
DA:10,220
DA:12,220
LF:11
LH:11
BRF:0
BRH:0
end_of_record
TN:
SF:src\type-essentials\no-Writable.ts
FNF:0
FNH:0
DA:3,220
DA:4,220
DA:6,220
LF:3
LH:3
BRF:0
BRH:0
end_of_record
TN:
SF:src\type-essentials\no-ts-toolbelt.ts
FNF:0
FNH:0
DA:1,220
DA:2,220
DA:4,220
LF:3
LH:3
BRF:0
BRH:0
end_of_record
TN:
SF:src\type-essentials\prefer-IndexedObject.ts
FNF:0
FNH:0
DA:3,220
DA:4,220
DA:6,220
LF:3
LH:3
BRF:0
BRH:0
end_of_record
TN:
SF:src\type-essentials\prefer-IndexedRecord.ts
FNF:0
FNH:0
DA:3,220
DA:4,220
DA:6,220
LF:3
LH:3
BRF:0
BRH:0
end_of_record
TN:
SF:src\type-essentials\prefer-NumStr.ts
FNF:0
FNH:0
DA:3,220
DA:4,220
DA:6,220
LF:3
LH:3
BRF:0
BRH:0
end_of_record
TN:
SF:src\type-essentials\prefer-PartialRecord.ts
FNF:0
FNH:0
DA:3,220
DA:4,220
DA:6,220
LF:3
LH:3
BRF:0
BRH:0
end_of_record
TN:
SF:src\type-essentials\prefer-WritableIndexedObject.ts
FNF:0
FNH:0
DA:3,220
DA:4,220
DA:6,220
LF:3
LH:3
BRF:0
BRH:0
end_of_record
TN:
SF:src\type-essentials\prefer-WritableRecord.ts
FNF:0
FNH:0
DA:3,220
DA:4,220
DA:6,220
LF:3
LH:3
BRF:0
BRH:0
end_of_record
TN:
SF:src\type-essentials\prefer-undefined-shorthand.ts
FNF:0
FNH:0
DA:1,220
DA:2,220
DA:4,220
LF:3
LH:3
BRF:0
BRH:0
end_of_record
TN:
SF:src\typescript\class-methods-use-this.ts
FNF:0
FNH:0
DA:1,220
DA:2,220
DA:4,220
LF:3
LH:3
BRF:0
BRH:0
end_of_record
TN:
SF:src\typescript\consistent-array-type-name.ts
FNF:0
FNH:0
DA:1,220
DA:2,220
DA:4,220
LF:3
LH:3
BRF:0
BRH:0
end_of_record
TN:
SF:src\typescript\define-function-in-one-statement.ts
FNF:0
FNH:0
DA:1,220
DA:2,220
DA:5,220
LF:3
LH:3
BRF:0
BRH:0
end_of_record
TN:
SF:src\typescript\index.ts
FNF:0
FNH:0
DA:1,220
DA:2,220
DA:3,220
DA:4,220
DA:5,220
DA:6,220
DA:7,220
DA:8,220
DA:9,220
DA:10,220
DA:11,220
DA:12,220
DA:13,220
DA:14,220
DA:15,220
DA:16,220
DA:17,220
DA:18,220
DA:19,220
DA:21,220
LF:20
LH:20
BRF:0
BRH:0
end_of_record
TN:
SF:src\typescript\no-boolean-literal-type.ts
FN:5,(anonymous_0)
FNF:1
FNH:1
FNDA:220,(anonymous_0)
DA:1,220
DA:2,220
DA:3,220
DA:5,220
DA:7,220
DA:9,220
LF:6
LH:6
BRF:0
BRH:0
end_of_record
TN:
SF:src\typescript\no-complex-declarator-type.ts
FNF:0
FNH:0
DA:1,220
DA:2,220
DA:4,220
LF:3
LH:3
BRF:0
BRH:0
end_of_record
TN:
SF:src\typescript\no-complex-return-type.ts
FNF:0
FNH:0
DA:1,220
DA:2,220
DA:4,220
LF:3
LH:3
BRF:0
BRH:0
end_of_record
TN:
SF:src\typescript\no-empty-interfaces.ts
FNF:0
FNH:0
DA:1,220
DA:2,220
DA:4,220
LF:3
LH:3
BRF:0
BRH:0
end_of_record
TN:
SF:src\typescript\no-never.ts
FNF:0
FNH:0
DA:1,220
DA:2,220
DA:4,220
LF:3
LH:3
BRF:0
BRH:0
end_of_record
TN:
SF:src\typescript\no-unsafe-object-assign.ts
FNF:0
FNH:0
DA:1,220
DA:2,220
DA:4,220
LF:3
LH:3
BRF:0
BRH:0
end_of_record
TN:
SF:src\typescript\prefer-array-type-alias.ts
FNF:0
FNH:0
DA:1,220
DA:2,220
DA:4,220
LF:3
LH:3
BRF:0
BRH:0
end_of_record
TN:
SF:src\typescript\prefer-class-method.ts
FNF:0
FNH:0
DA:1,220
DA:2,220
DA:4,220
LF:3
LH:3
BRF:0
BRH:0
end_of_record
TN:
SF:src\typescript\prefer-readonly-array.ts
FNF:0
FNH:0
DA:1,220
DA:2,220
DA:4,220
LF:3
LH:3
BRF:0
BRH:0
end_of_record
TN:
SF:src\typescript\prefer-readonly-map.ts
FNF:0
FNH:0
DA:3,220
DA:4,220
DA:6,220
LF:3
LH:3
BRF:0
BRH:0
end_of_record
TN:
SF:src\typescript\prefer-readonly-property.ts
FNF:0
FNH:0
DA:1,220
DA:2,220
DA:4,220
LF:3
LH:3
BRF:0
BRH:0
end_of_record
TN:
SF:src\typescript\prefer-readonly-set.ts
FNF:0
FNH:0
DA:3,220
DA:4,220
DA:6,220
LF:3
LH:3
BRF:0
BRH:0
end_of_record
TN:
SF:src\typescript\require-prop-type-annotation.ts
FNF:0
FNH:0
DA:1,220
DA:2,220
DA:4,220
LF:3
LH:3
BRF:0
BRH:0
end_of_record
TN:
SF:src\typescript\require-this-void.ts
FNF:0
FNH:0
DA:1,220
DA:2,220
DA:4,220
LF:3
LH:3
BRF:0
BRH:0
end_of_record
TN:
SF:src\typescript\base\array-callback-return-type.ts
FN:6,(anonymous_0)
FN:23,(anonymous_1)
FN:24,(anonymous_2)
FNF:3
FNH:3
FNDA:220,(anonymous_0)
FNDA:2,(anonymous_1)
FNDA:9,(anonymous_2)
DA:1,220
DA:2,220
DA:3,220
DA:6,220
DA:7,220
DA:10,220
DA:23,2
DA:25,9
DA:27,9
DA:33,9
DA:35,9
DA:36,9
DA:41,9
DA:44,2
DA:54,220
LF:15
LH:15
BRDA:6,0,0,220
BRDA:6,0,1,220
BRDA:27,1,0,9
BRDA:28,2,0,9
BRDA:28,2,1,9
BRDA:28,2,2,9
BRDA:28,2,3,9
BRDA:35,3,0,9
BRDA:41,4,0,7
BRDA:41,4,1,2
BRF:10
BRH:10
end_of_record
TN:
SF:src\typescript\base\exhaustive-switch.ts
FN:6,(anonymous_0)
FN:32,(anonymous_1)
FN:33,(anonymous_2)
FN:34,(anonymous_3)
FN:38,(anonymous_4)
FN:40,(anonymous_5)
FNF:6
FNH:6
FNDA:220,(anonymous_0)
FNDA:3,(anonymous_1)
FNDA:25,(anonymous_2)
FNDA:140,(anonymous_3)
FNDA:137,(anonymous_4)
FNDA:137,(anonymous_5)
DA:1,220
DA:2,220
DA:4,220
DA:6,220
DA:7,220
DA:10,220
DA:32,3
DA:34,140
DA:37,22
DA:38,137
DA:40,137
DA:42,22
DA:44,22
DA:45,19
LF:14
LH:14
BRDA:6,0,0,220
BRDA:6,0,1,220
BRDA:34,1,0,3
BRDA:34,1,1,22
BRDA:44,2,0,19
BRF:5
BRH:5
end_of_record
TN:
SF:src\typescript\base\index.ts
FNF:0
FNH:0
DA:1,220
DA:2,220
DA:3,220
DA:4,220
DA:5,220
DA:6,220
DA:7,220
DA:9,220
LF:8
LH:8
BRF:0
BRH:0
end_of_record
TN:
SF:src\typescript\base\no-inferrable-types.ts
FN:5,(anonymous_0)
FN:30,(anonymous_1)
FN:31,(anonymous_2)
FNF:3
FNH:3
FNDA:220,(anonymous_0)
FNDA:1,(anonymous_1)
FNDA:3,(anonymous_2)
DA:1,220
DA:2,220
DA:5,220
DA:6,220
DA:9,220
DA:30,1
DA:32,3
DA:34,3
DA:39,2
DA:41,2
DA:43,2
DA:45,2
DA:47,2
DA:48,1
LF:14
LH:14
BRDA:5,0,0,220
BRDA:5,0,1,220
BRDA:34,1,0,2
BRDA:35,2,0,3
BRDA:35,2,1,2
BRDA:35,2,2,2
BRDA:47,3,0,1
BRF:7
BRH:7
end_of_record
TN:
SF:src\typescript\base\no-multi-type-tuples.ts
FN:5,(anonymous_0)
FN:18,(anonymous_1)
FN:19,(anonymous_2)
FNF:3
FNH:3
FNDA:220,(anonymous_0)
FNDA:1,(anonymous_1)
FNDA:2,(anonymous_2)
DA:1,220
DA:2,220
DA:5,220
DA:6,220
DA:9,220
DA:18,1
DA:20,2
DA:21,1
LF:8
LH:8
BRDA:5,0,0,220
BRDA:5,0,1,220
BRDA:20,1,0,1
BRF:3
BRH:3
end_of_record
TN:
SF:src\typescript\base\no-restricted-syntax.ts
FN:24,(anonymous_0)
FN:141,(anonymous_1)
FN:168,(anonymous_2)
FN:173,(anonymous_3)
FN:178,(anonymous_4)
FN:180,(anonymous_5)
FN:192,(anonymous_6)
FN:201,(anonymous_7)
FN:214,(anonymous_8)
FNF:9
FNH:9
FNDA:220,(anonymous_0)
FNDA:100,(anonymous_1)
FNDA:162,(anonymous_2)
FNDA:31,(anonymous_3)
FNDA:100,(anonymous_4)
FNDA:153,(anonymous_5)
FNDA:4,(anonymous_6)
FNDA:150,(anonymous_7)
FNDA:116,(anonymous_8)
DA:1,220
DA:2,220
DA:3,220
DA:24,220
DA:25,220
DA:28,220
DA:156,100
DA:158,100
DA:160,100
DA:162,100
DA:164,100
DA:166,100
DA:169,162
DA:174,31
DA:179,100
DA:180,153
DA:181,153
DA:183,153
DA:184,19
DA:188,134
DA:189,5
DA:192,4
DA:195,129
DA:198,153
DA:202,150
DA:210,116
DA:215,116
LF:27
LH:27
BRDA:24,0,0,220
BRDA:24,0,1,220
BRDA:183,1,0,19
BRDA:184,2,0,18
BRDA:184,2,1,1
BRDA:184,3,0,19
BRDA:184,3,1,18
BRDA:188,4,0,5
BRDA:189,5,0,4
BRDA:189,5,1,1
BRDA:198,6,0,116
BRDA:199,7,0,153
BRDA:199,7,1,151
BRDA:202,8,0,150
BRDA:202,8,1,126
BRDA:202,8,2,117
BRDA:202,8,3,116
BRDA:202,8,4,116
BRDA:202,8,5,115
BRDA:212,9,0,112
BRDA:212,9,1,4
BRDA:212,10,0,116
BRDA:212,10,1,116
BRDA:215,11,0,4
BRDA:215,11,1,112
BRDA:219,12,0,2
BRDA:219,12,1,2
BRF:27
BRH:27
end_of_record
TN:
SF:src\typescript\base\no-unsafe-object-assignment.ts
FN:13,(anonymous_0)
FN:54,(anonymous_1)
FN:56,(anonymous_2)
FN:65,(anonymous_3)
FN:68,(anonymous_4)
FN:71,(anonymous_5)
FN:74,(anonymous_6)
FN:77,(anonymous_7)
FN:82,lintDestSource
FN:97,lintNode
FN:112,lintProperties
FN:120,lintProperties1
FN:134,lintProperties2
FN:153,lintProperties3
FN:194,lintSignatures
FN:221,lintTypes
FNF:16
FNH:16
FNDA:220,(anonymous_0)
FNDA:16,(anonymous_1)
FNDA:4,(anonymous_2)
FNDA:2,(anonymous_3)
FNDA:8,(anonymous_4)
FNDA:4,(anonymous_5)
FNDA:8,(anonymous_6)
FNDA:26,(anonymous_7)
FNDA:30,lintDestSource
FNDA:15,lintNode
FNDA:31,lintProperties
FNDA:31,lintProperties1
FNDA:32,lintProperties2
FNDA:33,lintProperties3
FNDA:19,lintSignatures
FNDA:27,lintTypes
DA:2,220
DA:3,220
DA:8,220
DA:11,220
DA:13,220
DA:14,220
DA:15,220
DA:18,220
DA:55,16
DA:57,4
DA:59,3
DA:60,2
DA:66,2
DA:69,8
DA:72,4
DA:75,8
DA:78,26
DA:83,30
DA:89,15
DA:91,15
DA:93,15
DA:98,15
DA:104,13
DA:106,13
DA:108,13
DA:117,31
DA:125,31
DA:126,32
DA:128,32
DA:131,22
DA:139,32
DA:141,32
DA:142,33
DA:144,33
DA:145,23
DA:148,9
DA:158,33
DA:160,22
DA:161,52
DA:164,50
DA:166,50
DA:167,48
DA:172,48
DA:177,48
DA:178,8
DA:184,2
DA:191,12
DA:199,19
DA:200,36
DA:202,36
DA:204,36
DA:205,6
DA:206,2
DA:212,4
DA:214,4
DA:218,16
DA:227,27
DA:230,27
LF:58
LH:58
BRDA:13,0,0,220
BRDA:13,0,1,220
BRDA:57,1,0,1
BRDA:57,1,1,3
BRDA:59,2,0,2
BRDA:59,2,1,1
BRDA:72,3,0,2
BRDA:75,4,0,7
BRDA:78,5,0,24
BRDA:83,6,0,15
BRDA:83,6,1,15
BRDA:84,7,0,30
BRDA:84,7,1,26
BRDA:98,8,0,2
BRDA:98,8,1,13
BRDA:99,9,0,15
BRDA:99,9,1,15
BRDA:108,10,0,12
BRDA:125,11,0,1
BRDA:125,11,1,30
BRDA:128,12,0,9
BRDA:141,13,0,4
BRDA:141,13,1,28
BRDA:144,14,0,10
BRDA:144,14,1,23
BRDA:158,15,0,11
BRDA:161,16,0,2
BRDA:161,16,1,50
BRDA:166,17,0,48
BRDA:166,17,1,2
BRDA:177,18,0,8
BRDA:177,19,0,48
BRDA:177,19,1,8
BRDA:204,20,0,6
BRDA:204,21,0,36
BRDA:204,21,1,6
BRDA:205,22,0,2
BRDA:205,23,0,6
BRDA:205,23,1,2
BRDA:214,24,0,1
BRDA:227,25,0,8
BRDA:227,25,1,19
BRDA:227,26,0,27
BRDA:227,26,1,27
BRDA:230,27,0,11
BRF:45
BRH:45
end_of_record
TN:
SF:src\typescript\base\prefer-enum.ts
FN:9,(anonymous_0)
FN:34,(anonymous_1)
FN:36,(anonymous_2)
FN:47,(anonymous_3)
FN:50,(anonymous_4)
FN:56,(anonymous_5)
FN:69,lintLiteral
FN:75,(anonymous_7)
FNF:8
FNH:8
FNDA:220,(anonymous_0)
FNDA:4,(anonymous_1)
FNDA:17,(anonymous_2)
FNDA:31,(anonymous_3)
FNDA:5,(anonymous_4)
FNDA:10,(anonymous_5)
FNDA:44,lintLiteral
FNDA:20,(anonymous_7)
DA:3,220
DA:4,220
DA:7,220
DA:9,220
DA:11,220
DA:13,220
DA:16,220
DA:35,4
DA:37,17
DA:39,17
DA:40,17
DA:41,6
DA:43,17
DA:44,7
DA:48,31
DA:51,5
DA:53,5
DA:57,10
DA:62,1
DA:70,44
DA:76,20
DA:80,10
LF:22
LH:22
BRDA:9,0,0,220
BRDA:9,0,1,220
BRDA:39,1,0,17
BRDA:40,2,0,6
BRDA:43,3,0,7
BRDA:53,4,0,1
BRDA:54,5,0,5
BRDA:54,5,1,5
BRDA:57,6,0,10
BRDA:57,6,1,10
BRDA:57,6,2,10
BRDA:70,7,0,10
BRDA:71,8,0,44
BRDA:71,8,1,15
BRDA:71,8,2,10
BRDA:71,8,3,10
BRDA:76,9,0,20
BRDA:76,9,1,10
BRF:18
BRH:18
end_of_record
TN:
SF:src\utils\TypeCheck.ts
FN:25,(anonymous_0)
FN:48,(anonymous_1)
FN:60,(anonymous_2)
FN:72,(anonymous_3)
FN:89,(anonymous_4)
FN:104,(anonymous_5)
FN:117,(anonymous_6)
FN:127,(anonymous_7)
FN:139,(anonymous_8)
FN:152,(anonymous_9)
FN:164,(anonymous_10)
FN:174,(anonymous_11)
FN:185,(anonymous_12)
FN:198,(anonymous_13)
FN:209,(anonymous_14)
FN:221,(anonymous_15)
FN:232,(anonymous_16)
FN:246,(anonymous_17)
FN:254,(anonymous_18)
FN:259,(anonymous_19)
FN:264,(anonymous_20)
FN:267,(anonymous_21)
FN:285,(anonymous_22)
FN:296,(anonymous_23)
FN:308,(anonymous_24)
FN:312,(anonymous_25)
FN:323,(anonymous_26)
FN:324,(anonymous_27)
FN:334,(anonymous_28)
FN:335,(anonymous_29)
FN:346,(anonymous_30)
FN:384,(anonymous_31)
FN:390,(anonymous_32)
FN:446,(anonymous_33)
FN:496,(anonymous_34)
FN:497,(anonymous_35)
FN:507,(anonymous_36)
FN:508,(anonymous_37)
FN:517,(anonymous_38)
FN:534,(anonymous_39)
FN:537,recurs
FN:543,(anonymous_41)
FN:555,(anonymous_42)
FN:558,recurs
FN:566,(anonymous_44)
FN:641,checkTypeFlags
FN:654,(anonymous_46)
FN:664,isExpectedFlags
FNF:48
FNH:48
FNDA:540,(anonymous_0)
FNDA:5,(anonymous_1)
FNDA:9,(anonymous_2)
FNDA:13,(anonymous_3)
FNDA:44,(anonymous_4)
FNDA:72,(anonymous_5)
FNDA:9,(anonymous_6)
FNDA:11,(anonymous_7)
FNDA:329,(anonymous_8)
FNDA:2,(anonymous_9)
FNDA:34,(anonymous_10)
FNDA:9,(anonymous_11)
FNDA:78,(anonymous_12)
FNDA:5,(anonymous_13)
FNDA:35,(anonymous_14)
FNDA:8,(anonymous_15)
FNDA:104,(anonymous_16)
FNDA:9,(anonymous_17)
FNDA:8,(anonymous_18)
FNDA:10,(anonymous_19)
FNDA:8,(anonymous_20)
FNDA:6,(anonymous_21)
FNDA:1,(anonymous_22)
FNDA:30,(anonymous_23)
FNDA:252,(anonymous_24)
FNDA:26,(anonymous_25)
FNDA:116,(anonymous_26)
FNDA:74,(anonymous_27)
FNDA:115,(anonymous_28)
FNDA:3,(anonymous_29)
FNDA:365,(anonymous_30)
FNDA:2,(anonymous_31)
FNDA:3,(anonymous_32)
FNDA:3,(anonymous_33)
FNDA:126,(anonymous_34)
FNDA:31,(anonymous_35)
FNDA:117,(anonymous_36)
FNDA:8,(anonymous_37)
FNDA:159,(anonymous_38)
FNDA:141,(anonymous_39)
FNDA:153,recurs
FNDA:12,(anonymous_41)
FNDA:18,(anonymous_42)
FNDA:171,recurs
FNDA:153,(anonymous_44)
FNDA:263,checkTypeFlags
FNDA:50,(anonymous_46)
FNDA:135,isExpectedFlags
DA:1,220
DA:2,220
DA:3,220
DA:5,220
DA:13,220
DA:17,220
DA:18,540
DA:26,540
DA:28,540
DA:30,540
DA:37,540
DA:38,540
DA:39,540
DA:49,5
DA:61,9
DA:63,9
DA:73,13
DA:75,13
DA:90,44
DA:92,44
DA:108,72
DA:118,9
DA:128,11
DA:130,11
DA:140,329
DA:142,329
DA:153,2
DA:155,2
DA:165,34
DA:175,9
DA:188,78
DA:199,5
DA:211,35
DA:222,8
DA:233,104
DA:247,9
DA:249,7
DA:250,7
DA:252,7
DA:255,8
DA:260,10
DA:264,8
DA:268,6
DA:272,5
DA:275,2
DA:286,1
DA:298,30
DA:309,252
DA:312,26
DA:324,116
DA:335,115
DA:347,365
DA:348,295
DA:350,40
DA:353,5
DA:362,21
DA:371,10
DA:379,34
DA:380,2
DA:382,2
DA:384,2
DA:385,2
DA:389,32
DA:390,2
DA:391,3
DA:394,30
DA:396,30
DA:407,8
DA:416,5
DA:419,7
DA:422,14
DA:430,11
DA:441,10
DA:444,3
DA:447,3
DA:455,14
DA:463,4
DA:471,1
DA:480,86
DA:483,22
DA:486,70
DA:497,126
DA:508,117
DA:518,159
DA:524,540
DA:526,540
DA:535,141
DA:538,153
DA:540,146
DA:542,11
DA:543,12
DA:545,7
DA:556,18
DA:559,171
DA:563,18
DA:565,153
DA:566,153
DA:568,135
DA:571,18
DA:574,27
DA:578,18
DA:582,18
DA:586,18
DA:590,18
DA:594,18
DA:600,220
DA:616,220
DA:627,220
DA:642,263
DA:643,5
DA:645,5
DA:648,2
DA:651,260
DA:654,50
DA:665,135
LF:115
LH:115
BRDA:49,0,0,4
BRDA:49,0,1,1
BRDA:75,1,0,2
BRDA:75,1,1,11
BRDA:92,2,0,43
BRDA:92,2,1,1
BRDA:188,3,0,78
BRDA:188,3,1,47
BRDA:247,4,0,2
BRDA:249,5,0,7
BRDA:252,6,0,5
BRDA:253,7,0,7
BRDA:253,7,1,6
BRDA:253,7,2,5
BRDA:253,7,3,4
BRDA:255,8,0,8
BRDA:255,8,1,7
BRDA:260,9,0,10
BRDA:260,9,1,9
BRDA:264,10,0,8
BRDA:264,10,1,7
BRDA:268,11,0,6
BRDA:268,11,1,4
BRDA:309,12,0,138
BRDA:309,12,1,114
BRDA:310,13,0,138
BRDA:310,13,1,134
BRDA:310,13,2,24
BRDA:324,14,0,23
BRDA:324,14,1,93
BRDA:335,15,0,2
BRDA:335,15,1,113
BRDA:347,16,0,295
BRDA:348,17,0,40
BRDA:348,17,1,5
BRDA:348,17,2,21
BRDA:348,17,3,10
BRDA:348,17,4,34
BRDA:348,17,5,8
BRDA:348,17,6,5
BRDA:348,17,7,7
BRDA:348,17,8,14
BRDA:348,17,9,11
BRDA:348,17,10,10
BRDA:348,17,11,3
BRDA:348,17,12,14
BRDA:348,17,13,4
BRDA:348,17,14,1
BRDA:348,17,15,86
BRDA:348,17,16,22
BRDA:354,18,0,5
BRDA:354,18,1,5
BRDA:363,19,0,21
BRDA:363,19,1,16
BRDA:379,20,0,2
BRDA:389,21,0,2
BRDA:396,22,0,17
BRDA:396,22,1,13
BRDA:396,23,0,30
BRDA:396,23,1,17
BRDA:397,24,0,17
BRDA:397,24,1,15
BRDA:408,25,0,8
BRDA:408,25,1,7
BRDA:431,26,0,11
BRDA:431,26,1,4
BRDA:431,26,2,3
BRDA:472,27,0,1
BRDA:472,27,1,1
BRDA:497,28,0,18
BRDA:497,28,1,108
BRDA:508,29,0,5
BRDA:508,29,1,112
BRDA:518,30,0,18
BRDA:518,30,1,141
BRDA:518,31,0,159
BRDA:518,31,1,18
BRDA:538,32,0,7
BRDA:540,33,0,135
BRDA:542,34,0,4
BRDA:559,35,0,18
BRDA:560,36,0,171
BRDA:560,36,1,162
BRDA:565,37,0,18
BRDA:568,38,0,9
BRDA:568,38,1,18
BRDA:568,38,2,27
BRDA:568,38,3,9
BRDA:568,38,4,18
BRDA:568,38,5,9
BRDA:568,38,6,18
BRDA:568,38,7,9
BRDA:568,38,8,18
BRDA:568,38,9,9
BRDA:568,38,10,18
BRDA:568,38,11,9
BRDA:568,38,12,18
BRDA:642,39,0,5
BRDA:645,40,0,3
BRDA:652,41,0,260
BRDA:652,41,1,158
BRDA:652,41,2,27
BRF:102
BRH:102
end_of_record
TN:
SF:src\utils\compare.ts
FN:10,compare
FNF:1
FNH:1
FNDA:389,compare
DA:1,220
DA:10,220
DA:11,389
LF:3
LH:3
BRF:0
BRH:0
end_of_record
TN:
SF:src\utils\configurable-selector.ts
FN:12,get
FNF:1
FNH:1
FNDA:11,get
DA:1,220
DA:2,220
DA:12,220
DA:13,11
DA:16,11
DA:18,11
DA:23,11
DA:25,11
LF:8
LH:8
BRDA:16,0,0,1
BRDA:16,0,1,10
BRF:2
BRH:2
end_of_record
TN:
SF:src\utils\create-rule.internal.ts
FN:40,createContext
FN:62,(anonymous_1)
FN:63,(anonymous_2)
FN:65,(anonymous_3)
FN:66,(anonymous_4)
FN:73,(anonymous_5)
FN:78,(anonymous_6)
FN:79,(anonymous_7)
FN:82,(anonymous_8)
FN:97,(anonymous_9)
FN:99,(anonymous_10)
FN:128,(anonymous_11)
FN:140,(anonymous_12)
FN:154,(anonymous_13)
FN:172,(anonymous_14)
FN:189,getCommentRanges
FN:190,(anonymous_16)
FN:193,getFullRange
FN:195,(anonymous_18)
FN:200,getText
FN:210,identifierFromPath
FN:218,(anonymous_21)
FN:219,(anonymous_22)
FN:231,stripExtension
FN:238,textFromPath
FN:251,(anonymous_25)
FN:252,(anonymous_26)
FN:264,getProjectConfig
FN:333,shouldBeLinted
FN:352,stripBase
FNF:30
FNH:30
FNDA:540,createContext
FNDA:85,(anonymous_1)
FNDA:26,(anonymous_2)
FNDA:188,(anonymous_3)
FNDA:27,(anonymous_4)
FNDA:92,(anonymous_5)
FNDA:14,(anonymous_6)
FNDA:25,(anonymous_7)
FNDA:194,(anonymous_8)
FNDA:40,(anonymous_9)
FNDA:40,(anonymous_10)
FNDA:540,(anonymous_11)
FNDA:77,(anonymous_12)
FNDA:101,(anonymous_13)
FNDA:101,(anonymous_14)
FNDA:668,getCommentRanges
FNDA:92,(anonymous_16)
FNDA:546,getFullRange
FNDA:41,(anonymous_18)
FNDA:231,getText
FNDA:111,identifierFromPath
FNDA:120,(anonymous_21)
FNDA:116,(anonymous_22)
FNDA:146,stripExtension
FNDA:11,textFromPath
FNDA:9,(anonymous_25)
FNDA:9,(anonymous_26)
FNDA:543,getProjectConfig
FNDA:101,shouldBeLinted
FNDA:107,stripBase
DA:17,221
DA:18,221
DA:19,221
DA:23,221
DA:24,221
DA:26,221
DA:40,221
DA:50,540
DA:52,540
DA:54,540
DA:56,540
DA:58,540
DA:63,85
DA:65,188
DA:67,27
DA:69,27
DA:71,27
DA:73,92
DA:78,14
DA:80,25
DA:83,194
DA:84,178
DA:86,178
DA:88,178
DA:91,131
DA:98,40
DA:100,40
DA:101,1
DA:103,1
DA:106,39
DA:107,4
DA:109,4
DA:112,35
DA:118,6
DA:120,6
DA:122,6
DA:125,29
DA:129,540
DA:134,540
DA:136,540
DA:139,540
DA:141,77
DA:142,77
DA:145,77
DA:147,77
DA:153,77
DA:154,101
DA:161,77
DA:163,77
DA:169,77
DA:172,101
DA:176,77
DA:180,540
DA:190,668
DA:194,546
DA:195,41
DA:203,231
DA:205,174
DA:207,54
DA:211,111
DA:213,111
DA:215,111
DA:217,110
DA:218,120
DA:220,116
DA:226,110
DA:232,146
DA:233,634
DA:235,98
DA:243,11
DA:245,11
DA:247,11
DA:249,9
DA:251,9
DA:252,9
DA:254,9
DA:264,221
DA:265,543
DA:266,542
DA:268,542
DA:271,2
DA:321,221
DA:334,101
DA:340,101
DA:342,101
DA:353,107
DA:358,107
LF:87
LH:87
BRDA:83,0,0,178
BRDA:88,1,0,63
BRDA:100,2,0,1
BRDA:106,3,0,4
BRDA:112,4,0,6
BRDA:113,5,0,35
BRDA:113,5,1,34
BRDA:113,5,2,34
BRDA:113,5,3,31
BRDA:139,6,0,77
BRDA:139,6,1,463
BRDA:139,7,0,540
BRDA:139,7,1,489
BRDA:139,7,2,463
BRDA:145,8,0,53
BRDA:145,8,1,24
BRDA:145,9,0,77
BRDA:145,9,1,77
BRDA:203,10,0,57
BRDA:205,11,0,120
BRDA:215,12,0,1
BRDA:218,13,0,120
BRDA:218,13,1,110
BRDA:222,14,0,6
BRDA:222,14,1,110
BRDA:226,15,0,14
BRDA:226,15,1,96
BRDA:226,16,0,110
BRDA:226,16,1,29
BRDA:233,17,0,48
BRDA:247,18,0,2
BRDA:251,19,0,9
BRDA:251,19,1,9
BRDA:254,20,0,5
BRDA:254,20,1,4
BRDA:264,21,0,540
BRDA:265,22,0,542
BRDA:268,23,0,541
BRDA:335,24,0,2
BRDA:335,24,1,99
BRDA:335,25,0,101
BRDA:335,25,1,101
BRDA:335,26,0,2
BRDA:335,26,1,99
BRDA:335,27,0,101
BRDA:335,27,1,101
BRDA:352,28,0,6
BRF:47
BRH:47
end_of_record
TN:
SF:src\utils\create-rule.ts
FN:24,createRule
FN:58,(anonymous_1)
FN:62,(anonymous_2)
FN:88,(anonymous_3)
FNF:4
FNH:4
FNDA:8360,createRule
FNDA:8360,(anonymous_1)
FNDA:540,(anonymous_2)
FNDA:391,(anonymous_3)
DA:12,220
DA:13,220
DA:15,220
DA:16,220
DA:24,220
DA:41,8360
DA:43,8360
DA:57,8360
DA:58,8360
DA:61,8360
DA:66,540
DA:68,540
DA:70,540
DA:72,540
DA:74,540
DA:75,391
DA:80,391
DA:81,391
DA:83,391
DA:84,391
DA:86,391
DA:89,391
DA:90,45
DA:92,391
DA:93,254
DA:99,149
LF:26
LH:26
BRDA:74,0,0,391
BRDA:74,1,0,540
BRDA:74,1,1,391
BRDA:80,2,0,391
BRDA:89,3,0,45
BRDA:92,4,0,254
BRDA:101,5,0,3080
BRDA:101,5,1,5280
BRDA:101,6,0,8360
BRDA:101,6,1,8360
BRF:10
BRH:10
end_of_record
TN:
SF:src\utils\index.ts
FN:6,(anonymous_0)
FN:7,(anonymous_1)
FN:8,(anonymous_2)
FNF:3
FNH:3
FNDA:4,(anonymous_0)
FNDA:8360,(anonymous_1)
FNDA:1478,(anonymous_2)
DA:1,220
DA:2,220
DA:3,220
DA:4,220
DA:5,220
DA:6,224
DA:7,8580
DA:8,1698
LF:8
LH:8
BRF:0
BRH:0
end_of_record
TN:
SF:src\utils\misc.ts
FN:72,createFileMatcher
FN:81,(anonymous_1)
FN:82,(anonymous_2)
FN:87,(anonymous_3)
FN:87,(anonymous_4)
FN:88,(anonymous_5)
FN:98,(anonymous_6)
FN:99,(anonymous_7)
FN:109,createRegexpMatcher
FN:116,(anonymous_9)
FN:117,(anonymous_10)
FN:123,(anonymous_11)
FN:123,(anonymous_12)
FN:124,(anonymous_13)
FN:133,mergeListeners
FN:143,(anonymous_15)
FN:145,(anonymous_16)
FN:162,nodeText
FN:184,selector
FN:197,setCasing
FN:219,wrapRule
FN:241,(anonymous_21)
FN:242,(anonymous_22)
FN:254,(anonymous_23)
FNF:24
FNH:24
FNDA:350,createFileMatcher
FNDA:48,(anonymous_1)
FNDA:127,(anonymous_2)
FNDA:75,(anonymous_3)
FNDA:127,(anonymous_4)
FNDA:30,(anonymous_5)
FNDA:56,(anonymous_6)
FNDA:98,(anonymous_7)
FNDA:42,createRegexpMatcher
FNDA:18,(anonymous_9)
FNDA:29,(anonymous_10)
FNDA:29,(anonymous_11)
FNDA:29,(anonymous_12)
FNDA:15,(anonymous_13)
FNDA:300,mergeListeners
FNDA:931,(anonymous_15)
FNDA:876,(anonymous_16)
FNDA:367,nodeText
FNDA:579,selector
FNDA:162,setCasing
FNDA:39600,wrapRule
FNDA:230,(anonymous_21)
FNDA:230,(anonymous_22)
FNDA:2813,(anonymous_23)
DA:1,221
DA:10,221
DA:13,221
DA:31,221
DA:32,221
DA:35,221
DA:37,221
DA:39,221
DA:44,221
DA:49,221
DA:54,221
DA:56,221
DA:58,221
DA:72,221
DA:77,350
DA:79,348
DA:80,234
DA:82,48
DA:83,127
DA:86,234
DA:87,127
DA:88,30
DA:91,114
DA:93,114
DA:95,114
DA:97,114
DA:98,56
DA:99,98
DA:109,221
DA:113,42
DA:115,28
DA:117,18
DA:119,29
DA:122,28
DA:123,29
DA:124,15
DA:133,221
DA:134,300
DA:136,300
DA:137,861
DA:138,954
DA:141,300
DA:143,931
DA:146,933
DA:162,221
DA:166,367
DA:168,213
DA:171,145
DA:174,9
DA:184,221
DA:185,579
DA:187,579
DA:197,221
DA:198,162
DA:200,116
DA:203,26
DA:206,16
DA:209,4
DA:219,221
DA:222,39600
DA:224,39600
DA:239,39600
DA:242,230
DA:243,230
DA:245,230
DA:250,230
DA:255,2813
LF:67
LH:67
BRDA:77,0,0,2
BRDA:79,1,0,234
BRDA:86,2,0,25
BRDA:86,2,1,209
BRDA:97,3,0,16
BRDA:97,3,1,98
BRDA:97,4,0,114
BRDA:97,4,1,109
BRDA:98,5,0,56
BRDA:98,5,1,40
BRDA:113,6,0,14
BRDA:122,7,0,18
BRDA:122,7,1,10
BRDA:166,8,0,213
BRDA:166,8,1,145
BRDA:166,8,2,9
BRDA:187,9,0,232
BRDA:187,9,1,347
BRDA:198,10,0,116
BRDA:198,10,1,26
BRDA:198,10,2,16
BRDA:198,10,3,4
BRDA:229,11,0,11220
BRDA:229,11,1,28380
BRDA:232,12,0,11220
BRDA:232,12,1,28380
BRDA:235,13,0,11220
BRDA:235,13,1,28380
BRDA:245,14,0,1
BRDA:245,14,1,229
BRDA:245,15,0,230
BRDA:245,15,1,230
BRDA:255,16,0,268
BRDA:255,16,1,2545
BRF:34
BRH:34
end_of_record
TN:
SF:src\utils\sort.internal.ts
FN:4,(anonymous_0)
FNF:1
FNH:1
FNDA:220,(anonymous_0)
DA:4,220
DA:5,220
DA:6,220
LF:3
LH:3
BRDA:4,0,0,220
BRDA:4,0,1,220
BRF:2
BRH:2
end_of_record
TN:
SF:src\utils\sort.ts
FN:18,(anonymous_0)
FN:26,(anonymous_1)
FN:30,(anonymous_2)
FN:103,sortGroup
FN:112,(anonymous_4)
FN:113,(anonymous_5)
FN:145,(anonymous_6)
FN:151,(anonymous_7)
FNF:8
FNH:8
FNDA:158,(anonymous_0)
FNDA:196,(anonymous_1)
FNDA:6,(anonymous_2)
FNDA:164,sortGroup
FNDA:367,(anonymous_4)
FNDA:381,(anonymous_5)
FNDA:1,(anonymous_6)
FNDA:52,(anonymous_7)
DA:4,220
DA:5,220
DA:7,220
DA:8,220
DA:10,220
DA:23,158
DA:27,196
DA:29,196
DA:30,190
DA:32,190
DA:34,190
DA:36,186
DA:38,182
DA:39,4
DA:41,178
DA:44,6
DA:49,158
DA:54,158
DA:59,158
DA:61,158
DA:62,379
DA:64,379
DA:66,6
DA:67,6
DA:71,158
DA:108,164
DA:109,111
DA:111,111
DA:112,367
DA:113,381
DA:116,111
DA:122,111
DA:123,367
DA:126,153
DA:128,153
DA:129,153
DA:130,153
DA:136,111
DA:137,53
DA:142,53
DA:143,1
DA:145,1
DA:150,52
DA:151,52
LF:44
LH:44
BRDA:29,0,0,190
BRDA:34,1,0,4
BRDA:36,2,0,4
BRDA:36,3,0,186
BRDA:36,3,1,14
BRDA:38,4,0,4
BRDA:38,5,0,182
BRDA:38,5,1,26
BRDA:49,6,0,2
BRDA:49,6,1,156
BRDA:54,7,0,10
BRDA:54,7,1,148
BRDA:64,8,0,373
BRDA:64,8,1,6
BRDA:108,9,0,111
BRDA:123,10,0,214
BRDA:123,10,1,153
BRDA:128,11,0,100
BRDA:128,11,1,53
BRDA:129,12,0,100
BRDA:129,12,1,53
BRDA:136,13,0,53
BRDA:142,14,0,1
BRDA:142,14,1,52
BRF:24
BRH:24
end_of_record
TN:
SF:src\utils\synonyms.ts
FN:13,getSynonyms
FN:18,(anonymous_1)
FN:25,(anonymous_2)
FN:26,(anonymous_3)
FNF:4
FNH:4
FNDA:222,getSynonyms
FNDA:47961,(anonymous_1)
FNDA:5282,(anonymous_2)
FNDA:74802,(anonymous_3)
DA:2,220
DA:3,220
DA:13,220
DA:17,222
DA:18,47961
DA:20,221
DA:22,221
DA:24,221
DA:26,5282
DA:27,74802
DA:30,5282
DA:34,221
DA:37,1
LF:13
LH:13
BRDA:17,0,0,221
BRDA:30,1,0,5281
BRDA:30,1,1,1
BRF:3
BRH:3
end_of_record
TN:
SF:src\utils\test.ts
FN:22,getMessageId
FN:26,(anonymous_1)
FN:38,testRule
FN:63,(anonymous_3)
FN:67,(anonymous_4)
FN:74,(anonymous_5)
FNF:6
FNH:6
FNDA:218,getMessageId
FNDA:260,(anonymous_1)
FNDA:218,testRule
FNDA:390,(anonymous_3)
FNDA:602,(anonymous_4)
FNDA:86,(anonymous_5)
DA:12,220
DA:13,220
DA:14,220
DA:22,220
DA:25,218
DA:26,260
DA:38,220
DA:48,218
DA:61,218
DA:63,390
DA:67,602
DA:74,86
LF:12
LH:12
BRDA:46,0,0,182
BRDA:69,1,0,19
BRDA:69,1,1,371
BRDA:69,2,0,390
BRDA:69,2,1,390
BRDA:70,3,0,64
BRDA:70,3,1,326
BRDA:70,4,0,390
BRDA:70,4,1,390
BRDA:77,5,0,14
BRDA:77,5,1,72
BRDA:77,6,0,86
BRDA:77,6,1,86
BRF:13
BRH:13
end_of_record
TN:
SF:src\utils\types\index.ts
FNF:0
FNH:0
DA:1,221
DA:2,221
DA:3,221
DA:4,221
LF:4
LH:4
BRF:0
BRH:0
end_of_record
TN:
SF:src\utils\types\misc.ts
FN:9,(anonymous_0)
FN:17,(anonymous_1)
FN:22,(anonymous_2)
FNF:3
FNH:3
FNDA:221,(anonymous_0)
FNDA:221,(anonymous_1)
FNDA:221,(anonymous_2)
DA:9,221
DA:10,221
DA:12,221
DA:14,221
DA:17,221
DA:18,221
DA:19,221
DA:22,221
DA:23,221
DA:24,221
DA:25,221
DA:26,221
DA:27,221
DA:28,221
DA:29,221
DA:30,221
DA:31,221
DA:32,221
DA:33,221
DA:34,221
DA:35,221
DA:36,221
DA:37,221
DA:38,221
DA:39,221
LF:25
LH:25
BRDA:9,0,0,221
BRDA:9,0,1,221
BRDA:17,1,0,221
BRDA:17,1,1,221
BRDA:22,2,0,221
BRDA:22,2,1,221
BRF:6
BRH:6
end_of_record
TN:
SF:src\vue\component-name.ts
FNF:0
FNH:0
DA:1,220
DA:2,220
DA:4,220
LF:3
LH:3
BRF:0
BRH:0
end_of_record
TN:
SF:src\vue\index.ts
FNF:0
FNH:0
DA:1,220
DA:2,220
DA:3,220
DA:4,220
DA:5,220
DA:7,220
LF:6
LH:6
BRF:0
BRH:0
end_of_record
TN:
SF:src\vue\no-complex-declarator-type.ts
FNF:0
FNH:0
DA:1,220
DA:2,220
DA:4,220
LF:3
LH:3
BRF:0
BRH:0
end_of_record
TN:
SF:src\vue\no-complex-return-type.ts
FNF:0
FNH:0
DA:1,220
DA:2,220
DA:4,220
LF:3
LH:3
BRF:0
BRH:0
end_of_record
TN:
SF:src\vue\base\element-contents-spacing.ts
FN:9,(anonymous_0)
FN:39,(anonymous_1)
FN:40,(anonymous_2)
FN:44,(anonymous_3)
FN:62,(anonymous_4)
FN:69,(anonymous_5)
FNF:6
FNH:6
FNDA:220,(anonymous_0)
FNDA:10,(anonymous_1)
FNDA:36,(anonymous_2)
FNDA:36,(anonymous_3)
FNDA:5,(anonymous_4)
FNDA:4,(anonymous_5)
DA:1,220
DA:6,220
DA:9,220
DA:10,220
DA:11,220
DA:14,220
DA:39,10
DA:41,36
DA:42,36
DA:44,36
DA:45,36
DA:47,36
DA:49,36
DA:51,36
DA:54,36
DA:56,36
DA:58,36
DA:60,36
DA:61,5
DA:62,5
DA:67,36
DA:68,4
DA:69,4
LF:23
LH:23
BRDA:9,0,0,220
BRDA:9,0,1,220
BRDA:41,1,0,36
BRDA:60,2,0,5
BRDA:60,3,0,36
BRDA:60,3,1,24
BRDA:60,3,2,21
BRDA:67,4,0,4
BRDA:67,5,0,36
BRDA:67,5,1,12
BRDA:67,5,2,10
BRF:11
BRH:11
end_of_record
TN:
SF:src\vue\base\index.ts
FNF:0
FNH:0
DA:1,220
DA:2,220
DA:3,220
DA:5,220
LF:4
LH:4
BRF:0
BRH:0
end_of_record
TN:
SF:src\vue\base\no-readonly-v-model.ts
FN:11,(anonymous_0)
FN:64,(anonymous_1)
FN:71,(anonymous_2)
FN:103,(anonymous_3)
FN:108,(anonymous_4)
FN:112,(anonymous_5)
FN:118,lintDirective
FN:126,(anonymous_7)
FN:144,lintType
FNF:9
FNH:9
FNDA:220,(anonymous_0)
FNDA:9,(anonymous_1)
FNDA:9,(anonymous_2)
FNDA:5,(anonymous_3)
FNDA:4,(anonymous_4)
FNDA:9,(anonymous_5)
FNDA:9,lintDirective
FNDA:9,(anonymous_7)
FNDA:11,lintType
DA:3,220
DA:5,220
DA:7,220
DA:11,220
DA:12,220
DA:15,220
DA:65,9
DA:68,9
DA:70,9
DA:72,9
DA:73,9
DA:74,9
DA:76,9
DA:81,7
DA:87,9
DA:94,2
DA:104,5
DA:105,5
DA:109,4
DA:110,4
DA:113,9
DA:114,9
DA:123,9
DA:125,9
DA:126,9
DA:127,9
DA:129,9
DA:131,9
DA:132,5
DA:134,5
DA:137,5
DA:140,9
DA:150,11
DA:152,11
DA:153,10
DA:154,2
DA:160,8
DA:161,4
LF:38
LH:38
BRDA:11,0,0,220
BRDA:11,0,1,220
BRDA:73,1,0,9
BRDA:73,2,0,9
BRDA:73,2,1,9
BRDA:76,3,0,7
BRDA:77,4,0,9
BRDA:77,4,1,9
BRDA:77,4,2,7
BRDA:87,5,0,2
BRDA:88,6,0,9
BRDA:88,6,1,9
BRDA:88,6,2,2
BRDA:88,6,3,2
BRDA:88,6,4,2
BRDA:104,7,0,5
BRDA:109,8,0,4
BRDA:113,9,0,9
BRDA:113,10,0,9
BRDA:113,10,1,9
BRDA:125,11,0,9
BRDA:131,12,0,5
BRDA:131,13,0,9
BRDA:131,13,1,9
BRDA:134,14,0,4
BRDA:152,15,0,10
BRDA:153,16,0,2
BRDA:153,16,1,8
BRDA:160,17,0,4
BRDA:160,17,1,4
BRF:30
BRH:30
end_of_record
TN:
SF:src\vue\base\sort-v-bind.ts
FN:6,(anonymous_0)
FN:27,(anonymous_1)
FN:28,(anonymous_2)
FN:31,(anonymous_3)
FN:40,(anonymous_4)
FNF:5
FNH:5
FNDA:220,(anonymous_0)
FNDA:3,(anonymous_1)
FNDA:8,(anonymous_2)
FNDA:10,(anonymous_3)
FNDA:8,(anonymous_4)
DA:1,220
DA:4,220
DA:6,220
DA:7,220
DA:10,220
DA:27,3
DA:29,8
DA:30,5
DA:32,10
DA:37,5
DA:40,8
DA:43,1
LF:12
LH:12
BRDA:6,0,0,220
BRDA:6,0,1,220
BRDA:29,1,0,5
BRDA:32,2,0,10
BRDA:32,2,1,6
BRDA:32,2,2,3
BRDA:37,3,0,1
BRDA:38,4,0,5
BRDA:38,4,1,3
BRDA:40,5,0,8
BRDA:40,5,1,2
BRF:11
BRH:11
end_of_record
